08:48:18.376 [main] INFO  com.example.tripadvisor.TripAdvisorApplication - Starting TripAdvisorApplication using Java 1.8.0_131 on Alphabeta with PID 16044 (D:\TempProjects\TripAdvisor\target\classes started by EMPEROR PALPATINE in D:\TempProjects\TripAdvisor)
08:48:18.382 [main] INFO  com.example.tripadvisor.TripAdvisorApplication - No active profile set, falling back to default profiles: default
08:48:21.435 [main] INFO  o.s.boot.web.embedded.tomcat.TomcatWebServer - Tomcat initialized with port(s): 9999 (http)
08:48:21.448 [main] INFO  org.apache.coyote.http11.Http11NioProtocol - Initializing ProtocolHandler ["http-nio-9999"]
08:48:21.449 [main] INFO  org.apache.catalina.core.StandardService - Starting service [Tomcat]
08:48:21.449 [main] INFO  org.apache.catalina.core.StandardEngine - Starting Servlet engine: [Apache Tomcat/9.0.52]
08:48:21.587 [main] INFO  o.a.c.core.ContainerBase.[Tomcat].[localhost].[/] - Initializing Spring embedded WebApplicationContext
08:48:21.588 [main] INFO  o.s.b.w.s.c.ServletWebServerApplicationContext - Root WebApplicationContext: initialization completed in 3085 ms
08:48:27.658 [main] INFO  o.s.security.web.DefaultSecurityFilterChain - Will secure any request with [org.springframework.security.web.context.request.async.WebAsyncManagerIntegrationFilter@3f6f3cc, org.springframework.security.web.context.SecurityContextPersistenceFilter@48eaf42f, org.springframework.security.web.header.HeaderWriterFilter@1a464fa3, org.springframework.web.filter.CorsFilter@180b3819, org.springframework.security.web.authentication.logout.LogoutFilter@664212ab, org.springframework.security.web.authentication.UsernamePasswordAuthenticationFilter@a6e4897, org.springframework.security.web.savedrequest.RequestCacheAwareFilter@1c93b51e, org.springframework.security.web.servletapi.SecurityContextHolderAwareRequestFilter@c7f4457, org.springframework.security.web.authentication.AnonymousAuthenticationFilter@733c464f, org.springframework.security.web.session.SessionManagementFilter@5ccb85d6, org.springframework.security.web.access.ExceptionTranslationFilter@4099209b, org.springframework.security.web.access.intercept.FilterSecurityInterceptor@72bd2871]
08:48:27.804 [main] INFO  org.apache.coyote.http11.Http11NioProtocol - Starting ProtocolHandler ["http-nio-9999"]
08:48:27.838 [main] INFO  o.s.boot.web.embedded.tomcat.TomcatWebServer - Tomcat started on port(s): 9999 (http) with context path ''
08:48:27.860 [main] INFO  com.example.tripadvisor.TripAdvisorApplication - Started TripAdvisorApplication in 10.368 seconds (JVM running for 16.238)
08:49:29.997 [http-nio-9999-exec-1] INFO  o.a.c.core.ContainerBase.[Tomcat].[localhost].[/] - Initializing Spring DispatcherServlet 'dispatcherServlet'
08:49:29.998 [http-nio-9999-exec-1] INFO  org.springframework.web.servlet.DispatcherServlet - Initializing Servlet 'dispatcherServlet'
08:49:30.000 [http-nio-9999-exec-1] INFO  org.springframework.web.servlet.DispatcherServlet - Completed initialization in 2 ms
08:49:50.562 [http-nio-9999-exec-9] INFO  com.zaxxer.hikari.HikariDataSource - HikariPool-1 - Starting...
08:49:50.852 [http-nio-9999-exec-9] INFO  com.zaxxer.hikari.HikariDataSource - HikariPool-1 - Start completed.
09:46:29.010 [http-nio-9999-exec-6] INFO  com.example.tripadvisor.aop.LogAOP - Log(url=/backstage/admin/all, visitTime=Sun Jun 25 09:46:28 CST 2023, username=1, ip=0:0:0:0:0:0:0:1, executionTime=27, exceptionMessage=null)
09:46:41.001 [http-nio-9999-exec-5] INFO  com.example.tripadvisor.aop.LogAOP - Log(url=/backstage/admin/add, visitTime=Sun Jun 25 09:46:40 CST 2023, username=1, ip=0:0:0:0:0:0:0:1, executionTime=119, exceptionMessage=null)
09:46:41.021 [http-nio-9999-exec-2] INFO  com.example.tripadvisor.aop.LogAOP - Log(url=/backstage/admin/all, visitTime=Sun Jun 25 09:46:41 CST 2023, username=1, ip=0:0:0:0:0:0:0:1, executionTime=12, exceptionMessage=null)
09:46:49.219 [http-nio-9999-exec-9] INFO  com.example.tripadvisor.aop.LogAOP - Log(url=/backstage/admin/desc, visitTime=Sun Jun 25 09:46:49 CST 2023, username=1, ip=0:0:0:0:0:0:0:1, executionTime=12, exceptionMessage=null)
09:46:55.062 [http-nio-9999-exec-1] INFO  com.example.tripadvisor.aop.LogAOP - Log(url=/backstage/admin/all, visitTime=Sun Jun 25 09:46:55 CST 2023, username=1, ip=0:0:0:0:0:0:0:1, executionTime=13, exceptionMessage=null)
09:46:57.634 [http-nio-9999-exec-2] INFO  com.example.tripadvisor.aop.LogAOP - Log(url=/backstage/admin/desc, visitTime=Sun Jun 25 09:46:57 CST 2023, username=1, ip=0:0:0:0:0:0:0:1, executionTime=6, exceptionMessage=null)
09:47:05.895 [http-nio-9999-exec-6] INFO  com.example.tripadvisor.aop.LogAOP - Log(url=/backstage/admin/all, visitTime=Sun Jun 25 09:47:05 CST 2023, username=1, ip=0:0:0:0:0:0:0:1, executionTime=10, exceptionMessage=null)
09:47:08.415 [http-nio-9999-exec-1] INFO  com.example.tripadvisor.aop.LogAOP - Log(url=/backstage/admin/desc, visitTime=Sun Jun 25 09:47:08 CST 2023, username=1, ip=0:0:0:0:0:0:0:1, executionTime=8, exceptionMessage=null)
09:47:09.887 [http-nio-9999-exec-6] INFO  com.example.tripadvisor.aop.LogAOP - Log(url=/backstage/admin/all, visitTime=Sun Jun 25 09:47:09 CST 2023, username=1, ip=0:0:0:0:0:0:0:1, executionTime=15, exceptionMessage=null)
09:47:11.334 [http-nio-9999-exec-3] INFO  com.example.tripadvisor.aop.LogAOP - Log(url=/backstage/admin/findRole, visitTime=Sun Jun 25 09:47:11 CST 2023, username=1, ip=0:0:0:0:0:0:0:1, executionTime=18, exceptionMessage=null)
09:47:14.986 [http-nio-9999-exec-10] INFO  com.example.tripadvisor.aop.LogAOP - Log(url=/backstage/admin/updateRole, visitTime=Sun Jun 25 09:47:14 CST 2023, username=1, ip=0:0:0:0:0:0:0:1, executionTime=6, exceptionMessage=null)
09:47:15.000 [http-nio-9999-exec-8] INFO  com.example.tripadvisor.aop.LogAOP - Log(url=/backstage/admin/all, visitTime=Sun Jun 25 09:47:14 CST 2023, username=1, ip=0:0:0:0:0:0:0:1, executionTime=9, exceptionMessage=null)
09:47:16.384 [http-nio-9999-exec-3] INFO  com.example.tripadvisor.aop.LogAOP - Log(url=/backstage/admin/desc, visitTime=Sun Jun 25 09:47:16 CST 2023, username=1, ip=0:0:0:0:0:0:0:1, executionTime=5, exceptionMessage=null)
09:48:44.314 [http-nio-9999-exec-9] INFO  com.example.tripadvisor.aop.LogAOP - Log(url=/backstage/admin/all, visitTime=Sun Jun 25 09:48:44 CST 2023, username=1, ip=0:0:0:0:0:0:0:1, executionTime=15, exceptionMessage=null)
09:48:46.972 [http-nio-9999-exec-5] INFO  com.example.tripadvisor.aop.LogAOP - Log(url=/backstage/admin/updateStatus, visitTime=Sun Jun 25 09:48:46 CST 2023, username=1, ip=0:0:0:0:0:0:0:1, executionTime=12, exceptionMessage=null)
09:48:46.990 [http-nio-9999-exec-9] INFO  com.example.tripadvisor.aop.LogAOP - Log(url=/backstage/admin/all, visitTime=Sun Jun 25 09:48:46 CST 2023, username=1, ip=0:0:0:0:0:0:0:1, executionTime=11, exceptionMessage=null)
09:48:58.765 [http-nio-9999-exec-3] INFO  com.example.tripadvisor.aop.LogAOP - Log(url=/backstage/admin/all, visitTime=Sun Jun 25 09:48:58 CST 2023, username=1, ip=0:0:0:0:0:0:0:1, executionTime=10, exceptionMessage=null)
09:49:00.469 [http-nio-9999-exec-8] INFO  com.example.tripadvisor.aop.LogAOP - Log(url=/backstage/admin/updateStatus, visitTime=Sun Jun 25 09:49:00 CST 2023, username=1, ip=0:0:0:0:0:0:0:1, executionTime=8, exceptionMessage=null)
09:49:00.484 [http-nio-9999-exec-6] INFO  com.example.tripadvisor.aop.LogAOP - Log(url=/backstage/admin/all, visitTime=Sun Jun 25 09:49:00 CST 2023, username=1, ip=0:0:0:0:0:0:0:1, executionTime=8, exceptionMessage=null)
09:49:07.576 [http-nio-9999-exec-7] INFO  com.example.tripadvisor.aop.LogAOP - Log(url=/backstage/admin/all, visitTime=Sun Jun 25 09:49:07 CST 2023, username=AAADDD, ip=0:0:0:0:0:0:0:1, executionTime=13, exceptionMessage=null)
09:49:08.666 [http-nio-9999-exec-7] INFO  com.example.tripadvisor.aop.LogAOP - Log(url=/backstage/role/all, visitTime=Sun Jun 25 09:49:08 CST 2023, username=AAADDD, ip=0:0:0:0:0:0:0:1, executionTime=18, exceptionMessage=null)
09:49:09.307 [http-nio-9999-exec-9] INFO  com.example.tripadvisor.aop.LogAOP - Log(url=/backstage/permission/all, visitTime=Sun Jun 25 09:49:09 CST 2023, username=AAADDD, ip=0:0:0:0:0:0:0:1, executionTime=26, exceptionMessage=null)
09:49:20.478 [http-nio-9999-exec-2] INFO  com.example.tripadvisor.aop.LogAOP - Log(url=/backstage/admin/all, visitTime=Sun Jun 25 09:49:20 CST 2023, username=1, ip=0:0:0:0:0:0:0:1, executionTime=17, exceptionMessage=null)
09:49:23.848 [http-nio-9999-exec-7] INFO  com.example.tripadvisor.aop.LogAOP - Log(url=/backstage/admin/desc, visitTime=Sun Jun 25 09:49:23 CST 2023, username=1, ip=0:0:0:0:0:0:0:1, executionTime=25, exceptionMessage=null)
09:49:25.736 [http-nio-9999-exec-2] INFO  com.example.tripadvisor.aop.LogAOP - Log(url=/backstage/admin/all, visitTime=Sun Jun 25 09:49:25 CST 2023, username=1, ip=0:0:0:0:0:0:0:1, executionTime=30, exceptionMessage=null)
09:49:27.699 [http-nio-9999-exec-7] INFO  com.example.tripadvisor.aop.LogAOP - Log(url=/backstage/admin/edit, visitTime=Sun Jun 25 09:49:27 CST 2023, username=1, ip=0:0:0:0:0:0:0:1, executionTime=7, exceptionMessage=null)
09:49:33.176 [http-nio-9999-exec-1] INFO  com.example.tripadvisor.aop.LogAOP - Log(url=/backstage/admin/update, visitTime=Sun Jun 25 09:49:33 CST 2023, username=1, ip=0:0:0:0:0:0:0:1, executionTime=131, exceptionMessage=null)
09:49:33.199 [http-nio-9999-exec-10] INFO  com.example.tripadvisor.aop.LogAOP - Log(url=/backstage/admin/all, visitTime=Sun Jun 25 09:49:33 CST 2023, username=1, ip=0:0:0:0:0:0:0:1, executionTime=18, exceptionMessage=null)
09:49:40.702 [http-nio-9999-exec-8] INFO  com.example.tripadvisor.aop.LogAOP - Log(url=/backstage/admin/all, visitTime=Sun Jun 25 09:49:40 CST 2023, username=1, ip=0:0:0:0:0:0:0:1, executionTime=9, exceptionMessage=null)
09:49:45.991 [http-nio-9999-exec-2] INFO  com.example.tripadvisor.aop.LogAOP - Log(url=/backstage/admin/findRole, visitTime=Sun Jun 25 09:49:45 CST 2023, username=1, ip=0:0:0:0:0:0:0:1, executionTime=11, exceptionMessage=null)
09:49:51.565 [http-nio-9999-exec-9] INFO  com.example.tripadvisor.aop.LogAOP - Log(url=/backstage/admin/updateRole, visitTime=Sun Jun 25 09:49:51 CST 2023, username=1, ip=0:0:0:0:0:0:0:1, executionTime=11, exceptionMessage=null)
09:49:51.579 [http-nio-9999-exec-7] INFO  com.example.tripadvisor.aop.LogAOP - Log(url=/backstage/admin/all, visitTime=Sun Jun 25 09:49:51 CST 2023, username=1, ip=0:0:0:0:0:0:0:1, executionTime=9, exceptionMessage=null)
09:49:57.441 [http-nio-9999-exec-4] INFO  com.example.tripadvisor.aop.LogAOP - Log(url=/backstage/permission/all, visitTime=Sun Jun 25 09:49:57 CST 2023, username=AAADDD, ip=0:0:0:0:0:0:0:1, executionTime=11, exceptionMessage=null)
09:49:58.580 [http-nio-9999-exec-1] INFO  com.example.tripadvisor.aop.LogAOP - Log(url=/backstage/permission/all, visitTime=Sun Jun 25 09:49:58 CST 2023, username=AAADDD, ip=0:0:0:0:0:0:0:1, executionTime=10, exceptionMessage=null)
09:50:00.489 [http-nio-9999-exec-1] INFO  com.example.tripadvisor.aop.LogAOP - Log(url=/backstage/product/all, visitTime=Sun Jun 25 09:50:00 CST 2023, username=AAADDD, ip=0:0:0:0:0:0:0:1, executionTime=23, exceptionMessage=null)
09:50:01.292 [http-nio-9999-exec-6] INFO  com.example.tripadvisor.aop.LogAOP - Log(url=/backstage/category/all, visitTime=Sun Jun 25 09:50:01 CST 2023, username=AAADDD, ip=0:0:0:0:0:0:0:1, executionTime=17, exceptionMessage=null)
09:50:15.389 [http-nio-9999-exec-6] INFO  com.example.tripadvisor.aop.LogAOP - Log(url=/backstage/category/all, visitTime=Sun Jun 25 09:50:15 CST 2023, username=1, ip=0:0:0:0:0:0:0:1, executionTime=7, exceptionMessage=null)
09:50:17.095 [http-nio-9999-exec-1] INFO  com.example.tripadvisor.aop.LogAOP - Log(url=/backstage/role/all, visitTime=Sun Jun 25 09:50:17 CST 2023, username=1, ip=0:0:0:0:0:0:0:1, executionTime=9, exceptionMessage=null)
09:50:33.747 [http-nio-9999-exec-3] INFO  com.example.tripadvisor.aop.LogAOP - Log(url=/backstage/role/findPermission, visitTime=Sun Jun 25 09:50:33 CST 2023, username=1, ip=0:0:0:0:0:0:0:1, executionTime=16, exceptionMessage=null)
09:50:42.098 [http-nio-9999-exec-7] INFO  com.example.tripadvisor.aop.LogAOP - Log(url=/backstage/role/updatePermission, visitTime=Sun Jun 25 09:50:42 CST 2023, username=1, ip=0:0:0:0:0:0:0:1, executionTime=10, exceptionMessage=null)
09:50:42.111 [http-nio-9999-exec-10] INFO  com.example.tripadvisor.aop.LogAOP - Log(url=/backstage/role/all, visitTime=Sun Jun 25 09:50:42 CST 2023, username=1, ip=0:0:0:0:0:0:0:1, executionTime=8, exceptionMessage=null)
09:50:49.965 [http-nio-9999-exec-8] INFO  com.example.tripadvisor.aop.LogAOP - Log(url=/backstage/role/delete, visitTime=Sun Jun 25 09:50:49 CST 2023, username=1, ip=0:0:0:0:0:0:0:1, executionTime=9, exceptionMessage=null)
09:50:49.989 [http-nio-9999-exec-6] INFO  com.example.tripadvisor.aop.LogAOP - Log(url=/backstage/role/all, visitTime=Sun Jun 25 09:50:49 CST 2023, username=1, ip=0:0:0:0:0:0:0:1, executionTime=11, exceptionMessage=null)
09:50:57.265 [http-nio-9999-exec-2] INFO  com.example.tripadvisor.aop.LogAOP - Log(url=/backstage/permission/all, visitTime=Sun Jun 25 09:50:57 CST 2023, username=1, ip=0:0:0:0:0:0:0:1, executionTime=10, exceptionMessage=null)
09:51:07.624 [http-nio-9999-exec-9] INFO  com.example.tripadvisor.aop.LogAOP - Log(url=/backstage/memberB/allRB, visitTime=Sun Jun 25 09:51:07 CST 2023, username=1, ip=0:0:0:0:0:0:0:1, executionTime=16, exceptionMessage=null)
09:51:08.464 [http-nio-9999-exec-8] INFO  com.example.tripadvisor.aop.LogAOP - Log(url=/backstage/memberB/RA, visitTime=Sun Jun 25 09:51:08 CST 2023, username=1, ip=0:0:0:0:0:0:0:1, executionTime=8, exceptionMessage=null)
09:51:09.034 [http-nio-9999-exec-4] INFO  com.example.tripadvisor.aop.LogAOP - Log(url=/backstage/memberB/allRD, visitTime=Sun Jun 25 09:51:09 CST 2023, username=1, ip=0:0:0:0:0:0:0:1, executionTime=9, exceptionMessage=null)
09:51:09.713 [http-nio-9999-exec-6] INFO  com.example.tripadvisor.aop.LogAOP - Log(url=/backstage/memberB/allRF, visitTime=Sun Jun 25 09:51:09 CST 2023, username=1, ip=0:0:0:0:0:0:0:1, executionTime=9, exceptionMessage=null)
09:51:10.553 [http-nio-9999-exec-1] INFO  com.example.tripadvisor.aop.LogAOP - Log(url=/backstage/memberB/allRD, visitTime=Sun Jun 25 09:51:10 CST 2023, username=1, ip=0:0:0:0:0:0:0:1, executionTime=11, exceptionMessage=null)
09:51:14.426 [http-nio-9999-exec-3] INFO  com.example.tripadvisor.aop.LogAOP - Log(url=/backstage/memberB/RA, visitTime=Sun Jun 25 09:51:14 CST 2023, username=1, ip=0:0:0:0:0:0:0:1, executionTime=7, exceptionMessage=null)
09:51:15.780 [http-nio-9999-exec-10] INFO  com.example.tripadvisor.aop.LogAOP - Log(url=/backstage/memberB/edit, visitTime=Sun Jun 25 09:51:15 CST 2023, username=1, ip=0:0:0:0:0:0:0:1, executionTime=2, exceptionMessage=null)
09:51:22.463 [http-nio-9999-exec-3] INFO  com.example.tripadvisor.aop.LogAOP - Log(url=/backstage/memberB/update, visitTime=Sun Jun 25 09:51:22 CST 2023, username=1, ip=0:0:0:0:0:0:0:1, executionTime=6, exceptionMessage=null)
09:51:24.248 [http-nio-9999-exec-9] INFO  com.example.tripadvisor.aop.LogAOP - Log(url=/backstage/memberB/RA, visitTime=Sun Jun 25 09:51:24 CST 2023, username=1, ip=0:0:0:0:0:0:0:1, executionTime=8, exceptionMessage=null)
09:51:24.628 [http-nio-9999-exec-3] INFO  com.example.tripadvisor.aop.LogAOP - Log(url=/backstage/memberB/RA, visitTime=Sun Jun 25 09:51:24 CST 2023, username=1, ip=0:0:0:0:0:0:0:1, executionTime=7, exceptionMessage=null)
09:51:25.220 [http-nio-9999-exec-5] INFO  com.example.tripadvisor.aop.LogAOP - Log(url=/backstage/memberB/RA, visitTime=Sun Jun 25 09:51:25 CST 2023, username=1, ip=0:0:0:0:0:0:0:1, executionTime=12, exceptionMessage=null)
09:51:31.688 [http-nio-9999-exec-10] INFO  com.example.tripadvisor.aop.LogAOP - Log(url=/backstage/memberB/allRF, visitTime=Sun Jun 25 09:51:31 CST 2023, username=1, ip=0:0:0:0:0:0:0:1, executionTime=8, exceptionMessage=null)
09:51:35.054 [http-nio-9999-exec-8] INFO  com.example.tripadvisor.aop.LogAOP - Log(url=/backstage/memberB/edit, visitTime=Sun Jun 25 09:51:35 CST 2023, username=1, ip=0:0:0:0:0:0:0:1, executionTime=2, exceptionMessage=null)
09:51:38.286 [http-nio-9999-exec-2] INFO  com.example.tripadvisor.aop.LogAOP - Log(url=/backstage/memberB/update, visitTime=Sun Jun 25 09:51:38 CST 2023, username=1, ip=0:0:0:0:0:0:0:1, executionTime=5, exceptionMessage=null)
09:51:49.876 [http-nio-9999-exec-6] INFO  com.example.tripadvisor.aop.LogAOP - Log(url=/backstage/memberB/allRF, visitTime=Sun Jun 25 09:51:49 CST 2023, username=1, ip=0:0:0:0:0:0:0:1, executionTime=10, exceptionMessage=null)
09:51:55.124 [http-nio-9999-exec-6] INFO  com.example.tripadvisor.aop.LogAOP - Log(url=/backstage/memberB/RA, visitTime=Sun Jun 25 09:51:55 CST 2023, username=1, ip=0:0:0:0:0:0:0:1, executionTime=7, exceptionMessage=null)
09:52:12.304 [http-nio-9999-exec-2] INFO  com.example.tripadvisor.aop.LogAOP - Log(url=/backstage/product/all, visitTime=Sun Jun 25 09:52:12 CST 2023, username=1, ip=0:0:0:0:0:0:0:1, executionTime=12, exceptionMessage=null)
09:52:19.251 [http-nio-9999-exec-2] INFO  com.example.tripadvisor.aop.LogAOP - Log(url=/backstage/product/edit, visitTime=Sun Jun 25 09:52:19 CST 2023, username=1, ip=0:0:0:0:0:0:0:1, executionTime=10, exceptionMessage=null)
09:52:22.982 [http-nio-9999-exec-2] INFO  com.example.tripadvisor.aop.LogAOP - Log(url=/backstage/product/upload, visitTime=Sun Jun 25 09:52:22 CST 2023, username=1, ip=0:0:0:0:0:0:0:1, executionTime=11, exceptionMessage=null)
09:52:23.562 [http-nio-9999-exec-8] INFO  com.example.tripadvisor.aop.LogAOP - Log(url=/backstage/product/update, visitTime=Sun Jun 25 09:52:23 CST 2023, username=1, ip=0:0:0:0:0:0:0:1, executionTime=15, exceptionMessage=null)
09:52:23.579 [http-nio-9999-exec-9] INFO  com.example.tripadvisor.aop.LogAOP - Log(url=/backstage/product/all, visitTime=Sun Jun 25 09:52:23 CST 2023, username=1, ip=0:0:0:0:0:0:0:1, executionTime=11, exceptionMessage=null)
09:52:30.531 [http-nio-9999-exec-9] INFO  com.example.tripadvisor.aop.LogAOP - Log(url=/backstage/product/edit, visitTime=Sun Jun 25 09:52:30 CST 2023, username=1, ip=0:0:0:0:0:0:0:1, executionTime=9, exceptionMessage=null)
09:52:33.784 [http-nio-9999-exec-3] INFO  com.example.tripadvisor.aop.LogAOP - Log(url=/backstage/product/all, visitTime=Sun Jun 25 09:52:33 CST 2023, username=1, ip=0:0:0:0:0:0:0:1, executionTime=12, exceptionMessage=null)
09:52:36.244 [http-nio-9999-exec-6] INFO  com.example.tripadvisor.aop.LogAOP - Log(url=/backstage/product/edit, visitTime=Sun Jun 25 09:52:36 CST 2023, username=1, ip=0:0:0:0:0:0:0:1, executionTime=10, exceptionMessage=null)
09:52:55.088 [http-nio-9999-exec-1] INFO  com.example.tripadvisor.aop.LogAOP - Log(url=/backstage/product/all, visitTime=Sun Jun 25 09:52:55 CST 2023, username=1, ip=0:0:0:0:0:0:0:1, executionTime=9, exceptionMessage=null)
09:52:58.484 [http-nio-9999-exec-4] INFO  com.example.tripadvisor.aop.LogAOP - Log(url=/backstage/product/edit, visitTime=Sun Jun 25 09:52:58 CST 2023, username=1, ip=0:0:0:0:0:0:0:1, executionTime=12, exceptionMessage=null)
09:53:02.334 [http-nio-9999-exec-7] INFO  com.example.tripadvisor.aop.LogAOP - Log(url=/backstage/product/all, visitTime=Sun Jun 25 09:53:02 CST 2023, username=1, ip=0:0:0:0:0:0:0:1, executionTime=8, exceptionMessage=null)
09:53:15.222 [http-nio-9999-exec-9] INFO  com.example.tripadvisor.aop.LogAOP - Log(url=/backstage/product/updateStatus, visitTime=Sun Jun 25 09:53:15 CST 2023, username=1, ip=0:0:0:0:0:0:0:1, executionTime=10, exceptionMessage=null)
09:53:15.243 [http-nio-9999-exec-3] INFO  com.example.tripadvisor.aop.LogAOP - Log(url=/backstage/product/all, visitTime=Sun Jun 25 09:53:15 CST 2023, username=1, ip=0:0:0:0:0:0:0:1, executionTime=10, exceptionMessage=null)
09:53:20.420 [http-nio-9999-exec-8] INFO  com.example.tripadvisor.aop.LogAOP - Log(url=/backstage/product/updateStatus, visitTime=Sun Jun 25 09:53:20 CST 2023, username=1, ip=0:0:0:0:0:0:0:1, executionTime=8, exceptionMessage=null)
09:53:20.433 [http-nio-9999-exec-4] INFO  com.example.tripadvisor.aop.LogAOP - Log(url=/backstage/product/all, visitTime=Sun Jun 25 09:53:20 CST 2023, username=1, ip=0:0:0:0:0:0:0:1, executionTime=6, exceptionMessage=null)
09:53:29.584 [http-nio-9999-exec-5] INFO  com.example.tripadvisor.aop.LogAOP - Log(url=/backstage/product/delete, visitTime=Sun Jun 25 09:53:29 CST 2023, username=1, ip=0:0:0:0:0:0:0:1, executionTime=10, exceptionMessage=null)
09:53:29.608 [http-nio-9999-exec-1] INFO  com.example.tripadvisor.aop.LogAOP - Log(url=/backstage/product/all, visitTime=Sun Jun 25 09:53:29 CST 2023, username=1, ip=0:0:0:0:0:0:0:1, executionTime=14, exceptionMessage=null)
21:19:36.792 [main] INFO  com.example.tripadvisor.TripAdvisorApplication - Starting TripAdvisorApplication using Java 1.8.0_131 on Alphabeta with PID 11564 (D:\TempProjects\TripAdvisor\target\classes started by EMPEROR PALPATINE in D:\TempProjects\TripAdvisor)
21:19:36.798 [main] INFO  com.example.tripadvisor.TripAdvisorApplication - No active profile set, falling back to default profiles: default
21:19:38.900 [main] INFO  o.s.boot.web.embedded.tomcat.TomcatWebServer - Tomcat initialized with port(s): 9999 (http)
21:19:38.910 [main] INFO  org.apache.coyote.http11.Http11NioProtocol - Initializing ProtocolHandler ["http-nio-9999"]
21:19:38.911 [main] INFO  org.apache.catalina.core.StandardService - Starting service [Tomcat]
21:19:38.911 [main] INFO  org.apache.catalina.core.StandardEngine - Starting Servlet engine: [Apache Tomcat/9.0.52]
21:19:39.030 [main] INFO  o.a.c.core.ContainerBase.[Tomcat].[localhost].[/] - Initializing Spring embedded WebApplicationContext
21:19:39.030 [main] INFO  o.s.b.w.s.c.ServletWebServerApplicationContext - Root WebApplicationContext: initialization completed in 2116 ms
21:19:41.996 [main] INFO  o.s.security.web.DefaultSecurityFilterChain - Will secure any request with [org.springframework.security.web.context.request.async.WebAsyncManagerIntegrationFilter@72bd2871, org.springframework.security.web.context.SecurityContextPersistenceFilter@5438c17a, org.springframework.security.web.header.HeaderWriterFilter@54336976, org.springframework.web.filter.CorsFilter@77429040, org.springframework.security.web.authentication.logout.LogoutFilter@481558ce, org.springframework.security.web.authentication.UsernamePasswordAuthenticationFilter@1c93b51e, org.springframework.security.web.savedrequest.RequestCacheAwareFilter@e91b4f4, org.springframework.security.web.servletapi.SecurityContextHolderAwareRequestFilter@3728a578, org.springframework.security.web.authentication.AnonymousAuthenticationFilter@2d2b6960, org.springframework.security.web.session.SessionManagementFilter@3b7c80c6, org.springframework.security.web.access.ExceptionTranslationFilter@51fc862e, org.springframework.security.web.access.intercept.FilterSecurityInterceptor@468e8565]
21:19:42.098 [main] INFO  org.apache.coyote.http11.Http11NioProtocol - Starting ProtocolHandler ["http-nio-9999"]
21:19:42.132 [main] INFO  o.s.boot.web.embedded.tomcat.TomcatWebServer - Tomcat started on port(s): 9999 (http) with context path ''
21:19:42.147 [main] INFO  com.example.tripadvisor.TripAdvisorApplication - Started TripAdvisorApplication in 6.214 seconds (JVM running for 12.022)
21:19:57.570 [http-nio-9999-exec-1] INFO  o.a.c.core.ContainerBase.[Tomcat].[localhost].[/] - Initializing Spring DispatcherServlet 'dispatcherServlet'
21:19:57.570 [http-nio-9999-exec-1] INFO  org.springframework.web.servlet.DispatcherServlet - Initializing Servlet 'dispatcherServlet'
21:19:57.571 [http-nio-9999-exec-1] INFO  org.springframework.web.servlet.DispatcherServlet - Completed initialization in 1 ms
21:21:18.771 [http-nio-9999-exec-2] INFO  com.zaxxer.hikari.HikariDataSource - HikariPool-1 - Starting...
21:21:19.018 [http-nio-9999-exec-2] INFO  com.zaxxer.hikari.HikariDataSource - HikariPool-1 - Start completed.
21:43:28.983 [main] INFO  com.example.tripadvisor.TripAdvisorApplication - Starting TripAdvisorApplication using Java 1.8.0_131 on Alphabeta with PID 240 (D:\TempProjects\TripAdvisor\target\classes started by EMPEROR PALPATINE in D:\TempProjects\TripAdvisor)
21:43:28.988 [main] INFO  com.example.tripadvisor.TripAdvisorApplication - No active profile set, falling back to default profiles: default
21:43:31.375 [main] INFO  o.s.boot.web.embedded.tomcat.TomcatWebServer - Tomcat initialized with port(s): 9999 (http)
21:43:31.389 [main] INFO  org.apache.coyote.http11.Http11NioProtocol - Initializing ProtocolHandler ["http-nio-9999"]
21:43:31.390 [main] INFO  org.apache.catalina.core.StandardService - Starting service [Tomcat]
21:43:31.390 [main] INFO  org.apache.catalina.core.StandardEngine - Starting Servlet engine: [Apache Tomcat/9.0.52]
21:43:31.506 [main] INFO  o.a.c.core.ContainerBase.[Tomcat].[localhost].[/] - Initializing Spring embedded WebApplicationContext
21:43:31.506 [main] INFO  o.s.b.w.s.c.ServletWebServerApplicationContext - Root WebApplicationContext: initialization completed in 2428 ms
21:43:35.141 [main] INFO  o.s.security.web.DefaultSecurityFilterChain - Will secure any request with [org.springframework.security.web.context.request.async.WebAsyncManagerIntegrationFilter@66383c29, org.springframework.security.web.context.SecurityContextPersistenceFilter@e91b4f4, org.springframework.security.web.header.HeaderWriterFilter@1de4285e, org.springframework.web.filter.CorsFilter@7f7c420c, org.springframework.security.web.authentication.logout.LogoutFilter@12e12ac9, org.springframework.security.web.authentication.UsernamePasswordAuthenticationFilter@17043b04, org.springframework.security.web.savedrequest.RequestCacheAwareFilter@4215e133, org.springframework.security.web.servletapi.SecurityContextHolderAwareRequestFilter@2091833, org.springframework.security.web.authentication.AnonymousAuthenticationFilter@5d152bcd, org.springframework.security.web.session.SessionManagementFilter@634ff56, org.springframework.security.web.access.ExceptionTranslationFilter@7499eac7, org.springframework.security.web.access.intercept.FilterSecurityInterceptor@478b0739]
21:43:35.251 [main] INFO  org.apache.coyote.http11.Http11NioProtocol - Starting ProtocolHandler ["http-nio-9999"]
21:43:35.273 [main] INFO  o.s.boot.web.embedded.tomcat.TomcatWebServer - Tomcat started on port(s): 9999 (http) with context path ''
21:43:35.288 [main] INFO  com.example.tripadvisor.TripAdvisorApplication - Started TripAdvisorApplication in 6.942 seconds (JVM running for 8.515)
21:43:49.643 [http-nio-9999-exec-1] INFO  o.a.c.core.ContainerBase.[Tomcat].[localhost].[/] - Initializing Spring DispatcherServlet 'dispatcherServlet'
21:43:49.643 [http-nio-9999-exec-1] INFO  org.springframework.web.servlet.DispatcherServlet - Initializing Servlet 'dispatcherServlet'
21:43:49.644 [http-nio-9999-exec-1] INFO  org.springframework.web.servlet.DispatcherServlet - Completed initialization in 1 ms
21:43:50.398 [http-nio-9999-exec-6] INFO  com.zaxxer.hikari.HikariDataSource - HikariPool-1 - Starting...
21:43:50.656 [http-nio-9999-exec-6] INFO  com.zaxxer.hikari.HikariDataSource - HikariPool-1 - Start completed.
21:44:20.333 [http-nio-9999-exec-5] INFO  com.example.tripadvisor.aop.LogAOP - Log(url=/backstage/admin/all, visitTime=Sun Jun 25 21:44:20 CST 2023, username=1, ip=0:0:0:0:0:0:0:1, executionTime=18, exceptionMessage=null)
21:45:50.642 [http-nio-9999-exec-2] INFO  com.example.tripadvisor.aop.LogAOP - Log(url=/backstage/permission/all, visitTime=Sun Jun 25 21:45:50 CST 2023, username=1, ip=0:0:0:0:0:0:0:1, executionTime=18, exceptionMessage=null)
21:45:53.541 [http-nio-9999-exec-4] INFO  com.example.tripadvisor.aop.LogAOP - Log(url=/backstage/category/all, visitTime=Sun Jun 25 21:45:53 CST 2023, username=1, ip=0:0:0:0:0:0:0:1, executionTime=30, exceptionMessage=null)
21:46:03.017 [http-nio-9999-exec-4] INFO  com.example.tripadvisor.aop.LogAOP - Log(url=/backstage/category/edit, visitTime=Sun Jun 25 21:46:03 CST 2023, username=1, ip=0:0:0:0:0:0:0:1, executionTime=6, exceptionMessage=null)
21:46:08.547 [http-nio-9999-exec-4] INFO  com.example.tripadvisor.aop.LogAOP - Log(url=/backstage/category/update, visitTime=Sun Jun 25 21:46:08 CST 2023, username=1, ip=0:0:0:0:0:0:0:1, executionTime=15, exceptionMessage=null)
21:46:08.562 [http-nio-9999-exec-8] INFO  com.example.tripadvisor.aop.LogAOP - Log(url=/backstage/category/all, visitTime=Sun Jun 25 21:46:08 CST 2023, username=1, ip=0:0:0:0:0:0:0:1, executionTime=5, exceptionMessage=null)
21:46:23.433 [http-nio-9999-exec-5] INFO  com.example.tripadvisor.aop.LogAOP - Log(url=/backstage/category/all, visitTime=Sun Jun 25 21:46:23 CST 2023, username=1, ip=0:0:0:0:0:0:0:1, executionTime=8, exceptionMessage=null)
21:46:26.079 [http-nio-9999-exec-1] INFO  com.example.tripadvisor.aop.LogAOP - Log(url=/backstage/product/all, visitTime=Sun Jun 25 21:46:26 CST 2023, username=1, ip=0:0:0:0:0:0:0:1, executionTime=16, exceptionMessage=null)
21:46:29.337 [http-nio-9999-exec-2] INFO  com.example.tripadvisor.aop.LogAOP - Log(url=/backstage/product/edit, visitTime=Sun Jun 25 21:46:29 CST 2023, username=1, ip=0:0:0:0:0:0:0:1, executionTime=14, exceptionMessage=null)
21:46:31.127 [http-nio-9999-exec-7] INFO  com.example.tripadvisor.aop.LogAOP - Log(url=/backstage/product/all, visitTime=Sun Jun 25 21:46:31 CST 2023, username=1, ip=0:0:0:0:0:0:0:1, executionTime=13, exceptionMessage=null)
21:46:35.874 [http-nio-9999-exec-3] INFO  com.example.tripadvisor.aop.LogAOP - Log(url=/backstage/product/edit, visitTime=Sun Jun 25 21:46:35 CST 2023, username=1, ip=0:0:0:0:0:0:0:1, executionTime=9, exceptionMessage=null)
21:46:40.237 [http-nio-9999-exec-3] INFO  com.example.tripadvisor.aop.LogAOP - Log(url=/backstage/product/all, visitTime=Sun Jun 25 21:46:40 CST 2023, username=1, ip=0:0:0:0:0:0:0:1, executionTime=11, exceptionMessage=null)
21:46:43.064 [http-nio-9999-exec-5] INFO  com.example.tripadvisor.aop.LogAOP - Log(url=/backstage/product/edit, visitTime=Sun Jun 25 21:46:43 CST 2023, username=1, ip=0:0:0:0:0:0:0:1, executionTime=11, exceptionMessage=null)
21:47:14.473 [http-nio-9999-exec-7] INFO  com.example.tripadvisor.aop.LogAOP - Log(url=/backstage/product/update, visitTime=Sun Jun 25 21:47:14 CST 2023, username=1, ip=0:0:0:0:0:0:0:1, executionTime=14, exceptionMessage=null)
21:47:14.488 [http-nio-9999-exec-1] INFO  com.example.tripadvisor.aop.LogAOP - Log(url=/backstage/product/all, visitTime=Sun Jun 25 21:47:14 CST 2023, username=1, ip=0:0:0:0:0:0:0:1, executionTime=10, exceptionMessage=null)
21:47:24.233 [http-nio-9999-exec-5] INFO  com.example.tripadvisor.aop.LogAOP - Log(url=/backstage/product/edit, visitTime=Sun Jun 25 21:47:24 CST 2023, username=1, ip=0:0:0:0:0:0:0:1, executionTime=10, exceptionMessage=null)
21:47:28.447 [http-nio-9999-exec-4] INFO  com.example.tripadvisor.aop.LogAOP - Log(url=/backstage/product/update, visitTime=Sun Jun 25 21:47:28 CST 2023, username=1, ip=0:0:0:0:0:0:0:1, executionTime=8, exceptionMessage=null)
21:47:28.464 [http-nio-9999-exec-9] INFO  com.example.tripadvisor.aop.LogAOP - Log(url=/backstage/product/all, visitTime=Sun Jun 25 21:47:28 CST 2023, username=1, ip=0:0:0:0:0:0:0:1, executionTime=7, exceptionMessage=null)
21:47:35.711 [http-nio-9999-exec-6] INFO  com.example.tripadvisor.aop.LogAOP - Log(url=/backstage/product/delete, visitTime=Sun Jun 25 21:47:35 CST 2023, username=1, ip=0:0:0:0:0:0:0:1, executionTime=7, exceptionMessage=null)
21:47:35.734 [http-nio-9999-exec-8] INFO  com.example.tripadvisor.aop.LogAOP - Log(url=/backstage/product/all, visitTime=Sun Jun 25 21:47:35 CST 2023, username=1, ip=0:0:0:0:0:0:0:1, executionTime=15, exceptionMessage=null)
21:47:40.095 [http-nio-9999-exec-7] INFO  com.example.tripadvisor.aop.LogAOP - Log(url=/backstage/product/delete, visitTime=Sun Jun 25 21:47:40 CST 2023, username=1, ip=0:0:0:0:0:0:0:1, executionTime=9, exceptionMessage=null)
21:47:40.114 [http-nio-9999-exec-8] INFO  com.example.tripadvisor.aop.LogAOP - Log(url=/backstage/product/all, visitTime=Sun Jun 25 21:47:40 CST 2023, username=1, ip=0:0:0:0:0:0:0:1, executionTime=12, exceptionMessage=null)
21:47:43.523 [http-nio-9999-exec-4] INFO  com.example.tripadvisor.aop.LogAOP - Log(url=/backstage/product/delete, visitTime=Sun Jun 25 21:47:43 CST 2023, username=1, ip=0:0:0:0:0:0:0:1, executionTime=10, exceptionMessage=null)
21:47:43.538 [http-nio-9999-exec-2] INFO  com.example.tripadvisor.aop.LogAOP - Log(url=/backstage/product/all, visitTime=Sun Jun 25 21:47:43 CST 2023, username=1, ip=0:0:0:0:0:0:0:1, executionTime=8, exceptionMessage=null)
21:47:46.692 [http-nio-9999-exec-6] INFO  com.example.tripadvisor.aop.LogAOP - Log(url=/backstage/product/delete, visitTime=Sun Jun 25 21:47:46 CST 2023, username=1, ip=0:0:0:0:0:0:0:1, executionTime=8, exceptionMessage=null)
21:47:46.710 [http-nio-9999-exec-9] INFO  com.example.tripadvisor.aop.LogAOP - Log(url=/backstage/product/all, visitTime=Sun Jun 25 21:47:46 CST 2023, username=1, ip=0:0:0:0:0:0:0:1, executionTime=11, exceptionMessage=null)
21:48:25.442 [http-nio-9999-exec-9] INFO  com.example.tripadvisor.aop.LogAOP - Log(url=/backstage/product/all, visitTime=Sun Jun 25 21:48:25 CST 2023, username=1, ip=0:0:0:0:0:0:0:1, executionTime=12, exceptionMessage=null)
21:48:30.315 [http-nio-9999-exec-5] INFO  com.example.tripadvisor.aop.LogAOP - Log(url=/backstage/product/delete, visitTime=Sun Jun 25 21:48:30 CST 2023, username=1, ip=0:0:0:0:0:0:0:1, executionTime=12, exceptionMessage=null)
21:48:30.331 [http-nio-9999-exec-10] INFO  com.example.tripadvisor.aop.LogAOP - Log(url=/backstage/product/all, visitTime=Sun Jun 25 21:48:30 CST 2023, username=1, ip=0:0:0:0:0:0:0:1, executionTime=7, exceptionMessage=null)
21:48:47.363 [http-nio-9999-exec-1] INFO  com.example.tripadvisor.aop.LogAOP - Log(url=/backstage/product/edit, visitTime=Sun Jun 25 21:48:47 CST 2023, username=1, ip=0:0:0:0:0:0:0:1, executionTime=9, exceptionMessage=null)
21:49:54.792 [http-nio-9999-exec-4] INFO  com.example.tripadvisor.aop.LogAOP - Log(url=/backstage/product/update, visitTime=Sun Jun 25 21:49:54 CST 2023, username=1, ip=0:0:0:0:0:0:0:1, executionTime=9, exceptionMessage=null)
21:49:54.808 [http-nio-9999-exec-10] INFO  com.example.tripadvisor.aop.LogAOP - Log(url=/backstage/product/all, visitTime=Sun Jun 25 21:49:54 CST 2023, username=1, ip=0:0:0:0:0:0:0:1, executionTime=7, exceptionMessage=null)
22:16:35.549 [HikariPool-1 housekeeper] WARN  com.zaxxer.hikari.pool.HikariPool - HikariPool-1 - Thread starvation or clock leap detected (housekeeper delta=24m14s650ms264?s399ns).
23:56:33.088 [http-nio-9999-exec-6] INFO  com.example.tripadvisor.aop.LogAOP - Log(url=/backstage/category/all, visitTime=Sun Jun 25 23:56:33 CST 2023, username=1, ip=0:0:0:0:0:0:0:1, executionTime=29, exceptionMessage=null)
23:56:35.501 [http-nio-9999-exec-1] INFO  com.example.tripadvisor.aop.LogAOP - Log(url=/backstage/product/all, visitTime=Sun Jun 25 23:56:35 CST 2023, username=1, ip=0:0:0:0:0:0:0:1, executionTime=15, exceptionMessage=null)
23:56:38.649 [http-nio-9999-exec-7] INFO  com.example.tripadvisor.aop.LogAOP - Log(url=/backstage/product/edit, visitTime=Sun Jun 25 23:56:38 CST 2023, username=1, ip=0:0:0:0:0:0:0:1, executionTime=28, exceptionMessage=null)
23:56:47.176 [http-nio-9999-exec-8] INFO  com.example.tripadvisor.aop.LogAOP - Log(url=/backstage/product/update, visitTime=Sun Jun 25 23:56:47 CST 2023, username=1, ip=0:0:0:0:0:0:0:1, executionTime=20, exceptionMessage=null)
23:56:47.191 [http-nio-9999-exec-5] INFO  com.example.tripadvisor.aop.LogAOP - Log(url=/backstage/product/all, visitTime=Sun Jun 25 23:56:47 CST 2023, username=1, ip=0:0:0:0:0:0:0:1, executionTime=8, exceptionMessage=null)
23:58:15.324 [http-nio-9999-exec-1] INFO  com.example.tripadvisor.aop.LogAOP - Log(url=/backstage/product/edit, visitTime=Sun Jun 25 23:58:15 CST 2023, username=1, ip=0:0:0:0:0:0:0:1, executionTime=7, exceptionMessage=null)
23:58:17.781 [http-nio-9999-exec-3] INFO  com.example.tripadvisor.aop.LogAOP - Log(url=/backstage/product/update, visitTime=Sun Jun 25 23:58:17 CST 2023, username=1, ip=0:0:0:0:0:0:0:1, executionTime=12, exceptionMessage=null)
23:58:17.791 [http-nio-9999-exec-2] INFO  com.example.tripadvisor.aop.LogAOP - Log(url=/backstage/product/all, visitTime=Sun Jun 25 23:58:17 CST 2023, username=1, ip=0:0:0:0:0:0:0:1, executionTime=6, exceptionMessage=null)
23:59:36.159 [http-nio-9999-exec-7] INFO  com.example.tripadvisor.aop.LogAOP - Log(url=/backstage/category/all, visitTime=Sun Jun 25 23:59:36 CST 2023, username=1, ip=0:0:0:0:0:0:0:1, executionTime=7, exceptionMessage=null)
23:59:42.876 [http-nio-9999-exec-2] INFO  com.example.tripadvisor.aop.LogAOP - Log(url=/backstage/category/edit, visitTime=Sun Jun 25 23:59:42 CST 2023, username=1, ip=0:0:0:0:0:0:0:1, executionTime=5, exceptionMessage=null)
23:59:50.318 [http-nio-9999-exec-8] INFO  com.example.tripadvisor.aop.LogAOP - Log(url=/backstage/category/update, visitTime=Sun Jun 25 23:59:50 CST 2023, username=1, ip=0:0:0:0:0:0:0:1, executionTime=11, exceptionMessage=null)
23:59:50.332 [http-nio-9999-exec-3] INFO  com.example.tripadvisor.aop.LogAOP - Log(url=/backstage/category/all, visitTime=Sun Jun 25 23:59:50 CST 2023, username=1, ip=0:0:0:0:0:0:0:1, executionTime=4, exceptionMessage=null)
00:02:20.234 [http-nio-9999-exec-5] ERROR o.a.c.c.C.[.[localhost].[/].[dispatcherServlet] - Servlet.service() for servlet [dispatcherServlet] in context with path [] threw exception [Request processing failed; nested exception is java.lang.NullPointerException] with root cause
java.lang.NullPointerException: null
	at com.example.tripadvisor.controller.frontdesk.ProductControllerFD.upLoad(ProductControllerFD.java:137)
	at sun.reflect.NativeMethodAccessorImpl.invoke0(Native Method)
	at sun.reflect.NativeMethodAccessorImpl.invoke(NativeMethodAccessorImpl.java:62)
	at sun.reflect.DelegatingMethodAccessorImpl.invoke(DelegatingMethodAccessorImpl.java:43)
	at java.lang.reflect.Method.invoke(Method.java:498)
	at org.springframework.web.method.support.InvocableHandlerMethod.doInvoke(InvocableHandlerMethod.java:197)
	at org.springframework.web.method.support.InvocableHandlerMethod.invokeForRequest(InvocableHandlerMethod.java:141)
	at org.springframework.web.servlet.mvc.method.annotation.ServletInvocableHandlerMethod.invokeAndHandle(ServletInvocableHandlerMethod.java:106)
	at org.springframework.web.servlet.mvc.method.annotation.RequestMappingHandlerAdapter.invokeHandlerMethod(RequestMappingHandlerAdapter.java:895)
	at org.springframework.web.servlet.mvc.method.annotation.RequestMappingHandlerAdapter.handleInternal(RequestMappingHandlerAdapter.java:808)
	at org.springframework.web.servlet.mvc.method.AbstractHandlerMethodAdapter.handle(AbstractHandlerMethodAdapter.java:87)
	at org.springframework.web.servlet.DispatcherServlet.doDispatch(DispatcherServlet.java:1064)
	at org.springframework.web.servlet.DispatcherServlet.doService(DispatcherServlet.java:963)
	at org.springframework.web.servlet.FrameworkServlet.processRequest(FrameworkServlet.java:1006)
	at org.springframework.web.servlet.FrameworkServlet.doPost(FrameworkServlet.java:909)
	at javax.servlet.http.HttpServlet.service(HttpServlet.java:681)
	at org.springframework.web.servlet.FrameworkServlet.service(FrameworkServlet.java:883)
	at javax.servlet.http.HttpServlet.service(HttpServlet.java:764)
	at org.apache.catalina.core.ApplicationFilterChain.internalDoFilter(ApplicationFilterChain.java:227)
	at org.apache.catalina.core.ApplicationFilterChain.doFilter(ApplicationFilterChain.java:162)
	at org.apache.tomcat.websocket.server.WsFilter.doFilter(WsFilter.java:53)
	at org.apache.catalina.core.ApplicationFilterChain.internalDoFilter(ApplicationFilterChain.java:189)
	at org.apache.catalina.core.ApplicationFilterChain.doFilter(ApplicationFilterChain.java:162)
	at org.springframework.security.web.FilterChainProxy$VirtualFilterChain.doFilter(FilterChainProxy.java:327)
	at org.springframework.security.web.access.intercept.FilterSecurityInterceptor.invoke(FilterSecurityInterceptor.java:115)
	at org.springframework.security.web.access.intercept.FilterSecurityInterceptor.doFilter(FilterSecurityInterceptor.java:81)
	at org.springframework.security.web.FilterChainProxy$VirtualFilterChain.doFilter(FilterChainProxy.java:336)
	at org.springframework.security.web.access.ExceptionTranslationFilter.doFilter(ExceptionTranslationFilter.java:121)
	at org.springframework.security.web.access.ExceptionTranslationFilter.doFilter(ExceptionTranslationFilter.java:115)
	at org.springframework.security.web.FilterChainProxy$VirtualFilterChain.doFilter(FilterChainProxy.java:336)
	at org.springframework.security.web.session.SessionManagementFilter.doFilter(SessionManagementFilter.java:126)
	at org.springframework.security.web.session.SessionManagementFilter.doFilter(SessionManagementFilter.java:81)
	at org.springframework.security.web.FilterChainProxy$VirtualFilterChain.doFilter(FilterChainProxy.java:336)
	at org.springframework.security.web.authentication.AnonymousAuthenticationFilter.doFilter(AnonymousAuthenticationFilter.java:105)
	at org.springframework.security.web.FilterChainProxy$VirtualFilterChain.doFilter(FilterChainProxy.java:336)
	at org.springframework.security.web.servletapi.SecurityContextHolderAwareRequestFilter.doFilter(SecurityContextHolderAwareRequestFilter.java:149)
	at org.springframework.security.web.FilterChainProxy$VirtualFilterChain.doFilter(FilterChainProxy.java:336)
	at org.springframework.security.web.savedrequest.RequestCacheAwareFilter.doFilter(RequestCacheAwareFilter.java:63)
	at org.springframework.security.web.FilterChainProxy$VirtualFilterChain.doFilter(FilterChainProxy.java:336)
	at org.springframework.security.web.authentication.AbstractAuthenticationProcessingFilter.doFilter(AbstractAuthenticationProcessingFilter.java:218)
	at org.springframework.security.web.authentication.AbstractAuthenticationProcessingFilter.doFilter(AbstractAuthenticationProcessingFilter.java:212)
	at org.springframework.security.web.FilterChainProxy$VirtualFilterChain.doFilter(FilterChainProxy.java:336)
	at org.springframework.security.web.authentication.logout.LogoutFilter.doFilter(LogoutFilter.java:103)
	at org.springframework.security.web.authentication.logout.LogoutFilter.doFilter(LogoutFilter.java:89)
	at org.springframework.security.web.FilterChainProxy$VirtualFilterChain.doFilter(FilterChainProxy.java:336)
	at org.springframework.web.filter.CorsFilter.doFilterInternal(CorsFilter.java:91)
	at org.springframework.web.filter.OncePerRequestFilter.doFilter(OncePerRequestFilter.java:119)
	at org.springframework.security.web.FilterChainProxy$VirtualFilterChain.doFilter(FilterChainProxy.java:336)
	at org.springframework.security.web.header.HeaderWriterFilter.doHeadersAfter(HeaderWriterFilter.java:90)
	at org.springframework.security.web.header.HeaderWriterFilter.doFilterInternal(HeaderWriterFilter.java:75)
	at org.springframework.web.filter.OncePerRequestFilter.doFilter(OncePerRequestFilter.java:119)
	at org.springframework.security.web.FilterChainProxy$VirtualFilterChain.doFilter(FilterChainProxy.java:336)
	at org.springframework.security.web.context.SecurityContextPersistenceFilter.doFilter(SecurityContextPersistenceFilter.java:110)
	at org.springframework.security.web.context.SecurityContextPersistenceFilter.doFilter(SecurityContextPersistenceFilter.java:80)
	at org.springframework.security.web.FilterChainProxy$VirtualFilterChain.doFilter(FilterChainProxy.java:336)
	at org.springframework.security.web.context.request.async.WebAsyncManagerIntegrationFilter.doFilterInternal(WebAsyncManagerIntegrationFilter.java:55)
	at org.springframework.web.filter.OncePerRequestFilter.doFilter(OncePerRequestFilter.java:119)
	at org.springframework.security.web.FilterChainProxy$VirtualFilterChain.doFilter(FilterChainProxy.java:336)
	at org.springframework.security.web.FilterChainProxy.doFilterInternal(FilterChainProxy.java:211)
	at org.springframework.security.web.FilterChainProxy.doFilter(FilterChainProxy.java:183)
	at org.springframework.web.filter.DelegatingFilterProxy.invokeDelegate(DelegatingFilterProxy.java:358)
	at org.springframework.web.filter.DelegatingFilterProxy.doFilter(DelegatingFilterProxy.java:271)
	at org.apache.catalina.core.ApplicationFilterChain.internalDoFilter(ApplicationFilterChain.java:189)
	at org.apache.catalina.core.ApplicationFilterChain.doFilter(ApplicationFilterChain.java:162)
	at org.springframework.web.filter.RequestContextFilter.doFilterInternal(RequestContextFilter.java:100)
	at org.springframework.web.filter.OncePerRequestFilter.doFilter(OncePerRequestFilter.java:119)
	at org.apache.catalina.core.ApplicationFilterChain.internalDoFilter(ApplicationFilterChain.java:189)
	at org.apache.catalina.core.ApplicationFilterChain.doFilter(ApplicationFilterChain.java:162)
	at org.springframework.web.filter.FormContentFilter.doFilterInternal(FormContentFilter.java:93)
	at org.springframework.web.filter.OncePerRequestFilter.doFilter(OncePerRequestFilter.java:119)
	at org.apache.catalina.core.ApplicationFilterChain.internalDoFilter(ApplicationFilterChain.java:189)
	at org.apache.catalina.core.ApplicationFilterChain.doFilter(ApplicationFilterChain.java:162)
	at org.springframework.web.filter.CharacterEncodingFilter.doFilterInternal(CharacterEncodingFilter.java:201)
	at org.springframework.web.filter.OncePerRequestFilter.doFilter(OncePerRequestFilter.java:119)
	at org.apache.catalina.core.ApplicationFilterChain.internalDoFilter(ApplicationFilterChain.java:189)
	at org.apache.catalina.core.ApplicationFilterChain.doFilter(ApplicationFilterChain.java:162)
	at org.apache.catalina.core.StandardWrapperValve.invoke(StandardWrapperValve.java:197)
	at org.apache.catalina.core.StandardContextValve.invoke(StandardContextValve.java:97)
	at org.apache.catalina.authenticator.AuthenticatorBase.invoke(AuthenticatorBase.java:542)
	at org.apache.catalina.core.StandardHostValve.invoke(StandardHostValve.java:135)
	at org.apache.catalina.valves.ErrorReportValve.invoke(ErrorReportValve.java:92)
	at org.apache.catalina.core.StandardEngineValve.invoke(StandardEngineValve.java:78)
	at org.apache.catalina.connector.CoyoteAdapter.service(CoyoteAdapter.java:357)
	at org.apache.coyote.http11.Http11Processor.service(Http11Processor.java:382)
	at org.apache.coyote.AbstractProcessorLight.process(AbstractProcessorLight.java:65)
	at org.apache.coyote.AbstractProtocol$ConnectionHandler.process(AbstractProtocol.java:893)
	at org.apache.tomcat.util.net.NioEndpoint$SocketProcessor.doRun(NioEndpoint.java:1726)
	at org.apache.tomcat.util.net.SocketProcessorBase.run(SocketProcessorBase.java:49)
	at org.apache.tomcat.util.threads.ThreadPoolExecutor.runWorker(ThreadPoolExecutor.java:1191)
	at org.apache.tomcat.util.threads.ThreadPoolExecutor$Worker.run(ThreadPoolExecutor.java:659)
	at org.apache.tomcat.util.threads.TaskThread$WrappingRunnable.run(TaskThread.java:61)
	at java.lang.Thread.run(Thread.java:748)
00:02:48.521 [http-nio-9999-exec-1] INFO  com.example.tripadvisor.aop.LogAOP - Log(url=/backstage/product/all, visitTime=Mon Jun 26 00:02:48 CST 2023, username=1, ip=0:0:0:0:0:0:0:1, executionTime=9, exceptionMessage=null)
00:02:50.136 [http-nio-9999-exec-9] INFO  com.example.tripadvisor.aop.LogAOP - Log(url=/backstage/product/edit, visitTime=Mon Jun 26 00:02:50 CST 2023, username=1, ip=0:0:0:0:0:0:0:1, executionTime=12, exceptionMessage=null)
00:02:54.089 [http-nio-9999-exec-10] INFO  com.example.tripadvisor.aop.LogAOP - Log(url=/backstage/product/update, visitTime=Mon Jun 26 00:02:54 CST 2023, username=1, ip=0:0:0:0:0:0:0:1, executionTime=14, exceptionMessage=null)
00:02:54.101 [http-nio-9999-exec-1] INFO  com.example.tripadvisor.aop.LogAOP - Log(url=/backstage/product/all, visitTime=Mon Jun 26 00:02:54 CST 2023, username=1, ip=0:0:0:0:0:0:0:1, executionTime=6, exceptionMessage=null)
00:06:15.986 [http-nio-9999-exec-10] INFO  com.example.tripadvisor.aop.LogAOP - Log(url=/backstage/product/all, visitTime=Mon Jun 26 00:06:15 CST 2023, username=1, ip=0:0:0:0:0:0:0:1, executionTime=12, exceptionMessage=null)
00:06:17.144 [http-nio-9999-exec-5] INFO  com.example.tripadvisor.aop.LogAOP - Log(url=/backstage/product/all, visitTime=Mon Jun 26 00:06:17 CST 2023, username=1, ip=0:0:0:0:0:0:0:1, executionTime=11, exceptionMessage=null)
00:12:40.895 [http-nio-9999-exec-4] INFO  com.example.tripadvisor.aop.LogAOP - Log(url=/backstage/category/all, visitTime=Mon Jun 26 00:12:40 CST 2023, username=1, ip=0:0:0:0:0:0:0:1, executionTime=6, exceptionMessage=null)
00:12:43.949 [http-nio-9999-exec-2] INFO  com.example.tripadvisor.aop.LogAOP - Log(url=/backstage/category/edit, visitTime=Mon Jun 26 00:12:43 CST 2023, username=1, ip=0:0:0:0:0:0:0:1, executionTime=4, exceptionMessage=null)
00:12:56.053 [http-nio-9999-exec-10] INFO  com.example.tripadvisor.aop.LogAOP - Log(url=/backstage/category/update, visitTime=Mon Jun 26 00:12:56 CST 2023, username=1, ip=0:0:0:0:0:0:0:1, executionTime=4, exceptionMessage=null)
00:12:56.065 [http-nio-9999-exec-4] INFO  com.example.tripadvisor.aop.LogAOP - Log(url=/backstage/category/all, visitTime=Mon Jun 26 00:12:56 CST 2023, username=1, ip=0:0:0:0:0:0:0:1, executionTime=3, exceptionMessage=null)
00:25:00.103 [http-nio-9999-exec-3] INFO  com.example.tripadvisor.aop.LogAOP - Log(url=/backstage/product/all, visitTime=Mon Jun 26 00:25:00 CST 2023, username=1, ip=0:0:0:0:0:0:0:1, executionTime=10, exceptionMessage=null)
00:25:04.011 [http-nio-9999-exec-6] INFO  com.example.tripadvisor.aop.LogAOP - Log(url=/backstage/product/delete, visitTime=Mon Jun 26 00:25:03 CST 2023, username=1, ip=0:0:0:0:0:0:0:1, executionTime=17, exceptionMessage=null)
00:25:04.022 [http-nio-9999-exec-9] INFO  com.example.tripadvisor.aop.LogAOP - Log(url=/backstage/product/all, visitTime=Mon Jun 26 00:25:04 CST 2023, username=1, ip=0:0:0:0:0:0:0:1, executionTime=6, exceptionMessage=null)
00:25:31.726 [http-nio-9999-exec-3] INFO  com.example.tripadvisor.aop.LogAOP - Log(url=/backstage/product/edit, visitTime=Mon Jun 26 00:25:31 CST 2023, username=1, ip=0:0:0:0:0:0:0:1, executionTime=6, exceptionMessage=null)
00:25:33.828 [http-nio-9999-exec-10] INFO  com.example.tripadvisor.aop.LogAOP - Log(url=/backstage/product/update, visitTime=Mon Jun 26 00:25:33 CST 2023, username=1, ip=0:0:0:0:0:0:0:1, executionTime=8, exceptionMessage=null)
00:25:33.843 [http-nio-9999-exec-9] INFO  com.example.tripadvisor.aop.LogAOP - Log(url=/backstage/product/all, visitTime=Mon Jun 26 00:25:33 CST 2023, username=1, ip=0:0:0:0:0:0:0:1, executionTime=7, exceptionMessage=null)
00:26:04.661 [http-nio-9999-exec-1] ERROR o.a.c.c.C.[.[localhost].[/].[dispatcherServlet] - Servlet.service() for servlet [dispatcherServlet] in context with path [] threw exception [Request processing failed; nested exception is org.springframework.dao.DataIntegrityViolationException: 
### Error updating database.  Cause: com.mysql.cj.jdbc.exceptions.MysqlDataTruncation: Data truncation: Data too long for column 'commentText' at row 1
### The error may exist in com/example/tripadvisor/mapper/CommentsMapper.java (best guess)
### The error may involve com.example.tripadvisor.mapper.CommentsMapper.insert-Inline
### The error occurred while setting parameters
### SQL: INSERT INTO comments  ( pid, mid, remoteAddr, commentText, createdAt )  VALUES  ( ?, ?, ?, ?, ? )
### Cause: com.mysql.cj.jdbc.exceptions.MysqlDataTruncation: Data truncation: Data too long for column 'commentText' at row 1
; Data truncation: Data too long for column 'commentText' at row 1; nested exception is com.mysql.cj.jdbc.exceptions.MysqlDataTruncation: Data truncation: Data too long for column 'commentText' at row 1] with root cause
com.mysql.cj.jdbc.exceptions.MysqlDataTruncation: Data truncation: Data too long for column 'commentText' at row 1
	at com.mysql.cj.jdbc.exceptions.SQLExceptionsMapping.translateException(SQLExceptionsMapping.java:104)
	at com.mysql.cj.jdbc.ClientPreparedStatement.executeInternal(ClientPreparedStatement.java:916)
	at com.mysql.cj.jdbc.ClientPreparedStatement.execute(ClientPreparedStatement.java:354)
	at com.zaxxer.hikari.pool.ProxyPreparedStatement.execute(ProxyPreparedStatement.java:44)
	at com.zaxxer.hikari.pool.HikariProxyPreparedStatement.execute(HikariProxyPreparedStatement.java)
	at sun.reflect.GeneratedMethodAccessor89.invoke(Unknown Source)
	at sun.reflect.DelegatingMethodAccessorImpl.invoke(DelegatingMethodAccessorImpl.java:43)
	at java.lang.reflect.Method.invoke(Method.java:498)
	at org.apache.ibatis.logging.jdbc.PreparedStatementLogger.invoke(PreparedStatementLogger.java:59)
	at com.sun.proxy.$Proxy110.execute(Unknown Source)
	at org.apache.ibatis.executor.statement.PreparedStatementHandler.update(PreparedStatementHandler.java:47)
	at org.apache.ibatis.executor.statement.RoutingStatementHandler.update(RoutingStatementHandler.java:74)
	at sun.reflect.GeneratedMethodAccessor152.invoke(Unknown Source)
	at sun.reflect.DelegatingMethodAccessorImpl.invoke(DelegatingMethodAccessorImpl.java:43)
	at java.lang.reflect.Method.invoke(Method.java:498)
	at org.apache.ibatis.plugin.Plugin.invoke(Plugin.java:64)
	at com.sun.proxy.$Proxy108.update(Unknown Source)
	at org.apache.ibatis.executor.SimpleExecutor.doUpdate(SimpleExecutor.java:50)
	at org.apache.ibatis.executor.BaseExecutor.update(BaseExecutor.java:117)
	at org.apache.ibatis.executor.CachingExecutor.update(CachingExecutor.java:76)
	at sun.reflect.GeneratedMethodAccessor151.invoke(Unknown Source)
	at sun.reflect.DelegatingMethodAccessorImpl.invoke(DelegatingMethodAccessorImpl.java:43)
	at java.lang.reflect.Method.invoke(Method.java:498)
	at org.apache.ibatis.plugin.Invocation.proceed(Invocation.java:49)
	at com.baomidou.mybatisplus.extension.plugins.MybatisPlusInterceptor.intercept(MybatisPlusInterceptor.java:106)
	at org.apache.ibatis.plugin.Plugin.invoke(Plugin.java:62)
	at com.sun.proxy.$Proxy107.update(Unknown Source)
	at org.apache.ibatis.session.defaults.DefaultSqlSession.update(DefaultSqlSession.java:194)
	at org.apache.ibatis.session.defaults.DefaultSqlSession.insert(DefaultSqlSession.java:181)
	at sun.reflect.NativeMethodAccessorImpl.invoke0(Native Method)
	at sun.reflect.NativeMethodAccessorImpl.invoke(NativeMethodAccessorImpl.java:62)
	at sun.reflect.DelegatingMethodAccessorImpl.invoke(DelegatingMethodAccessorImpl.java:43)
	at java.lang.reflect.Method.invoke(Method.java:498)
	at org.mybatis.spring.SqlSessionTemplate$SqlSessionInterceptor.invoke(SqlSessionTemplate.java:427)
	at com.sun.proxy.$Proxy72.insert(Unknown Source)
	at org.mybatis.spring.SqlSessionTemplate.insert(SqlSessionTemplate.java:272)
	at com.baomidou.mybatisplus.core.override.MybatisMapperMethod.execute(MybatisMapperMethod.java:59)
	at com.baomidou.mybatisplus.core.override.MybatisMapperProxy$PlainMethodInvoker.invoke(MybatisMapperProxy.java:148)
	at com.baomidou.mybatisplus.core.override.MybatisMapperProxy.invoke(MybatisMapperProxy.java:89)
	at com.sun.proxy.$Proxy87.insert(Unknown Source)
	at com.example.tripadvisor.service.CommentsService.add(CommentsService.java:16)
	at com.example.tripadvisor.controller.frontdesk.CommentsController.add(CommentsController.java:47)
	at sun.reflect.NativeMethodAccessorImpl.invoke0(Native Method)
	at sun.reflect.NativeMethodAccessorImpl.invoke(NativeMethodAccessorImpl.java:62)
	at sun.reflect.DelegatingMethodAccessorImpl.invoke(DelegatingMethodAccessorImpl.java:43)
	at java.lang.reflect.Method.invoke(Method.java:498)
	at org.springframework.web.method.support.InvocableHandlerMethod.doInvoke(InvocableHandlerMethod.java:197)
	at org.springframework.web.method.support.InvocableHandlerMethod.invokeForRequest(InvocableHandlerMethod.java:141)
	at org.springframework.web.servlet.mvc.method.annotation.ServletInvocableHandlerMethod.invokeAndHandle(ServletInvocableHandlerMethod.java:106)
	at org.springframework.web.servlet.mvc.method.annotation.RequestMappingHandlerAdapter.invokeHandlerMethod(RequestMappingHandlerAdapter.java:895)
	at org.springframework.web.servlet.mvc.method.annotation.RequestMappingHandlerAdapter.handleInternal(RequestMappingHandlerAdapter.java:808)
	at org.springframework.web.servlet.mvc.method.AbstractHandlerMethodAdapter.handle(AbstractHandlerMethodAdapter.java:87)
	at org.springframework.web.servlet.DispatcherServlet.doDispatch(DispatcherServlet.java:1064)
	at org.springframework.web.servlet.DispatcherServlet.doService(DispatcherServlet.java:963)
	at org.springframework.web.servlet.FrameworkServlet.processRequest(FrameworkServlet.java:1006)
	at org.springframework.web.servlet.FrameworkServlet.doPost(FrameworkServlet.java:909)
	at javax.servlet.http.HttpServlet.service(HttpServlet.java:681)
	at org.springframework.web.servlet.FrameworkServlet.service(FrameworkServlet.java:883)
	at javax.servlet.http.HttpServlet.service(HttpServlet.java:764)
	at org.apache.catalina.core.ApplicationFilterChain.internalDoFilter(ApplicationFilterChain.java:227)
	at org.apache.catalina.core.ApplicationFilterChain.doFilter(ApplicationFilterChain.java:162)
	at org.apache.tomcat.websocket.server.WsFilter.doFilter(WsFilter.java:53)
	at org.apache.catalina.core.ApplicationFilterChain.internalDoFilter(ApplicationFilterChain.java:189)
	at org.apache.catalina.core.ApplicationFilterChain.doFilter(ApplicationFilterChain.java:162)
	at org.springframework.security.web.FilterChainProxy$VirtualFilterChain.doFilter(FilterChainProxy.java:327)
	at org.springframework.security.web.access.intercept.FilterSecurityInterceptor.invoke(FilterSecurityInterceptor.java:115)
	at org.springframework.security.web.access.intercept.FilterSecurityInterceptor.doFilter(FilterSecurityInterceptor.java:81)
	at org.springframework.security.web.FilterChainProxy$VirtualFilterChain.doFilter(FilterChainProxy.java:336)
	at org.springframework.security.web.access.ExceptionTranslationFilter.doFilter(ExceptionTranslationFilter.java:121)
	at org.springframework.security.web.access.ExceptionTranslationFilter.doFilter(ExceptionTranslationFilter.java:115)
	at org.springframework.security.web.FilterChainProxy$VirtualFilterChain.doFilter(FilterChainProxy.java:336)
	at org.springframework.security.web.session.SessionManagementFilter.doFilter(SessionManagementFilter.java:126)
	at org.springframework.security.web.session.SessionManagementFilter.doFilter(SessionManagementFilter.java:81)
	at org.springframework.security.web.FilterChainProxy$VirtualFilterChain.doFilter(FilterChainProxy.java:336)
	at org.springframework.security.web.authentication.AnonymousAuthenticationFilter.doFilter(AnonymousAuthenticationFilter.java:105)
	at org.springframework.security.web.FilterChainProxy$VirtualFilterChain.doFilter(FilterChainProxy.java:336)
	at org.springframework.security.web.servletapi.SecurityContextHolderAwareRequestFilter.doFilter(SecurityContextHolderAwareRequestFilter.java:149)
	at org.springframework.security.web.FilterChainProxy$VirtualFilterChain.doFilter(FilterChainProxy.java:336)
	at org.springframework.security.web.savedrequest.RequestCacheAwareFilter.doFilter(RequestCacheAwareFilter.java:63)
	at org.springframework.security.web.FilterChainProxy$VirtualFilterChain.doFilter(FilterChainProxy.java:336)
	at org.springframework.security.web.authentication.AbstractAuthenticationProcessingFilter.doFilter(AbstractAuthenticationProcessingFilter.java:218)
	at org.springframework.security.web.authentication.AbstractAuthenticationProcessingFilter.doFilter(AbstractAuthenticationProcessingFilter.java:212)
	at org.springframework.security.web.FilterChainProxy$VirtualFilterChain.doFilter(FilterChainProxy.java:336)
	at org.springframework.security.web.authentication.logout.LogoutFilter.doFilter(LogoutFilter.java:103)
	at org.springframework.security.web.authentication.logout.LogoutFilter.doFilter(LogoutFilter.java:89)
	at org.springframework.security.web.FilterChainProxy$VirtualFilterChain.doFilter(FilterChainProxy.java:336)
	at org.springframework.web.filter.CorsFilter.doFilterInternal(CorsFilter.java:91)
	at org.springframework.web.filter.OncePerRequestFilter.doFilter(OncePerRequestFilter.java:119)
	at org.springframework.security.web.FilterChainProxy$VirtualFilterChain.doFilter(FilterChainProxy.java:336)
	at org.springframework.security.web.header.HeaderWriterFilter.doHeadersAfter(HeaderWriterFilter.java:90)
	at org.springframework.security.web.header.HeaderWriterFilter.doFilterInternal(HeaderWriterFilter.java:75)
	at org.springframework.web.filter.OncePerRequestFilter.doFilter(OncePerRequestFilter.java:119)
	at org.springframework.security.web.FilterChainProxy$VirtualFilterChain.doFilter(FilterChainProxy.java:336)
	at org.springframework.security.web.context.SecurityContextPersistenceFilter.doFilter(SecurityContextPersistenceFilter.java:110)
	at org.springframework.security.web.context.SecurityContextPersistenceFilter.doFilter(SecurityContextPersistenceFilter.java:80)
	at org.springframework.security.web.FilterChainProxy$VirtualFilterChain.doFilter(FilterChainProxy.java:336)
	at org.springframework.security.web.context.request.async.WebAsyncManagerIntegrationFilter.doFilterInternal(WebAsyncManagerIntegrationFilter.java:55)
	at org.springframework.web.filter.OncePerRequestFilter.doFilter(OncePerRequestFilter.java:119)
	at org.springframework.security.web.FilterChainProxy$VirtualFilterChain.doFilter(FilterChainProxy.java:336)
	at org.springframework.security.web.FilterChainProxy.doFilterInternal(FilterChainProxy.java:211)
	at org.springframework.security.web.FilterChainProxy.doFilter(FilterChainProxy.java:183)
	at org.springframework.web.filter.DelegatingFilterProxy.invokeDelegate(DelegatingFilterProxy.java:358)
	at org.springframework.web.filter.DelegatingFilterProxy.doFilter(DelegatingFilterProxy.java:271)
	at org.apache.catalina.core.ApplicationFilterChain.internalDoFilter(ApplicationFilterChain.java:189)
	at org.apache.catalina.core.ApplicationFilterChain.doFilter(ApplicationFilterChain.java:162)
	at org.springframework.web.filter.RequestContextFilter.doFilterInternal(RequestContextFilter.java:100)
	at org.springframework.web.filter.OncePerRequestFilter.doFilter(OncePerRequestFilter.java:119)
	at org.apache.catalina.core.ApplicationFilterChain.internalDoFilter(ApplicationFilterChain.java:189)
	at org.apache.catalina.core.ApplicationFilterChain.doFilter(ApplicationFilterChain.java:162)
	at org.springframework.web.filter.FormContentFilter.doFilterInternal(FormContentFilter.java:93)
	at org.springframework.web.filter.OncePerRequestFilter.doFilter(OncePerRequestFilter.java:119)
	at org.apache.catalina.core.ApplicationFilterChain.internalDoFilter(ApplicationFilterChain.java:189)
	at org.apache.catalina.core.ApplicationFilterChain.doFilter(ApplicationFilterChain.java:162)
	at org.springframework.web.filter.CharacterEncodingFilter.doFilterInternal(CharacterEncodingFilter.java:201)
	at org.springframework.web.filter.OncePerRequestFilter.doFilter(OncePerRequestFilter.java:119)
	at org.apache.catalina.core.ApplicationFilterChain.internalDoFilter(ApplicationFilterChain.java:189)
	at org.apache.catalina.core.ApplicationFilterChain.doFilter(ApplicationFilterChain.java:162)
	at org.apache.catalina.core.StandardWrapperValve.invoke(StandardWrapperValve.java:197)
	at org.apache.catalina.core.StandardContextValve.invoke(StandardContextValve.java:97)
	at org.apache.catalina.authenticator.AuthenticatorBase.invoke(AuthenticatorBase.java:542)
	at org.apache.catalina.core.StandardHostValve.invoke(StandardHostValve.java:135)
	at org.apache.catalina.valves.ErrorReportValve.invoke(ErrorReportValve.java:92)
	at org.apache.catalina.core.StandardEngineValve.invoke(StandardEngineValve.java:78)
	at org.apache.catalina.connector.CoyoteAdapter.service(CoyoteAdapter.java:357)
	at org.apache.coyote.http11.Http11Processor.service(Http11Processor.java:382)
	at org.apache.coyote.AbstractProcessorLight.process(AbstractProcessorLight.java:65)
	at org.apache.coyote.AbstractProtocol$ConnectionHandler.process(AbstractProtocol.java:893)
	at org.apache.tomcat.util.net.NioEndpoint$SocketProcessor.doRun(NioEndpoint.java:1726)
	at org.apache.tomcat.util.net.SocketProcessorBase.run(SocketProcessorBase.java:49)
	at org.apache.tomcat.util.threads.ThreadPoolExecutor.runWorker(ThreadPoolExecutor.java:1191)
	at org.apache.tomcat.util.threads.ThreadPoolExecutor$Worker.run(ThreadPoolExecutor.java:659)
	at org.apache.tomcat.util.threads.TaskThread$WrappingRunnable.run(TaskThread.java:61)
	at java.lang.Thread.run(Thread.java:748)
00:26:09.889 [http-nio-9999-exec-7] ERROR o.a.c.c.C.[.[localhost].[/].[dispatcherServlet] - Servlet.service() for servlet [dispatcherServlet] in context with path [] threw exception [Request processing failed; nested exception is org.springframework.dao.DataIntegrityViolationException: 
### Error updating database.  Cause: com.mysql.cj.jdbc.exceptions.MysqlDataTruncation: Data truncation: Data too long for column 'commentText' at row 1
### The error may exist in com/example/tripadvisor/mapper/CommentsMapper.java (best guess)
### The error may involve com.example.tripadvisor.mapper.CommentsMapper.insert-Inline
### The error occurred while setting parameters
### SQL: INSERT INTO comments  ( pid, mid, remoteAddr, commentText, createdAt )  VALUES  ( ?, ?, ?, ?, ? )
### Cause: com.mysql.cj.jdbc.exceptions.MysqlDataTruncation: Data truncation: Data too long for column 'commentText' at row 1
; Data truncation: Data too long for column 'commentText' at row 1; nested exception is com.mysql.cj.jdbc.exceptions.MysqlDataTruncation: Data truncation: Data too long for column 'commentText' at row 1] with root cause
com.mysql.cj.jdbc.exceptions.MysqlDataTruncation: Data truncation: Data too long for column 'commentText' at row 1
	at com.mysql.cj.jdbc.exceptions.SQLExceptionsMapping.translateException(SQLExceptionsMapping.java:104)
	at com.mysql.cj.jdbc.ClientPreparedStatement.executeInternal(ClientPreparedStatement.java:916)
	at com.mysql.cj.jdbc.ClientPreparedStatement.execute(ClientPreparedStatement.java:354)
	at com.zaxxer.hikari.pool.ProxyPreparedStatement.execute(ProxyPreparedStatement.java:44)
	at com.zaxxer.hikari.pool.HikariProxyPreparedStatement.execute(HikariProxyPreparedStatement.java)
	at sun.reflect.GeneratedMethodAccessor89.invoke(Unknown Source)
	at sun.reflect.DelegatingMethodAccessorImpl.invoke(DelegatingMethodAccessorImpl.java:43)
	at java.lang.reflect.Method.invoke(Method.java:498)
	at org.apache.ibatis.logging.jdbc.PreparedStatementLogger.invoke(PreparedStatementLogger.java:59)
	at com.sun.proxy.$Proxy110.execute(Unknown Source)
	at org.apache.ibatis.executor.statement.PreparedStatementHandler.update(PreparedStatementHandler.java:47)
	at org.apache.ibatis.executor.statement.RoutingStatementHandler.update(RoutingStatementHandler.java:74)
	at sun.reflect.GeneratedMethodAccessor152.invoke(Unknown Source)
	at sun.reflect.DelegatingMethodAccessorImpl.invoke(DelegatingMethodAccessorImpl.java:43)
	at java.lang.reflect.Method.invoke(Method.java:498)
	at org.apache.ibatis.plugin.Plugin.invoke(Plugin.java:64)
	at com.sun.proxy.$Proxy108.update(Unknown Source)
	at org.apache.ibatis.executor.SimpleExecutor.doUpdate(SimpleExecutor.java:50)
	at org.apache.ibatis.executor.BaseExecutor.update(BaseExecutor.java:117)
	at org.apache.ibatis.executor.CachingExecutor.update(CachingExecutor.java:76)
	at sun.reflect.GeneratedMethodAccessor151.invoke(Unknown Source)
	at sun.reflect.DelegatingMethodAccessorImpl.invoke(DelegatingMethodAccessorImpl.java:43)
	at java.lang.reflect.Method.invoke(Method.java:498)
	at org.apache.ibatis.plugin.Invocation.proceed(Invocation.java:49)
	at com.baomidou.mybatisplus.extension.plugins.MybatisPlusInterceptor.intercept(MybatisPlusInterceptor.java:106)
	at org.apache.ibatis.plugin.Plugin.invoke(Plugin.java:62)
	at com.sun.proxy.$Proxy107.update(Unknown Source)
	at org.apache.ibatis.session.defaults.DefaultSqlSession.update(DefaultSqlSession.java:194)
	at org.apache.ibatis.session.defaults.DefaultSqlSession.insert(DefaultSqlSession.java:181)
	at sun.reflect.NativeMethodAccessorImpl.invoke0(Native Method)
	at sun.reflect.NativeMethodAccessorImpl.invoke(NativeMethodAccessorImpl.java:62)
	at sun.reflect.DelegatingMethodAccessorImpl.invoke(DelegatingMethodAccessorImpl.java:43)
	at java.lang.reflect.Method.invoke(Method.java:498)
	at org.mybatis.spring.SqlSessionTemplate$SqlSessionInterceptor.invoke(SqlSessionTemplate.java:427)
	at com.sun.proxy.$Proxy72.insert(Unknown Source)
	at org.mybatis.spring.SqlSessionTemplate.insert(SqlSessionTemplate.java:272)
	at com.baomidou.mybatisplus.core.override.MybatisMapperMethod.execute(MybatisMapperMethod.java:59)
	at com.baomidou.mybatisplus.core.override.MybatisMapperProxy$PlainMethodInvoker.invoke(MybatisMapperProxy.java:148)
	at com.baomidou.mybatisplus.core.override.MybatisMapperProxy.invoke(MybatisMapperProxy.java:89)
	at com.sun.proxy.$Proxy87.insert(Unknown Source)
	at com.example.tripadvisor.service.CommentsService.add(CommentsService.java:16)
	at com.example.tripadvisor.controller.frontdesk.CommentsController.add(CommentsController.java:47)
	at sun.reflect.NativeMethodAccessorImpl.invoke0(Native Method)
	at sun.reflect.NativeMethodAccessorImpl.invoke(NativeMethodAccessorImpl.java:62)
	at sun.reflect.DelegatingMethodAccessorImpl.invoke(DelegatingMethodAccessorImpl.java:43)
	at java.lang.reflect.Method.invoke(Method.java:498)
	at org.springframework.web.method.support.InvocableHandlerMethod.doInvoke(InvocableHandlerMethod.java:197)
	at org.springframework.web.method.support.InvocableHandlerMethod.invokeForRequest(InvocableHandlerMethod.java:141)
	at org.springframework.web.servlet.mvc.method.annotation.ServletInvocableHandlerMethod.invokeAndHandle(ServletInvocableHandlerMethod.java:106)
	at org.springframework.web.servlet.mvc.method.annotation.RequestMappingHandlerAdapter.invokeHandlerMethod(RequestMappingHandlerAdapter.java:895)
	at org.springframework.web.servlet.mvc.method.annotation.RequestMappingHandlerAdapter.handleInternal(RequestMappingHandlerAdapter.java:808)
	at org.springframework.web.servlet.mvc.method.AbstractHandlerMethodAdapter.handle(AbstractHandlerMethodAdapter.java:87)
	at org.springframework.web.servlet.DispatcherServlet.doDispatch(DispatcherServlet.java:1064)
	at org.springframework.web.servlet.DispatcherServlet.doService(DispatcherServlet.java:963)
	at org.springframework.web.servlet.FrameworkServlet.processRequest(FrameworkServlet.java:1006)
	at org.springframework.web.servlet.FrameworkServlet.doPost(FrameworkServlet.java:909)
	at javax.servlet.http.HttpServlet.service(HttpServlet.java:681)
	at org.springframework.web.servlet.FrameworkServlet.service(FrameworkServlet.java:883)
	at javax.servlet.http.HttpServlet.service(HttpServlet.java:764)
	at org.apache.catalina.core.ApplicationFilterChain.internalDoFilter(ApplicationFilterChain.java:227)
	at org.apache.catalina.core.ApplicationFilterChain.doFilter(ApplicationFilterChain.java:162)
	at org.apache.tomcat.websocket.server.WsFilter.doFilter(WsFilter.java:53)
	at org.apache.catalina.core.ApplicationFilterChain.internalDoFilter(ApplicationFilterChain.java:189)
	at org.apache.catalina.core.ApplicationFilterChain.doFilter(ApplicationFilterChain.java:162)
	at org.springframework.security.web.FilterChainProxy$VirtualFilterChain.doFilter(FilterChainProxy.java:327)
	at org.springframework.security.web.access.intercept.FilterSecurityInterceptor.invoke(FilterSecurityInterceptor.java:115)
	at org.springframework.security.web.access.intercept.FilterSecurityInterceptor.doFilter(FilterSecurityInterceptor.java:81)
	at org.springframework.security.web.FilterChainProxy$VirtualFilterChain.doFilter(FilterChainProxy.java:336)
	at org.springframework.security.web.access.ExceptionTranslationFilter.doFilter(ExceptionTranslationFilter.java:121)
	at org.springframework.security.web.access.ExceptionTranslationFilter.doFilter(ExceptionTranslationFilter.java:115)
	at org.springframework.security.web.FilterChainProxy$VirtualFilterChain.doFilter(FilterChainProxy.java:336)
	at org.springframework.security.web.session.SessionManagementFilter.doFilter(SessionManagementFilter.java:126)
	at org.springframework.security.web.session.SessionManagementFilter.doFilter(SessionManagementFilter.java:81)
	at org.springframework.security.web.FilterChainProxy$VirtualFilterChain.doFilter(FilterChainProxy.java:336)
	at org.springframework.security.web.authentication.AnonymousAuthenticationFilter.doFilter(AnonymousAuthenticationFilter.java:105)
	at org.springframework.security.web.FilterChainProxy$VirtualFilterChain.doFilter(FilterChainProxy.java:336)
	at org.springframework.security.web.servletapi.SecurityContextHolderAwareRequestFilter.doFilter(SecurityContextHolderAwareRequestFilter.java:149)
	at org.springframework.security.web.FilterChainProxy$VirtualFilterChain.doFilter(FilterChainProxy.java:336)
	at org.springframework.security.web.savedrequest.RequestCacheAwareFilter.doFilter(RequestCacheAwareFilter.java:63)
	at org.springframework.security.web.FilterChainProxy$VirtualFilterChain.doFilter(FilterChainProxy.java:336)
	at org.springframework.security.web.authentication.AbstractAuthenticationProcessingFilter.doFilter(AbstractAuthenticationProcessingFilter.java:218)
	at org.springframework.security.web.authentication.AbstractAuthenticationProcessingFilter.doFilter(AbstractAuthenticationProcessingFilter.java:212)
	at org.springframework.security.web.FilterChainProxy$VirtualFilterChain.doFilter(FilterChainProxy.java:336)
	at org.springframework.security.web.authentication.logout.LogoutFilter.doFilter(LogoutFilter.java:103)
	at org.springframework.security.web.authentication.logout.LogoutFilter.doFilter(LogoutFilter.java:89)
	at org.springframework.security.web.FilterChainProxy$VirtualFilterChain.doFilter(FilterChainProxy.java:336)
	at org.springframework.web.filter.CorsFilter.doFilterInternal(CorsFilter.java:91)
	at org.springframework.web.filter.OncePerRequestFilter.doFilter(OncePerRequestFilter.java:119)
	at org.springframework.security.web.FilterChainProxy$VirtualFilterChain.doFilter(FilterChainProxy.java:336)
	at org.springframework.security.web.header.HeaderWriterFilter.doHeadersAfter(HeaderWriterFilter.java:90)
	at org.springframework.security.web.header.HeaderWriterFilter.doFilterInternal(HeaderWriterFilter.java:75)
	at org.springframework.web.filter.OncePerRequestFilter.doFilter(OncePerRequestFilter.java:119)
	at org.springframework.security.web.FilterChainProxy$VirtualFilterChain.doFilter(FilterChainProxy.java:336)
	at org.springframework.security.web.context.SecurityContextPersistenceFilter.doFilter(SecurityContextPersistenceFilter.java:110)
	at org.springframework.security.web.context.SecurityContextPersistenceFilter.doFilter(SecurityContextPersistenceFilter.java:80)
	at org.springframework.security.web.FilterChainProxy$VirtualFilterChain.doFilter(FilterChainProxy.java:336)
	at org.springframework.security.web.context.request.async.WebAsyncManagerIntegrationFilter.doFilterInternal(WebAsyncManagerIntegrationFilter.java:55)
	at org.springframework.web.filter.OncePerRequestFilter.doFilter(OncePerRequestFilter.java:119)
	at org.springframework.security.web.FilterChainProxy$VirtualFilterChain.doFilter(FilterChainProxy.java:336)
	at org.springframework.security.web.FilterChainProxy.doFilterInternal(FilterChainProxy.java:211)
	at org.springframework.security.web.FilterChainProxy.doFilter(FilterChainProxy.java:183)
	at org.springframework.web.filter.DelegatingFilterProxy.invokeDelegate(DelegatingFilterProxy.java:358)
	at org.springframework.web.filter.DelegatingFilterProxy.doFilter(DelegatingFilterProxy.java:271)
	at org.apache.catalina.core.ApplicationFilterChain.internalDoFilter(ApplicationFilterChain.java:189)
	at org.apache.catalina.core.ApplicationFilterChain.doFilter(ApplicationFilterChain.java:162)
	at org.springframework.web.filter.RequestContextFilter.doFilterInternal(RequestContextFilter.java:100)
	at org.springframework.web.filter.OncePerRequestFilter.doFilter(OncePerRequestFilter.java:119)
	at org.apache.catalina.core.ApplicationFilterChain.internalDoFilter(ApplicationFilterChain.java:189)
	at org.apache.catalina.core.ApplicationFilterChain.doFilter(ApplicationFilterChain.java:162)
	at org.springframework.web.filter.FormContentFilter.doFilterInternal(FormContentFilter.java:93)
	at org.springframework.web.filter.OncePerRequestFilter.doFilter(OncePerRequestFilter.java:119)
	at org.apache.catalina.core.ApplicationFilterChain.internalDoFilter(ApplicationFilterChain.java:189)
	at org.apache.catalina.core.ApplicationFilterChain.doFilter(ApplicationFilterChain.java:162)
	at org.springframework.web.filter.CharacterEncodingFilter.doFilterInternal(CharacterEncodingFilter.java:201)
	at org.springframework.web.filter.OncePerRequestFilter.doFilter(OncePerRequestFilter.java:119)
	at org.apache.catalina.core.ApplicationFilterChain.internalDoFilter(ApplicationFilterChain.java:189)
	at org.apache.catalina.core.ApplicationFilterChain.doFilter(ApplicationFilterChain.java:162)
	at org.apache.catalina.core.StandardWrapperValve.invoke(StandardWrapperValve.java:197)
	at org.apache.catalina.core.StandardContextValve.invoke(StandardContextValve.java:97)
	at org.apache.catalina.authenticator.AuthenticatorBase.invoke(AuthenticatorBase.java:542)
	at org.apache.catalina.core.StandardHostValve.invoke(StandardHostValve.java:135)
	at org.apache.catalina.valves.ErrorReportValve.invoke(ErrorReportValve.java:92)
	at org.apache.catalina.core.StandardEngineValve.invoke(StandardEngineValve.java:78)
	at org.apache.catalina.connector.CoyoteAdapter.service(CoyoteAdapter.java:357)
	at org.apache.coyote.http11.Http11Processor.service(Http11Processor.java:382)
	at org.apache.coyote.AbstractProcessorLight.process(AbstractProcessorLight.java:65)
	at org.apache.coyote.AbstractProtocol$ConnectionHandler.process(AbstractProtocol.java:893)
	at org.apache.tomcat.util.net.NioEndpoint$SocketProcessor.doRun(NioEndpoint.java:1726)
	at org.apache.tomcat.util.net.SocketProcessorBase.run(SocketProcessorBase.java:49)
	at org.apache.tomcat.util.threads.ThreadPoolExecutor.runWorker(ThreadPoolExecutor.java:1191)
	at org.apache.tomcat.util.threads.ThreadPoolExecutor$Worker.run(ThreadPoolExecutor.java:659)
	at org.apache.tomcat.util.threads.TaskThread$WrappingRunnable.run(TaskThread.java:61)
	at java.lang.Thread.run(Thread.java:748)
00:27:44.856 [http-nio-9999-exec-3] INFO  com.example.tripadvisor.aop.LogAOP - Log(url=/backstage/product/edit, visitTime=Mon Jun 26 00:27:44 CST 2023, username=1, ip=0:0:0:0:0:0:0:1, executionTime=7, exceptionMessage=null)
00:27:52.494 [http-nio-9999-exec-1] INFO  com.example.tripadvisor.aop.LogAOP - Log(url=/backstage/product/upload, visitTime=Mon Jun 26 00:27:52 CST 2023, username=1, ip=0:0:0:0:0:0:0:1, executionTime=2, exceptionMessage=null)
00:28:29.860 [http-nio-9999-exec-7] INFO  com.example.tripadvisor.aop.LogAOP - Log(url=/backstage/product/update, visitTime=Mon Jun 26 00:28:29 CST 2023, username=1, ip=0:0:0:0:0:0:0:1, executionTime=9, exceptionMessage=null)
00:28:29.879 [http-nio-9999-exec-2] INFO  com.example.tripadvisor.aop.LogAOP - Log(url=/backstage/product/all, visitTime=Mon Jun 26 00:28:29 CST 2023, username=1, ip=0:0:0:0:0:0:0:1, executionTime=7, exceptionMessage=null)
00:41:03.393 [http-nio-9999-exec-10] INFO  com.example.tripadvisor.aop.LogAOP - Log(url=/backstage/category/all, visitTime=Mon Jun 26 00:41:03 CST 2023, username=1, ip=0:0:0:0:0:0:0:1, executionTime=7, exceptionMessage=null)
00:41:07.054 [http-nio-9999-exec-5] INFO  com.example.tripadvisor.aop.LogAOP - Log(url=/backstage/category/edit, visitTime=Mon Jun 26 00:41:07 CST 2023, username=1, ip=0:0:0:0:0:0:0:1, executionTime=2, exceptionMessage=null)
00:41:26.901 [http-nio-9999-exec-1] INFO  com.example.tripadvisor.aop.LogAOP - Log(url=/backstage/category/update, visitTime=Mon Jun 26 00:41:26 CST 2023, username=1, ip=0:0:0:0:0:0:0:1, executionTime=10, exceptionMessage=null)
00:41:26.913 [http-nio-9999-exec-6] INFO  com.example.tripadvisor.aop.LogAOP - Log(url=/backstage/category/all, visitTime=Mon Jun 26 00:41:26 CST 2023, username=1, ip=0:0:0:0:0:0:0:1, executionTime=8, exceptionMessage=null)
09:16:29.005 [http-nio-9999-exec-10] INFO  com.example.tripadvisor.aop.LogAOP - Log(url=/backstage/memberB/RA, visitTime=Mon Jun 26 09:16:28 CST 2023, username=1, ip=0:0:0:0:0:0:0:1, executionTime=33, exceptionMessage=null)
09:16:29.913 [http-nio-9999-exec-3] INFO  com.example.tripadvisor.aop.LogAOP - Log(url=/backstage/memberB/allRB, visitTime=Mon Jun 26 09:16:29 CST 2023, username=1, ip=0:0:0:0:0:0:0:1, executionTime=5, exceptionMessage=null)
09:16:31.029 [http-nio-9999-exec-8] INFO  com.example.tripadvisor.aop.LogAOP - Log(url=/backstage/memberB/allRC, visitTime=Mon Jun 26 09:16:31 CST 2023, username=1, ip=0:0:0:0:0:0:0:1, executionTime=5, exceptionMessage=null)
09:16:32.088 [http-nio-9999-exec-5] INFO  com.example.tripadvisor.aop.LogAOP - Log(url=/backstage/memberB/allRD, visitTime=Mon Jun 26 09:16:32 CST 2023, username=1, ip=0:0:0:0:0:0:0:1, executionTime=4, exceptionMessage=null)
09:16:32.722 [http-nio-9999-exec-5] INFO  com.example.tripadvisor.aop.LogAOP - Log(url=/backstage/memberB/allRE, visitTime=Mon Jun 26 09:16:32 CST 2023, username=1, ip=0:0:0:0:0:0:0:1, executionTime=5, exceptionMessage=null)
09:16:33.977 [http-nio-9999-exec-1] INFO  com.example.tripadvisor.aop.LogAOP - Log(url=/backstage/memberB/allRF, visitTime=Mon Jun 26 09:16:33 CST 2023, username=1, ip=0:0:0:0:0:0:0:1, executionTime=7, exceptionMessage=null)
09:16:39.753 [http-nio-9999-exec-6] INFO  com.example.tripadvisor.aop.LogAOP - Log(url=/backstage/memberB/edit, visitTime=Mon Jun 26 09:16:39 CST 2023, username=1, ip=0:0:0:0:0:0:0:1, executionTime=2, exceptionMessage=null)
09:16:45.944 [http-nio-9999-exec-8] INFO  com.example.tripadvisor.aop.LogAOP - Log(url=/backstage/memberB/update, visitTime=Mon Jun 26 09:16:45 CST 2023, username=1, ip=0:0:0:0:0:0:0:1, executionTime=14, exceptionMessage=null)
09:16:47.806 [http-nio-9999-exec-10] INFO  com.example.tripadvisor.aop.LogAOP - Log(url=/backstage/memberB/allRF, visitTime=Mon Jun 26 09:16:47 CST 2023, username=1, ip=0:0:0:0:0:0:0:1, executionTime=9, exceptionMessage=null)
09:16:54.790 [http-nio-9999-exec-6] INFO  com.example.tripadvisor.aop.LogAOP - Log(url=/backstage/memberB/edit, visitTime=Mon Jun 26 09:16:54 CST 2023, username=1, ip=0:0:0:0:0:0:0:1, executionTime=1, exceptionMessage=null)
09:16:58.071 [http-nio-9999-exec-4] INFO  com.example.tripadvisor.aop.LogAOP - Log(url=/backstage/memberB/allRF, visitTime=Mon Jun 26 09:16:58 CST 2023, username=1, ip=0:0:0:0:0:0:0:1, executionTime=7, exceptionMessage=null)
09:16:59.672 [http-nio-9999-exec-9] INFO  com.example.tripadvisor.aop.LogAOP - Log(url=/backstage/memberB/edit, visitTime=Mon Jun 26 09:16:59 CST 2023, username=1, ip=0:0:0:0:0:0:0:1, executionTime=2, exceptionMessage=null)
09:17:03.661 [http-nio-9999-exec-5] INFO  com.example.tripadvisor.aop.LogAOP - Log(url=/backstage/memberB/update, visitTime=Mon Jun 26 09:17:03 CST 2023, username=1, ip=0:0:0:0:0:0:0:1, executionTime=5, exceptionMessage=null)
09:17:05.088 [http-nio-9999-exec-9] INFO  com.example.tripadvisor.aop.LogAOP - Log(url=/backstage/memberB/allRE, visitTime=Mon Jun 26 09:17:05 CST 2023, username=1, ip=0:0:0:0:0:0:0:1, executionTime=10, exceptionMessage=null)
09:17:07.656 [http-nio-9999-exec-5] INFO  com.example.tripadvisor.aop.LogAOP - Log(url=/backstage/memberB/allRD, visitTime=Mon Jun 26 09:17:07 CST 2023, username=1, ip=0:0:0:0:0:0:0:1, executionTime=7, exceptionMessage=null)
09:17:08.409 [http-nio-9999-exec-9] INFO  com.example.tripadvisor.aop.LogAOP - Log(url=/backstage/memberB/allRC, visitTime=Mon Jun 26 09:17:08 CST 2023, username=1, ip=0:0:0:0:0:0:0:1, executionTime=6, exceptionMessage=null)
09:17:09.695 [http-nio-9999-exec-4] INFO  com.example.tripadvisor.aop.LogAOP - Log(url=/backstage/memberB/allRF, visitTime=Mon Jun 26 09:17:09 CST 2023, username=1, ip=0:0:0:0:0:0:0:1, executionTime=5, exceptionMessage=null)
09:17:11.303 [http-nio-9999-exec-8] INFO  com.example.tripadvisor.aop.LogAOP - Log(url=/backstage/memberB/edit, visitTime=Mon Jun 26 09:17:11 CST 2023, username=1, ip=0:0:0:0:0:0:0:1, executionTime=1, exceptionMessage=null)
09:17:15.156 [http-nio-9999-exec-8] INFO  com.example.tripadvisor.aop.LogAOP - Log(url=/backstage/memberB/update, visitTime=Mon Jun 26 09:17:15 CST 2023, username=1, ip=0:0:0:0:0:0:0:1, executionTime=6, exceptionMessage=null)
09:17:16.885 [http-nio-9999-exec-10] INFO  com.example.tripadvisor.aop.LogAOP - Log(url=/backstage/memberB/allRC, visitTime=Mon Jun 26 09:17:16 CST 2023, username=1, ip=0:0:0:0:0:0:0:1, executionTime=5, exceptionMessage=null)
09:17:17.445 [http-nio-9999-exec-1] INFO  com.example.tripadvisor.aop.LogAOP - Log(url=/backstage/memberB/allRD, visitTime=Mon Jun 26 09:17:17 CST 2023, username=1, ip=0:0:0:0:0:0:0:1, executionTime=8, exceptionMessage=null)
09:17:18.967 [http-nio-9999-exec-6] INFO  com.example.tripadvisor.aop.LogAOP - Log(url=/backstage/memberB/allRC, visitTime=Mon Jun 26 09:17:18 CST 2023, username=1, ip=0:0:0:0:0:0:0:1, executionTime=6, exceptionMessage=null)
09:17:20.027 [http-nio-9999-exec-3] INFO  com.example.tripadvisor.aop.LogAOP - Log(url=/backstage/memberB/allRB, visitTime=Mon Jun 26 09:17:20 CST 2023, username=1, ip=0:0:0:0:0:0:0:1, executionTime=7, exceptionMessage=null)
09:17:21.167 [http-nio-9999-exec-2] INFO  com.example.tripadvisor.aop.LogAOP - Log(url=/backstage/memberB/RA, visitTime=Mon Jun 26 09:17:21 CST 2023, username=1, ip=0:0:0:0:0:0:0:1, executionTime=6, exceptionMessage=null)
09:17:21.942 [http-nio-9999-exec-8] INFO  com.example.tripadvisor.aop.LogAOP - Log(url=/backstage/memberB/allRD, visitTime=Mon Jun 26 09:17:21 CST 2023, username=1, ip=0:0:0:0:0:0:0:1, executionTime=8, exceptionMessage=null)
09:17:23.661 [http-nio-9999-exec-7] INFO  com.example.tripadvisor.aop.LogAOP - Log(url=/backstage/memberB/allRE, visitTime=Mon Jun 26 09:17:23 CST 2023, username=1, ip=0:0:0:0:0:0:0:1, executionTime=5, exceptionMessage=null)
09:17:24.330 [http-nio-9999-exec-7] INFO  com.example.tripadvisor.aop.LogAOP - Log(url=/backstage/memberB/allRC, visitTime=Mon Jun 26 09:17:24 CST 2023, username=1, ip=0:0:0:0:0:0:0:1, executionTime=5, exceptionMessage=null)
09:17:25.697 [http-nio-9999-exec-2] INFO  com.example.tripadvisor.aop.LogAOP - Log(url=/backstage/memberB/allRF, visitTime=Mon Jun 26 09:17:25 CST 2023, username=1, ip=0:0:0:0:0:0:0:1, executionTime=5, exceptionMessage=null)
09:17:27.281 [http-nio-9999-exec-4] INFO  com.example.tripadvisor.aop.LogAOP - Log(url=/backstage/memberB/edit, visitTime=Mon Jun 26 09:17:27 CST 2023, username=1, ip=0:0:0:0:0:0:0:1, executionTime=3, exceptionMessage=null)
09:17:30.466 [http-nio-9999-exec-2] INFO  com.example.tripadvisor.aop.LogAOP - Log(url=/backstage/memberB/update, visitTime=Mon Jun 26 09:17:30 CST 2023, username=1, ip=0:0:0:0:0:0:0:1, executionTime=5, exceptionMessage=null)
09:17:32.151 [http-nio-9999-exec-8] INFO  com.example.tripadvisor.aop.LogAOP - Log(url=/backstage/memberB/allRC, visitTime=Mon Jun 26 09:17:32 CST 2023, username=1, ip=0:0:0:0:0:0:0:1, executionTime=7, exceptionMessage=null)
09:17:32.705 [http-nio-9999-exec-10] INFO  com.example.tripadvisor.aop.LogAOP - Log(url=/backstage/memberB/allRD, visitTime=Mon Jun 26 09:17:32 CST 2023, username=1, ip=0:0:0:0:0:0:0:1, executionTime=7, exceptionMessage=null)
09:17:34.704 [http-nio-9999-exec-2] INFO  com.example.tripadvisor.aop.LogAOP - Log(url=/backstage/memberB/allRE, visitTime=Mon Jun 26 09:17:34 CST 2023, username=1, ip=0:0:0:0:0:0:0:1, executionTime=8, exceptionMessage=null)
09:49:12.682 [http-nio-9999-exec-9] INFO  com.example.tripadvisor.aop.LogAOP - Log(url=/backstage/product/all, visitTime=Mon Jun 26 09:49:12 CST 2023, username=1, ip=0:0:0:0:0:0:0:1, executionTime=10, exceptionMessage=null)
09:49:20.820 [http-nio-9999-exec-4] INFO  com.example.tripadvisor.aop.LogAOP - Log(url=/backstage/product/delete, visitTime=Mon Jun 26 09:49:20 CST 2023, username=1, ip=0:0:0:0:0:0:0:1, executionTime=11, exceptionMessage=null)
09:49:20.838 [http-nio-9999-exec-9] INFO  com.example.tripadvisor.aop.LogAOP - Log(url=/backstage/product/all, visitTime=Mon Jun 26 09:49:20 CST 2023, username=1, ip=0:0:0:0:0:0:0:1, executionTime=9, exceptionMessage=null)
09:49:57.397 [http-nio-9999-exec-6] INFO  com.example.tripadvisor.aop.LogAOP - Log(url=/backstage/product/delete, visitTime=Mon Jun 26 09:49:57 CST 2023, username=1, ip=0:0:0:0:0:0:0:1, executionTime=15, exceptionMessage=null)
09:49:57.405 [http-nio-9999-exec-4] INFO  com.example.tripadvisor.aop.LogAOP - Log(url=/backstage/product/all, visitTime=Mon Jun 26 09:49:57 CST 2023, username=1, ip=0:0:0:0:0:0:0:1, executionTime=3, exceptionMessage=null)
10:42:26.540 [http-nio-9999-exec-6] INFO  com.example.tripadvisor.aop.LogAOP - Log(url=/backstage/permission/all, visitTime=Mon Jun 26 10:42:26 CST 2023, username=1, ip=0:0:0:0:0:0:0:1, executionTime=12, exceptionMessage=null)
10:42:27.573 [http-nio-9999-exec-10] INFO  com.example.tripadvisor.aop.LogAOP - Log(url=/backstage/role/all, visitTime=Mon Jun 26 10:42:27 CST 2023, username=1, ip=0:0:0:0:0:0:0:1, executionTime=34, exceptionMessage=null)
10:42:28.428 [http-nio-9999-exec-3] INFO  com.example.tripadvisor.aop.LogAOP - Log(url=/backstage/admin/all, visitTime=Mon Jun 26 10:42:28 CST 2023, username=1, ip=0:0:0:0:0:0:0:1, executionTime=25, exceptionMessage=null)
12:55:46.159 [HikariPool-1 housekeeper] WARN  com.zaxxer.hikari.pool.HikariPool - HikariPool-1 - Thread starvation or clock leap detected (housekeeper delta=36m39s566ms139?s700ns).
