14:21:41.167 [main] INFO  com.example.tripadvisor.TripAdvisorApplication - Starting TripAdvisorApplication using Java 1.8.0_131 on Alphabeta with PID 14236 (D:\TempProjects\TripAdvisor\target\classes started by EMPEROR PALPATINE in D:\TempProjects\TripAdvisor)
14:21:41.170 [main] INFO  com.example.tripadvisor.TripAdvisorApplication - No active profile set, falling back to default profiles: default
14:21:42.768 [main] INFO  o.s.boot.web.embedded.tomcat.TomcatWebServer - Tomcat initialized with port(s): 9999 (http)
14:21:42.778 [main] INFO  org.apache.coyote.http11.Http11NioProtocol - Initializing ProtocolHandler ["http-nio-9999"]
14:21:42.779 [main] INFO  org.apache.catalina.core.StandardService - Starting service [Tomcat]
14:21:42.779 [main] INFO  org.apache.catalina.core.StandardEngine - Starting Servlet engine: [Apache Tomcat/9.0.52]
14:21:42.880 [main] INFO  o.a.c.core.ContainerBase.[Tomcat].[localhost].[/] - Initializing Spring embedded WebApplicationContext
14:21:42.880 [main] INFO  o.s.b.w.s.c.ServletWebServerApplicationContext - Root WebApplicationContext: initialization completed in 1654 ms
14:21:45.288 [main] INFO  o.s.security.web.DefaultSecurityFilterChain - Will secure any request with [org.springframework.security.web.context.request.async.WebAsyncManagerIntegrationFilter@461c3709, org.springframework.security.web.context.SecurityContextPersistenceFilter@1378eea2, org.springframework.security.web.header.HeaderWriterFilter@429aeac1, org.springframework.web.filter.CorsFilter@7e3d7dd, org.springframework.security.web.authentication.logout.LogoutFilter@467b0f6e, org.springframework.security.web.authentication.UsernamePasswordAuthenticationFilter@12e12ac9, org.springframework.security.web.savedrequest.RequestCacheAwareFilter@3e3cd6fe, org.springframework.security.web.servletapi.SecurityContextHolderAwareRequestFilter@d88f893, org.springframework.security.web.authentication.AnonymousAuthenticationFilter@3f63a513, org.springframework.security.web.session.SessionManagementFilter@6b4fc2d1, org.springframework.security.web.access.ExceptionTranslationFilter@54336976, org.springframework.security.web.access.intercept.FilterSecurityInterceptor@7edb6fca]
14:21:45.353 [main] INFO  org.apache.coyote.http11.Http11NioProtocol - Starting ProtocolHandler ["http-nio-9999"]
14:21:45.379 [main] INFO  o.s.boot.web.embedded.tomcat.TomcatWebServer - Tomcat started on port(s): 9999 (http) with context path ''
14:21:45.391 [main] INFO  com.example.tripadvisor.TripAdvisorApplication - Started TripAdvisorApplication in 4.736 seconds (JVM running for 7.857)
14:22:01.184 [http-nio-9999-exec-1] INFO  o.a.c.core.ContainerBase.[Tomcat].[localhost].[/] - Initializing Spring DispatcherServlet 'dispatcherServlet'
14:22:01.185 [http-nio-9999-exec-1] INFO  org.springframework.web.servlet.DispatcherServlet - Initializing Servlet 'dispatcherServlet'
14:22:01.186 [http-nio-9999-exec-1] INFO  org.springframework.web.servlet.DispatcherServlet - Completed initialization in 1 ms
14:22:02.052 [http-nio-9999-exec-6] INFO  com.zaxxer.hikari.HikariDataSource - HikariPool-1 - Starting...
14:22:02.304 [http-nio-9999-exec-6] INFO  com.zaxxer.hikari.HikariDataSource - HikariPool-1 - Start completed.
14:22:18.897 [http-nio-9999-exec-5] ERROR o.a.c.c.C.[.[localhost].[/].[dispatcherServlet] - Servlet.service() for servlet [dispatcherServlet] in context with path [] threw exception [Request processing failed; nested exception is org.springframework.dao.DataIntegrityViolationException: 
### Error updating database.  Cause: java.sql.SQLIntegrityConstraintViolationException: Cannot add or update a child row: a foreign key constraint fails (`g2s2dbfe`.`member`, CONSTRAINT `member_ibfk_1` FOREIGN KEY (`mid`) REFERENCES `favorite` (`mid`) ON DELETE CASCADE ON UPDATE CASCADE)
### The error may exist in com/example/tripadvisor/mapper/MemberMapper.java (best guess)
### The error may involve com.example.tripadvisor.mapper.MemberMapper.insert-Inline
### The error occurred while setting parameters
### SQL: INSERT INTO member  ( username, password, email, phoneNum, sex, score, avatar )  VALUES  ( ?, ?, ?, ?, ?, ?, ? )
### Cause: java.sql.SQLIntegrityConstraintViolationException: Cannot add or update a child row: a foreign key constraint fails (`g2s2dbfe`.`member`, CONSTRAINT `member_ibfk_1` FOREIGN KEY (`mid`) REFERENCES `favorite` (`mid`) ON DELETE CASCADE ON UPDATE CASCADE)
; Cannot add or update a child row: a foreign key constraint fails (`g2s2dbfe`.`member`, CONSTRAINT `member_ibfk_1` FOREIGN KEY (`mid`) REFERENCES `favorite` (`mid`) ON DELETE CASCADE ON UPDATE CASCADE); nested exception is java.sql.SQLIntegrityConstraintViolationException: Cannot add or update a child row: a foreign key constraint fails (`g2s2dbfe`.`member`, CONSTRAINT `member_ibfk_1` FOREIGN KEY (`mid`) REFERENCES `favorite` (`mid`) ON DELETE CASCADE ON UPDATE CASCADE)] with root cause
java.sql.SQLIntegrityConstraintViolationException: Cannot add or update a child row: a foreign key constraint fails (`g2s2dbfe`.`member`, CONSTRAINT `member_ibfk_1` FOREIGN KEY (`mid`) REFERENCES `favorite` (`mid`) ON DELETE CASCADE ON UPDATE CASCADE)
	at com.mysql.cj.jdbc.exceptions.SQLError.createSQLException(SQLError.java:117)
	at com.mysql.cj.jdbc.exceptions.SQLExceptionsMapping.translateException(SQLExceptionsMapping.java:122)
	at com.mysql.cj.jdbc.ClientPreparedStatement.executeInternal(ClientPreparedStatement.java:916)
	at com.mysql.cj.jdbc.ClientPreparedStatement.execute(ClientPreparedStatement.java:354)
	at com.zaxxer.hikari.pool.ProxyPreparedStatement.execute(ProxyPreparedStatement.java:44)
	at com.zaxxer.hikari.pool.HikariProxyPreparedStatement.execute(HikariProxyPreparedStatement.java)
	at sun.reflect.NativeMethodAccessorImpl.invoke0(Native Method)
	at sun.reflect.NativeMethodAccessorImpl.invoke(NativeMethodAccessorImpl.java:62)
	at sun.reflect.DelegatingMethodAccessorImpl.invoke(DelegatingMethodAccessorImpl.java:43)
	at java.lang.reflect.Method.invoke(Method.java:498)
	at org.apache.ibatis.logging.jdbc.PreparedStatementLogger.invoke(PreparedStatementLogger.java:59)
	at com.sun.proxy.$Proxy110.execute(Unknown Source)
	at org.apache.ibatis.executor.statement.PreparedStatementHandler.update(PreparedStatementHandler.java:47)
	at org.apache.ibatis.executor.statement.RoutingStatementHandler.update(RoutingStatementHandler.java:74)
	at sun.reflect.NativeMethodAccessorImpl.invoke0(Native Method)
	at sun.reflect.NativeMethodAccessorImpl.invoke(NativeMethodAccessorImpl.java:62)
	at sun.reflect.DelegatingMethodAccessorImpl.invoke(DelegatingMethodAccessorImpl.java:43)
	at java.lang.reflect.Method.invoke(Method.java:498)
	at org.apache.ibatis.plugin.Plugin.invoke(Plugin.java:64)
	at com.sun.proxy.$Proxy108.update(Unknown Source)
	at org.apache.ibatis.executor.SimpleExecutor.doUpdate(SimpleExecutor.java:50)
	at org.apache.ibatis.executor.BaseExecutor.update(BaseExecutor.java:117)
	at org.apache.ibatis.executor.CachingExecutor.update(CachingExecutor.java:76)
	at sun.reflect.NativeMethodAccessorImpl.invoke0(Native Method)
	at sun.reflect.NativeMethodAccessorImpl.invoke(NativeMethodAccessorImpl.java:62)
	at sun.reflect.DelegatingMethodAccessorImpl.invoke(DelegatingMethodAccessorImpl.java:43)
	at java.lang.reflect.Method.invoke(Method.java:498)
	at org.apache.ibatis.plugin.Invocation.proceed(Invocation.java:49)
	at com.baomidou.mybatisplus.extension.plugins.MybatisPlusInterceptor.intercept(MybatisPlusInterceptor.java:106)
	at org.apache.ibatis.plugin.Plugin.invoke(Plugin.java:62)
	at com.sun.proxy.$Proxy107.update(Unknown Source)
	at org.apache.ibatis.session.defaults.DefaultSqlSession.update(DefaultSqlSession.java:194)
	at org.apache.ibatis.session.defaults.DefaultSqlSession.insert(DefaultSqlSession.java:181)
	at sun.reflect.NativeMethodAccessorImpl.invoke0(Native Method)
	at sun.reflect.NativeMethodAccessorImpl.invoke(NativeMethodAccessorImpl.java:62)
	at sun.reflect.DelegatingMethodAccessorImpl.invoke(DelegatingMethodAccessorImpl.java:43)
	at java.lang.reflect.Method.invoke(Method.java:498)
	at org.mybatis.spring.SqlSessionTemplate$SqlSessionInterceptor.invoke(SqlSessionTemplate.java:427)
	at com.sun.proxy.$Proxy72.insert(Unknown Source)
	at org.mybatis.spring.SqlSessionTemplate.insert(SqlSessionTemplate.java:272)
	at com.baomidou.mybatisplus.core.override.MybatisMapperMethod.execute(MybatisMapperMethod.java:59)
	at com.baomidou.mybatisplus.core.override.MybatisMapperProxy$PlainMethodInvoker.invoke(MybatisMapperProxy.java:148)
	at com.baomidou.mybatisplus.core.override.MybatisMapperProxy.invoke(MybatisMapperProxy.java:89)
	at com.sun.proxy.$Proxy83.insert(Unknown Source)
	at com.example.tripadvisor.service.MemberService.register(MemberService.java:68)
	at com.example.tripadvisor.controller.frontdesk.MemberController.register(MemberController.java:44)
	at sun.reflect.NativeMethodAccessorImpl.invoke0(Native Method)
	at sun.reflect.NativeMethodAccessorImpl.invoke(NativeMethodAccessorImpl.java:62)
	at sun.reflect.DelegatingMethodAccessorImpl.invoke(DelegatingMethodAccessorImpl.java:43)
	at java.lang.reflect.Method.invoke(Method.java:498)
	at org.springframework.web.method.support.InvocableHandlerMethod.doInvoke(InvocableHandlerMethod.java:197)
	at org.springframework.web.method.support.InvocableHandlerMethod.invokeForRequest(InvocableHandlerMethod.java:141)
	at org.springframework.web.servlet.mvc.method.annotation.ServletInvocableHandlerMethod.invokeAndHandle(ServletInvocableHandlerMethod.java:106)
	at org.springframework.web.servlet.mvc.method.annotation.RequestMappingHandlerAdapter.invokeHandlerMethod(RequestMappingHandlerAdapter.java:895)
	at org.springframework.web.servlet.mvc.method.annotation.RequestMappingHandlerAdapter.handleInternal(RequestMappingHandlerAdapter.java:808)
	at org.springframework.web.servlet.mvc.method.AbstractHandlerMethodAdapter.handle(AbstractHandlerMethodAdapter.java:87)
	at org.springframework.web.servlet.DispatcherServlet.doDispatch(DispatcherServlet.java:1064)
	at org.springframework.web.servlet.DispatcherServlet.doService(DispatcherServlet.java:963)
	at org.springframework.web.servlet.FrameworkServlet.processRequest(FrameworkServlet.java:1006)
	at org.springframework.web.servlet.FrameworkServlet.doPost(FrameworkServlet.java:909)
	at javax.servlet.http.HttpServlet.service(HttpServlet.java:681)
	at org.springframework.web.servlet.FrameworkServlet.service(FrameworkServlet.java:883)
	at javax.servlet.http.HttpServlet.service(HttpServlet.java:764)
	at org.apache.catalina.core.ApplicationFilterChain.internalDoFilter(ApplicationFilterChain.java:227)
	at org.apache.catalina.core.ApplicationFilterChain.doFilter(ApplicationFilterChain.java:162)
	at org.apache.tomcat.websocket.server.WsFilter.doFilter(WsFilter.java:53)
	at org.apache.catalina.core.ApplicationFilterChain.internalDoFilter(ApplicationFilterChain.java:189)
	at org.apache.catalina.core.ApplicationFilterChain.doFilter(ApplicationFilterChain.java:162)
	at org.springframework.security.web.FilterChainProxy$VirtualFilterChain.doFilter(FilterChainProxy.java:327)
	at org.springframework.security.web.access.intercept.FilterSecurityInterceptor.invoke(FilterSecurityInterceptor.java:115)
	at org.springframework.security.web.access.intercept.FilterSecurityInterceptor.doFilter(FilterSecurityInterceptor.java:81)
	at org.springframework.security.web.FilterChainProxy$VirtualFilterChain.doFilter(FilterChainProxy.java:336)
	at org.springframework.security.web.access.ExceptionTranslationFilter.doFilter(ExceptionTranslationFilter.java:121)
	at org.springframework.security.web.access.ExceptionTranslationFilter.doFilter(ExceptionTranslationFilter.java:115)
	at org.springframework.security.web.FilterChainProxy$VirtualFilterChain.doFilter(FilterChainProxy.java:336)
	at org.springframework.security.web.session.SessionManagementFilter.doFilter(SessionManagementFilter.java:126)
	at org.springframework.security.web.session.SessionManagementFilter.doFilter(SessionManagementFilter.java:81)
	at org.springframework.security.web.FilterChainProxy$VirtualFilterChain.doFilter(FilterChainProxy.java:336)
	at org.springframework.security.web.authentication.AnonymousAuthenticationFilter.doFilter(AnonymousAuthenticationFilter.java:105)
	at org.springframework.security.web.FilterChainProxy$VirtualFilterChain.doFilter(FilterChainProxy.java:336)
	at org.springframework.security.web.servletapi.SecurityContextHolderAwareRequestFilter.doFilter(SecurityContextHolderAwareRequestFilter.java:149)
	at org.springframework.security.web.FilterChainProxy$VirtualFilterChain.doFilter(FilterChainProxy.java:336)
	at org.springframework.security.web.savedrequest.RequestCacheAwareFilter.doFilter(RequestCacheAwareFilter.java:63)
	at org.springframework.security.web.FilterChainProxy$VirtualFilterChain.doFilter(FilterChainProxy.java:336)
	at org.springframework.security.web.authentication.AbstractAuthenticationProcessingFilter.doFilter(AbstractAuthenticationProcessingFilter.java:218)
	at org.springframework.security.web.authentication.AbstractAuthenticationProcessingFilter.doFilter(AbstractAuthenticationProcessingFilter.java:212)
	at org.springframework.security.web.FilterChainProxy$VirtualFilterChain.doFilter(FilterChainProxy.java:336)
	at org.springframework.security.web.authentication.logout.LogoutFilter.doFilter(LogoutFilter.java:103)
	at org.springframework.security.web.authentication.logout.LogoutFilter.doFilter(LogoutFilter.java:89)
	at org.springframework.security.web.FilterChainProxy$VirtualFilterChain.doFilter(FilterChainProxy.java:336)
	at org.springframework.web.filter.CorsFilter.doFilterInternal(CorsFilter.java:91)
	at org.springframework.web.filter.OncePerRequestFilter.doFilter(OncePerRequestFilter.java:119)
	at org.springframework.security.web.FilterChainProxy$VirtualFilterChain.doFilter(FilterChainProxy.java:336)
	at org.springframework.security.web.header.HeaderWriterFilter.doHeadersAfter(HeaderWriterFilter.java:90)
	at org.springframework.security.web.header.HeaderWriterFilter.doFilterInternal(HeaderWriterFilter.java:75)
	at org.springframework.web.filter.OncePerRequestFilter.doFilter(OncePerRequestFilter.java:119)
	at org.springframework.security.web.FilterChainProxy$VirtualFilterChain.doFilter(FilterChainProxy.java:336)
	at org.springframework.security.web.context.SecurityContextPersistenceFilter.doFilter(SecurityContextPersistenceFilter.java:110)
	at org.springframework.security.web.context.SecurityContextPersistenceFilter.doFilter(SecurityContextPersistenceFilter.java:80)
	at org.springframework.security.web.FilterChainProxy$VirtualFilterChain.doFilter(FilterChainProxy.java:336)
	at org.springframework.security.web.context.request.async.WebAsyncManagerIntegrationFilter.doFilterInternal(WebAsyncManagerIntegrationFilter.java:55)
	at org.springframework.web.filter.OncePerRequestFilter.doFilter(OncePerRequestFilter.java:119)
	at org.springframework.security.web.FilterChainProxy$VirtualFilterChain.doFilter(FilterChainProxy.java:336)
	at org.springframework.security.web.FilterChainProxy.doFilterInternal(FilterChainProxy.java:211)
	at org.springframework.security.web.FilterChainProxy.doFilter(FilterChainProxy.java:183)
	at org.springframework.web.filter.DelegatingFilterProxy.invokeDelegate(DelegatingFilterProxy.java:358)
	at org.springframework.web.filter.DelegatingFilterProxy.doFilter(DelegatingFilterProxy.java:271)
	at org.apache.catalina.core.ApplicationFilterChain.internalDoFilter(ApplicationFilterChain.java:189)
	at org.apache.catalina.core.ApplicationFilterChain.doFilter(ApplicationFilterChain.java:162)
	at org.springframework.web.filter.RequestContextFilter.doFilterInternal(RequestContextFilter.java:100)
	at org.springframework.web.filter.OncePerRequestFilter.doFilter(OncePerRequestFilter.java:119)
	at org.apache.catalina.core.ApplicationFilterChain.internalDoFilter(ApplicationFilterChain.java:189)
	at org.apache.catalina.core.ApplicationFilterChain.doFilter(ApplicationFilterChain.java:162)
	at org.springframework.web.filter.FormContentFilter.doFilterInternal(FormContentFilter.java:93)
	at org.springframework.web.filter.OncePerRequestFilter.doFilter(OncePerRequestFilter.java:119)
	at org.apache.catalina.core.ApplicationFilterChain.internalDoFilter(ApplicationFilterChain.java:189)
	at org.apache.catalina.core.ApplicationFilterChain.doFilter(ApplicationFilterChain.java:162)
	at org.springframework.web.filter.CharacterEncodingFilter.doFilterInternal(CharacterEncodingFilter.java:201)
	at org.springframework.web.filter.OncePerRequestFilter.doFilter(OncePerRequestFilter.java:119)
	at org.apache.catalina.core.ApplicationFilterChain.internalDoFilter(ApplicationFilterChain.java:189)
	at org.apache.catalina.core.ApplicationFilterChain.doFilter(ApplicationFilterChain.java:162)
	at org.apache.catalina.core.StandardWrapperValve.invoke(StandardWrapperValve.java:197)
	at org.apache.catalina.core.StandardContextValve.invoke(StandardContextValve.java:97)
	at org.apache.catalina.authenticator.AuthenticatorBase.invoke(AuthenticatorBase.java:542)
	at org.apache.catalina.core.StandardHostValve.invoke(StandardHostValve.java:135)
	at org.apache.catalina.valves.ErrorReportValve.invoke(ErrorReportValve.java:92)
	at org.apache.catalina.core.StandardEngineValve.invoke(StandardEngineValve.java:78)
	at org.apache.catalina.connector.CoyoteAdapter.service(CoyoteAdapter.java:357)
	at org.apache.coyote.http11.Http11Processor.service(Http11Processor.java:382)
	at org.apache.coyote.AbstractProcessorLight.process(AbstractProcessorLight.java:65)
	at org.apache.coyote.AbstractProtocol$ConnectionHandler.process(AbstractProtocol.java:893)
	at org.apache.tomcat.util.net.NioEndpoint$SocketProcessor.doRun(NioEndpoint.java:1726)
	at org.apache.tomcat.util.net.SocketProcessorBase.run(SocketProcessorBase.java:49)
	at org.apache.tomcat.util.threads.ThreadPoolExecutor.runWorker(ThreadPoolExecutor.java:1191)
	at org.apache.tomcat.util.threads.ThreadPoolExecutor$Worker.run(ThreadPoolExecutor.java:659)
	at org.apache.tomcat.util.threads.TaskThread$WrappingRunnable.run(TaskThread.java:61)
	at java.lang.Thread.run(Thread.java:748)
14:23:33.047 [http-nio-9999-exec-7] ERROR o.a.c.c.C.[.[localhost].[/].[dispatcherServlet] - Servlet.service() for servlet [dispatcherServlet] in context with path [] threw exception [Request processing failed; nested exception is org.springframework.dao.DataIntegrityViolationException: 
### Error updating database.  Cause: java.sql.SQLIntegrityConstraintViolationException: Cannot add or update a child row: a foreign key constraint fails (`g2s2dbfe`.`member`, CONSTRAINT `member_ibfk_1` FOREIGN KEY (`mid`) REFERENCES `favorite` (`mid`) ON DELETE CASCADE ON UPDATE CASCADE)
### The error may exist in com/example/tripadvisor/mapper/MemberMapper.java (best guess)
### The error may involve com.example.tripadvisor.mapper.MemberMapper.insert-Inline
### The error occurred while setting parameters
### SQL: INSERT INTO member  ( username, password, email, phoneNum, sex, score, avatar )  VALUES  ( ?, ?, ?, ?, ?, ?, ? )
### Cause: java.sql.SQLIntegrityConstraintViolationException: Cannot add or update a child row: a foreign key constraint fails (`g2s2dbfe`.`member`, CONSTRAINT `member_ibfk_1` FOREIGN KEY (`mid`) REFERENCES `favorite` (`mid`) ON DELETE CASCADE ON UPDATE CASCADE)
; Cannot add or update a child row: a foreign key constraint fails (`g2s2dbfe`.`member`, CONSTRAINT `member_ibfk_1` FOREIGN KEY (`mid`) REFERENCES `favorite` (`mid`) ON DELETE CASCADE ON UPDATE CASCADE); nested exception is java.sql.SQLIntegrityConstraintViolationException: Cannot add or update a child row: a foreign key constraint fails (`g2s2dbfe`.`member`, CONSTRAINT `member_ibfk_1` FOREIGN KEY (`mid`) REFERENCES `favorite` (`mid`) ON DELETE CASCADE ON UPDATE CASCADE)] with root cause
java.sql.SQLIntegrityConstraintViolationException: Cannot add or update a child row: a foreign key constraint fails (`g2s2dbfe`.`member`, CONSTRAINT `member_ibfk_1` FOREIGN KEY (`mid`) REFERENCES `favorite` (`mid`) ON DELETE CASCADE ON UPDATE CASCADE)
	at com.mysql.cj.jdbc.exceptions.SQLError.createSQLException(SQLError.java:117)
	at com.mysql.cj.jdbc.exceptions.SQLExceptionsMapping.translateException(SQLExceptionsMapping.java:122)
	at com.mysql.cj.jdbc.ClientPreparedStatement.executeInternal(ClientPreparedStatement.java:916)
	at com.mysql.cj.jdbc.ClientPreparedStatement.execute(ClientPreparedStatement.java:354)
	at com.zaxxer.hikari.pool.ProxyPreparedStatement.execute(ProxyPreparedStatement.java:44)
	at com.zaxxer.hikari.pool.HikariProxyPreparedStatement.execute(HikariProxyPreparedStatement.java)
	at sun.reflect.NativeMethodAccessorImpl.invoke0(Native Method)
	at sun.reflect.NativeMethodAccessorImpl.invoke(NativeMethodAccessorImpl.java:62)
	at sun.reflect.DelegatingMethodAccessorImpl.invoke(DelegatingMethodAccessorImpl.java:43)
	at java.lang.reflect.Method.invoke(Method.java:498)
	at org.apache.ibatis.logging.jdbc.PreparedStatementLogger.invoke(PreparedStatementLogger.java:59)
	at com.sun.proxy.$Proxy110.execute(Unknown Source)
	at org.apache.ibatis.executor.statement.PreparedStatementHandler.update(PreparedStatementHandler.java:47)
	at org.apache.ibatis.executor.statement.RoutingStatementHandler.update(RoutingStatementHandler.java:74)
	at sun.reflect.NativeMethodAccessorImpl.invoke0(Native Method)
	at sun.reflect.NativeMethodAccessorImpl.invoke(NativeMethodAccessorImpl.java:62)
	at sun.reflect.DelegatingMethodAccessorImpl.invoke(DelegatingMethodAccessorImpl.java:43)
	at java.lang.reflect.Method.invoke(Method.java:498)
	at org.apache.ibatis.plugin.Plugin.invoke(Plugin.java:64)
	at com.sun.proxy.$Proxy108.update(Unknown Source)
	at org.apache.ibatis.executor.SimpleExecutor.doUpdate(SimpleExecutor.java:50)
	at org.apache.ibatis.executor.BaseExecutor.update(BaseExecutor.java:117)
	at org.apache.ibatis.executor.CachingExecutor.update(CachingExecutor.java:76)
	at sun.reflect.NativeMethodAccessorImpl.invoke0(Native Method)
	at sun.reflect.NativeMethodAccessorImpl.invoke(NativeMethodAccessorImpl.java:62)
	at sun.reflect.DelegatingMethodAccessorImpl.invoke(DelegatingMethodAccessorImpl.java:43)
	at java.lang.reflect.Method.invoke(Method.java:498)
	at org.apache.ibatis.plugin.Invocation.proceed(Invocation.java:49)
	at com.baomidou.mybatisplus.extension.plugins.MybatisPlusInterceptor.intercept(MybatisPlusInterceptor.java:106)
	at org.apache.ibatis.plugin.Plugin.invoke(Plugin.java:62)
	at com.sun.proxy.$Proxy107.update(Unknown Source)
	at org.apache.ibatis.session.defaults.DefaultSqlSession.update(DefaultSqlSession.java:194)
	at org.apache.ibatis.session.defaults.DefaultSqlSession.insert(DefaultSqlSession.java:181)
	at sun.reflect.NativeMethodAccessorImpl.invoke0(Native Method)
	at sun.reflect.NativeMethodAccessorImpl.invoke(NativeMethodAccessorImpl.java:62)
	at sun.reflect.DelegatingMethodAccessorImpl.invoke(DelegatingMethodAccessorImpl.java:43)
	at java.lang.reflect.Method.invoke(Method.java:498)
	at org.mybatis.spring.SqlSessionTemplate$SqlSessionInterceptor.invoke(SqlSessionTemplate.java:427)
	at com.sun.proxy.$Proxy72.insert(Unknown Source)
	at org.mybatis.spring.SqlSessionTemplate.insert(SqlSessionTemplate.java:272)
	at com.baomidou.mybatisplus.core.override.MybatisMapperMethod.execute(MybatisMapperMethod.java:59)
	at com.baomidou.mybatisplus.core.override.MybatisMapperProxy$PlainMethodInvoker.invoke(MybatisMapperProxy.java:148)
	at com.baomidou.mybatisplus.core.override.MybatisMapperProxy.invoke(MybatisMapperProxy.java:89)
	at com.sun.proxy.$Proxy83.insert(Unknown Source)
	at com.example.tripadvisor.service.MemberService.register(MemberService.java:68)
	at com.example.tripadvisor.controller.frontdesk.MemberController.register(MemberController.java:44)
	at sun.reflect.NativeMethodAccessorImpl.invoke0(Native Method)
	at sun.reflect.NativeMethodAccessorImpl.invoke(NativeMethodAccessorImpl.java:62)
	at sun.reflect.DelegatingMethodAccessorImpl.invoke(DelegatingMethodAccessorImpl.java:43)
	at java.lang.reflect.Method.invoke(Method.java:498)
	at org.springframework.web.method.support.InvocableHandlerMethod.doInvoke(InvocableHandlerMethod.java:197)
	at org.springframework.web.method.support.InvocableHandlerMethod.invokeForRequest(InvocableHandlerMethod.java:141)
	at org.springframework.web.servlet.mvc.method.annotation.ServletInvocableHandlerMethod.invokeAndHandle(ServletInvocableHandlerMethod.java:106)
	at org.springframework.web.servlet.mvc.method.annotation.RequestMappingHandlerAdapter.invokeHandlerMethod(RequestMappingHandlerAdapter.java:895)
	at org.springframework.web.servlet.mvc.method.annotation.RequestMappingHandlerAdapter.handleInternal(RequestMappingHandlerAdapter.java:808)
	at org.springframework.web.servlet.mvc.method.AbstractHandlerMethodAdapter.handle(AbstractHandlerMethodAdapter.java:87)
	at org.springframework.web.servlet.DispatcherServlet.doDispatch(DispatcherServlet.java:1064)
	at org.springframework.web.servlet.DispatcherServlet.doService(DispatcherServlet.java:963)
	at org.springframework.web.servlet.FrameworkServlet.processRequest(FrameworkServlet.java:1006)
	at org.springframework.web.servlet.FrameworkServlet.doPost(FrameworkServlet.java:909)
	at javax.servlet.http.HttpServlet.service(HttpServlet.java:681)
	at org.springframework.web.servlet.FrameworkServlet.service(FrameworkServlet.java:883)
	at javax.servlet.http.HttpServlet.service(HttpServlet.java:764)
	at org.apache.catalina.core.ApplicationFilterChain.internalDoFilter(ApplicationFilterChain.java:227)
	at org.apache.catalina.core.ApplicationFilterChain.doFilter(ApplicationFilterChain.java:162)
	at org.apache.tomcat.websocket.server.WsFilter.doFilter(WsFilter.java:53)
	at org.apache.catalina.core.ApplicationFilterChain.internalDoFilter(ApplicationFilterChain.java:189)
	at org.apache.catalina.core.ApplicationFilterChain.doFilter(ApplicationFilterChain.java:162)
	at org.springframework.security.web.FilterChainProxy$VirtualFilterChain.doFilter(FilterChainProxy.java:327)
	at org.springframework.security.web.access.intercept.FilterSecurityInterceptor.invoke(FilterSecurityInterceptor.java:115)
	at org.springframework.security.web.access.intercept.FilterSecurityInterceptor.doFilter(FilterSecurityInterceptor.java:81)
	at org.springframework.security.web.FilterChainProxy$VirtualFilterChain.doFilter(FilterChainProxy.java:336)
	at org.springframework.security.web.access.ExceptionTranslationFilter.doFilter(ExceptionTranslationFilter.java:121)
	at org.springframework.security.web.access.ExceptionTranslationFilter.doFilter(ExceptionTranslationFilter.java:115)
	at org.springframework.security.web.FilterChainProxy$VirtualFilterChain.doFilter(FilterChainProxy.java:336)
	at org.springframework.security.web.session.SessionManagementFilter.doFilter(SessionManagementFilter.java:126)
	at org.springframework.security.web.session.SessionManagementFilter.doFilter(SessionManagementFilter.java:81)
	at org.springframework.security.web.FilterChainProxy$VirtualFilterChain.doFilter(FilterChainProxy.java:336)
	at org.springframework.security.web.authentication.AnonymousAuthenticationFilter.doFilter(AnonymousAuthenticationFilter.java:105)
	at org.springframework.security.web.FilterChainProxy$VirtualFilterChain.doFilter(FilterChainProxy.java:336)
	at org.springframework.security.web.servletapi.SecurityContextHolderAwareRequestFilter.doFilter(SecurityContextHolderAwareRequestFilter.java:149)
	at org.springframework.security.web.FilterChainProxy$VirtualFilterChain.doFilter(FilterChainProxy.java:336)
	at org.springframework.security.web.savedrequest.RequestCacheAwareFilter.doFilter(RequestCacheAwareFilter.java:63)
	at org.springframework.security.web.FilterChainProxy$VirtualFilterChain.doFilter(FilterChainProxy.java:336)
	at org.springframework.security.web.authentication.AbstractAuthenticationProcessingFilter.doFilter(AbstractAuthenticationProcessingFilter.java:218)
	at org.springframework.security.web.authentication.AbstractAuthenticationProcessingFilter.doFilter(AbstractAuthenticationProcessingFilter.java:212)
	at org.springframework.security.web.FilterChainProxy$VirtualFilterChain.doFilter(FilterChainProxy.java:336)
	at org.springframework.security.web.authentication.logout.LogoutFilter.doFilter(LogoutFilter.java:103)
	at org.springframework.security.web.authentication.logout.LogoutFilter.doFilter(LogoutFilter.java:89)
	at org.springframework.security.web.FilterChainProxy$VirtualFilterChain.doFilter(FilterChainProxy.java:336)
	at org.springframework.web.filter.CorsFilter.doFilterInternal(CorsFilter.java:91)
	at org.springframework.web.filter.OncePerRequestFilter.doFilter(OncePerRequestFilter.java:119)
	at org.springframework.security.web.FilterChainProxy$VirtualFilterChain.doFilter(FilterChainProxy.java:336)
	at org.springframework.security.web.header.HeaderWriterFilter.doHeadersAfter(HeaderWriterFilter.java:90)
	at org.springframework.security.web.header.HeaderWriterFilter.doFilterInternal(HeaderWriterFilter.java:75)
	at org.springframework.web.filter.OncePerRequestFilter.doFilter(OncePerRequestFilter.java:119)
	at org.springframework.security.web.FilterChainProxy$VirtualFilterChain.doFilter(FilterChainProxy.java:336)
	at org.springframework.security.web.context.SecurityContextPersistenceFilter.doFilter(SecurityContextPersistenceFilter.java:110)
	at org.springframework.security.web.context.SecurityContextPersistenceFilter.doFilter(SecurityContextPersistenceFilter.java:80)
	at org.springframework.security.web.FilterChainProxy$VirtualFilterChain.doFilter(FilterChainProxy.java:336)
	at org.springframework.security.web.context.request.async.WebAsyncManagerIntegrationFilter.doFilterInternal(WebAsyncManagerIntegrationFilter.java:55)
	at org.springframework.web.filter.OncePerRequestFilter.doFilter(OncePerRequestFilter.java:119)
	at org.springframework.security.web.FilterChainProxy$VirtualFilterChain.doFilter(FilterChainProxy.java:336)
	at org.springframework.security.web.FilterChainProxy.doFilterInternal(FilterChainProxy.java:211)
	at org.springframework.security.web.FilterChainProxy.doFilter(FilterChainProxy.java:183)
	at org.springframework.web.filter.DelegatingFilterProxy.invokeDelegate(DelegatingFilterProxy.java:358)
	at org.springframework.web.filter.DelegatingFilterProxy.doFilter(DelegatingFilterProxy.java:271)
	at org.apache.catalina.core.ApplicationFilterChain.internalDoFilter(ApplicationFilterChain.java:189)
	at org.apache.catalina.core.ApplicationFilterChain.doFilter(ApplicationFilterChain.java:162)
	at org.springframework.web.filter.RequestContextFilter.doFilterInternal(RequestContextFilter.java:100)
	at org.springframework.web.filter.OncePerRequestFilter.doFilter(OncePerRequestFilter.java:119)
	at org.apache.catalina.core.ApplicationFilterChain.internalDoFilter(ApplicationFilterChain.java:189)
	at org.apache.catalina.core.ApplicationFilterChain.doFilter(ApplicationFilterChain.java:162)
	at org.springframework.web.filter.FormContentFilter.doFilterInternal(FormContentFilter.java:93)
	at org.springframework.web.filter.OncePerRequestFilter.doFilter(OncePerRequestFilter.java:119)
	at org.apache.catalina.core.ApplicationFilterChain.internalDoFilter(ApplicationFilterChain.java:189)
	at org.apache.catalina.core.ApplicationFilterChain.doFilter(ApplicationFilterChain.java:162)
	at org.springframework.web.filter.CharacterEncodingFilter.doFilterInternal(CharacterEncodingFilter.java:201)
	at org.springframework.web.filter.OncePerRequestFilter.doFilter(OncePerRequestFilter.java:119)
	at org.apache.catalina.core.ApplicationFilterChain.internalDoFilter(ApplicationFilterChain.java:189)
	at org.apache.catalina.core.ApplicationFilterChain.doFilter(ApplicationFilterChain.java:162)
	at org.apache.catalina.core.StandardWrapperValve.invoke(StandardWrapperValve.java:197)
	at org.apache.catalina.core.StandardContextValve.invoke(StandardContextValve.java:97)
	at org.apache.catalina.authenticator.AuthenticatorBase.invoke(AuthenticatorBase.java:542)
	at org.apache.catalina.core.StandardHostValve.invoke(StandardHostValve.java:135)
	at org.apache.catalina.valves.ErrorReportValve.invoke(ErrorReportValve.java:92)
	at org.apache.catalina.core.StandardEngineValve.invoke(StandardEngineValve.java:78)
	at org.apache.catalina.connector.CoyoteAdapter.service(CoyoteAdapter.java:357)
	at org.apache.coyote.http11.Http11Processor.service(Http11Processor.java:382)
	at org.apache.coyote.AbstractProcessorLight.process(AbstractProcessorLight.java:65)
	at org.apache.coyote.AbstractProtocol$ConnectionHandler.process(AbstractProtocol.java:893)
	at org.apache.tomcat.util.net.NioEndpoint$SocketProcessor.doRun(NioEndpoint.java:1726)
	at org.apache.tomcat.util.net.SocketProcessorBase.run(SocketProcessorBase.java:49)
	at org.apache.tomcat.util.threads.ThreadPoolExecutor.runWorker(ThreadPoolExecutor.java:1191)
	at org.apache.tomcat.util.threads.ThreadPoolExecutor$Worker.run(ThreadPoolExecutor.java:659)
	at org.apache.tomcat.util.threads.TaskThread$WrappingRunnable.run(TaskThread.java:61)
	at java.lang.Thread.run(Thread.java:748)
14:24:36.833 [http-nio-9999-exec-9] INFO  com.example.tripadvisor.aop.LogAOP - Log(url=/backstage/role/all, visitTime=Mon Jun 19 14:24:36 CST 2023, username=1, ip=0:0:0:0:0:0:0:1, executionTime=64, exceptionMessage=null)
14:24:42.330 [http-nio-9999-exec-4] INFO  com.example.tripadvisor.aop.LogAOP - Log(url=/backstage/role/add, visitTime=Mon Jun 19 14:24:42 CST 2023, username=1, ip=0:0:0:0:0:0:0:1, executionTime=6, exceptionMessage=null)
14:24:42.368 [http-nio-9999-exec-3] INFO  com.example.tripadvisor.aop.LogAOP - Log(url=/backstage/role/all, visitTime=Mon Jun 19 14:24:42 CST 2023, username=1, ip=0:0:0:0:0:0:0:1, executionTime=10, exceptionMessage=null)
14:24:49.950 [http-nio-9999-exec-5] INFO  com.example.tripadvisor.aop.LogAOP - Log(url=/backstage/role/findPermission, visitTime=Mon Jun 19 14:24:49 CST 2023, username=1, ip=0:0:0:0:0:0:0:1, executionTime=16, exceptionMessage=null)
14:24:53.335 [http-nio-9999-exec-10] INFO  com.example.tripadvisor.aop.LogAOP - Log(url=/backstage/role/updatePermission, visitTime=Mon Jun 19 14:24:53 CST 2023, username=1, ip=0:0:0:0:0:0:0:1, executionTime=11, exceptionMessage=null)
14:24:53.350 [http-nio-9999-exec-5] INFO  com.example.tripadvisor.aop.LogAOP - Log(url=/backstage/role/all, visitTime=Mon Jun 19 14:24:53 CST 2023, username=1, ip=0:0:0:0:0:0:0:1, executionTime=10, exceptionMessage=null)
14:24:58.630 [http-nio-9999-exec-2] INFO  com.example.tripadvisor.aop.LogAOP - Log(url=/backstage/role/findPermission, visitTime=Mon Jun 19 14:24:58 CST 2023, username=1, ip=0:0:0:0:0:0:0:1, executionTime=7, exceptionMessage=null)
14:25:00.286 [http-nio-9999-exec-1] INFO  com.example.tripadvisor.aop.LogAOP - Log(url=/backstage/role/all, visitTime=Mon Jun 19 14:25:00 CST 2023, username=1, ip=0:0:0:0:0:0:0:1, executionTime=9, exceptionMessage=null)
14:25:01.954 [http-nio-9999-exec-6] INFO  com.example.tripadvisor.aop.LogAOP - Log(url=/backstage/role/findPermission, visitTime=Mon Jun 19 14:25:01 CST 2023, username=1, ip=0:0:0:0:0:0:0:1, executionTime=7, exceptionMessage=null)
14:25:07.001 [http-nio-9999-exec-2] INFO  com.example.tripadvisor.aop.LogAOP - Log(url=/backstage/role/all, visitTime=Mon Jun 19 14:25:06 CST 2023, username=1, ip=0:0:0:0:0:0:0:1, executionTime=14, exceptionMessage=null)
14:25:10.687 [http-nio-9999-exec-7] INFO  com.example.tripadvisor.aop.LogAOP - Log(url=/backstage/permission/all, visitTime=Mon Jun 19 14:25:10 CST 2023, username=1, ip=0:0:0:0:0:0:0:1, executionTime=11, exceptionMessage=null)
14:57:02.869 [http-nio-9999-exec-2] INFO  com.example.tripadvisor.aop.LogAOP - Log(url=/backstage/product/all, visitTime=Mon Jun 19 14:57:02 CST 2023, username=1, ip=0:0:0:0:0:0:0:1, executionTime=48, exceptionMessage=null)
15:54:49.128 [http-nio-9999-exec-7] INFO  com.example.tripadvisor.aop.LogAOP - Log(url=/backstage/category/all, visitTime=Mon Jun 19 15:54:49 CST 2023, username=1, ip=0:0:0:0:0:0:0:1, executionTime=15, exceptionMessage=null)
16:21:00.800 [http-nio-9999-exec-4] INFO  com.example.tripadvisor.aop.LogAOP - Log(url=/backstage/admin/all, visitTime=Mon Jun 19 16:21:00 CST 2023, username=1, ip=0:0:0:0:0:0:0:1, executionTime=31, exceptionMessage=null)
16:25:11.193 [http-nio-9999-exec-1] INFO  com.example.tripadvisor.aop.LogAOP - Log(url=/backstage/product/all, visitTime=Mon Jun 19 16:25:11 CST 2023, username=1, ip=0:0:0:0:0:0:0:1, executionTime=15, exceptionMessage=null)
16:25:14.704 [http-nio-9999-exec-1] INFO  com.example.tripadvisor.aop.LogAOP - Log(url=/backstage/product/edit, visitTime=Mon Jun 19 16:25:14 CST 2023, username=1, ip=0:0:0:0:0:0:0:1, executionTime=11, exceptionMessage=null)
16:25:24.817 [http-nio-9999-exec-10] INFO  com.example.tripadvisor.aop.LogAOP - Log(url=/backstage/product/upload, visitTime=Mon Jun 19 16:25:24 CST 2023, username=1, ip=0:0:0:0:0:0:0:1, executionTime=6, exceptionMessage=null)
16:25:25.775 [http-nio-9999-exec-2] INFO  com.example.tripadvisor.aop.LogAOP - Log(url=/backstage/product/update, visitTime=Mon Jun 19 16:25:25 CST 2023, username=1, ip=0:0:0:0:0:0:0:1, executionTime=20, exceptionMessage=null)
16:25:25.794 [http-nio-9999-exec-7] INFO  com.example.tripadvisor.aop.LogAOP - Log(url=/backstage/product/all, visitTime=Mon Jun 19 16:25:25 CST 2023, username=1, ip=0:0:0:0:0:0:0:1, executionTime=8, exceptionMessage=null)
16:25:29.265 [http-nio-9999-exec-7] INFO  com.example.tripadvisor.aop.LogAOP - Log(url=/backstage/product/edit, visitTime=Mon Jun 19 16:25:29 CST 2023, username=1, ip=0:0:0:0:0:0:0:1, executionTime=10, exceptionMessage=null)
16:25:34.969 [http-nio-9999-exec-5] INFO  com.example.tripadvisor.aop.LogAOP - Log(url=/backstage/product/upload, visitTime=Mon Jun 19 16:25:34 CST 2023, username=1, ip=0:0:0:0:0:0:0:1, executionTime=2, exceptionMessage=null)
16:25:36.099 [http-nio-9999-exec-3] INFO  com.example.tripadvisor.aop.LogAOP - Log(url=/backstage/product/update, visitTime=Mon Jun 19 16:25:36 CST 2023, username=1, ip=0:0:0:0:0:0:0:1, executionTime=11, exceptionMessage=null)
16:25:36.116 [http-nio-9999-exec-7] INFO  com.example.tripadvisor.aop.LogAOP - Log(url=/backstage/product/all, visitTime=Mon Jun 19 16:25:36 CST 2023, username=1, ip=0:0:0:0:0:0:0:1, executionTime=10, exceptionMessage=null)
16:25:38.700 [http-nio-9999-exec-6] INFO  com.example.tripadvisor.aop.LogAOP - Log(url=/backstage/product/edit, visitTime=Mon Jun 19 16:25:38 CST 2023, username=1, ip=0:0:0:0:0:0:0:1, executionTime=17, exceptionMessage=null)
16:25:43.089 [http-nio-9999-exec-5] INFO  com.example.tripadvisor.aop.LogAOP - Log(url=/backstage/product/upload, visitTime=Mon Jun 19 16:25:43 CST 2023, username=1, ip=0:0:0:0:0:0:0:1, executionTime=6, exceptionMessage=null)
16:25:43.992 [http-nio-9999-exec-2] INFO  com.example.tripadvisor.aop.LogAOP - Log(url=/backstage/product/update, visitTime=Mon Jun 19 16:25:43 CST 2023, username=1, ip=0:0:0:0:0:0:0:1, executionTime=7, exceptionMessage=null)
16:25:44.008 [http-nio-9999-exec-7] INFO  com.example.tripadvisor.aop.LogAOP - Log(url=/backstage/product/all, visitTime=Mon Jun 19 16:25:44 CST 2023, username=1, ip=0:0:0:0:0:0:0:1, executionTime=8, exceptionMessage=null)
16:25:46.808 [http-nio-9999-exec-1] INFO  com.example.tripadvisor.aop.LogAOP - Log(url=/backstage/product/edit, visitTime=Mon Jun 19 16:25:46 CST 2023, username=1, ip=0:0:0:0:0:0:0:1, executionTime=4, exceptionMessage=null)
16:25:50.881 [http-nio-9999-exec-8] INFO  com.example.tripadvisor.aop.LogAOP - Log(url=/backstage/product/upload, visitTime=Mon Jun 19 16:25:50 CST 2023, username=1, ip=0:0:0:0:0:0:0:1, executionTime=7, exceptionMessage=null)
16:25:53.119 [http-nio-9999-exec-4] INFO  com.example.tripadvisor.aop.LogAOP - Log(url=/backstage/product/update, visitTime=Mon Jun 19 16:25:53 CST 2023, username=1, ip=0:0:0:0:0:0:0:1, executionTime=5, exceptionMessage=null)
16:25:53.133 [http-nio-9999-exec-5] INFO  com.example.tripadvisor.aop.LogAOP - Log(url=/backstage/product/all, visitTime=Mon Jun 19 16:25:53 CST 2023, username=1, ip=0:0:0:0:0:0:0:1, executionTime=6, exceptionMessage=null)
16:25:57.687 [http-nio-9999-exec-4] INFO  com.example.tripadvisor.aop.LogAOP - Log(url=/backstage/product/delete, visitTime=Mon Jun 19 16:25:57 CST 2023, username=1, ip=0:0:0:0:0:0:0:1, executionTime=13, exceptionMessage=null)
16:25:57.700 [http-nio-9999-exec-7] INFO  com.example.tripadvisor.aop.LogAOP - Log(url=/backstage/product/all, visitTime=Mon Jun 19 16:25:57 CST 2023, username=1, ip=0:0:0:0:0:0:0:1, executionTime=6, exceptionMessage=null)
16:26:01.603 [http-nio-9999-exec-7] INFO  com.example.tripadvisor.aop.LogAOP - Log(url=/backstage/product/edit, visitTime=Mon Jun 19 16:26:01 CST 2023, username=1, ip=0:0:0:0:0:0:0:1, executionTime=8, exceptionMessage=null)
16:26:09.740 [http-nio-9999-exec-2] INFO  com.example.tripadvisor.aop.LogAOP - Log(url=/backstage/product/upload, visitTime=Mon Jun 19 16:26:09 CST 2023, username=1, ip=0:0:0:0:0:0:0:1, executionTime=2, exceptionMessage=null)
16:26:10.929 [http-nio-9999-exec-4] INFO  com.example.tripadvisor.aop.LogAOP - Log(url=/backstage/product/update, visitTime=Mon Jun 19 16:26:10 CST 2023, username=1, ip=0:0:0:0:0:0:0:1, executionTime=9, exceptionMessage=null)
16:26:10.945 [http-nio-9999-exec-10] INFO  com.example.tripadvisor.aop.LogAOP - Log(url=/backstage/product/all, visitTime=Mon Jun 19 16:26:10 CST 2023, username=1, ip=0:0:0:0:0:0:0:1, executionTime=9, exceptionMessage=null)
16:53:24.294 [HikariPool-1 housekeeper] WARN  com.zaxxer.hikari.pool.HikariPool - HikariPool-1 - Thread starvation or clock leap detected (housekeeper delta=2m42s518ms740?s500ns).
17:54:05.575 [http-nio-9999-exec-3] INFO  com.example.tripadvisor.aop.LogAOP - Log(url=/backstage/memberB/allRF, visitTime=Mon Jun 19 17:54:05 CST 2023, username=1, ip=0:0:0:0:0:0:0:1, executionTime=22, exceptionMessage=null)
17:54:08.326 [http-nio-9999-exec-1] INFO  com.example.tripadvisor.aop.LogAOP - Log(url=/backstage/memberB/allRF, visitTime=Mon Jun 19 17:54:08 CST 2023, username=1, ip=0:0:0:0:0:0:0:1, executionTime=9, exceptionMessage=null)
17:54:09.403 [http-nio-9999-exec-7] INFO  com.example.tripadvisor.aop.LogAOP - Log(url=/backstage/memberB/allRF, visitTime=Mon Jun 19 17:54:09 CST 2023, username=1, ip=0:0:0:0:0:0:0:1, executionTime=6, exceptionMessage=null)
17:54:10.196 [http-nio-9999-exec-5] INFO  com.example.tripadvisor.aop.LogAOP - Log(url=/backstage/memberB/allRE, visitTime=Mon Jun 19 17:54:10 CST 2023, username=1, ip=0:0:0:0:0:0:0:1, executionTime=8, exceptionMessage=null)
17:54:11.417 [http-nio-9999-exec-5] INFO  com.example.tripadvisor.aop.LogAOP - Log(url=/backstage/memberB/allRF, visitTime=Mon Jun 19 17:54:11 CST 2023, username=1, ip=0:0:0:0:0:0:0:1, executionTime=10, exceptionMessage=null)
17:54:39.611 [http-nio-9999-exec-10] INFO  com.example.tripadvisor.aop.LogAOP - Log(url=/backstage/memberB/allRF, visitTime=Mon Jun 19 17:54:39 CST 2023, username=1, ip=0:0:0:0:0:0:0:1, executionTime=9, exceptionMessage=null)
17:54:40.051 [http-nio-9999-exec-7] INFO  com.example.tripadvisor.aop.LogAOP - Log(url=/backstage/memberB/allRF, visitTime=Mon Jun 19 17:54:40 CST 2023, username=1, ip=0:0:0:0:0:0:0:1, executionTime=7, exceptionMessage=null)
17:54:40.277 [http-nio-9999-exec-9] INFO  com.example.tripadvisor.aop.LogAOP - Log(url=/backstage/memberB/allRF, visitTime=Mon Jun 19 17:54:40 CST 2023, username=1, ip=0:0:0:0:0:0:0:1, executionTime=8, exceptionMessage=null)
17:54:40.506 [http-nio-9999-exec-4] INFO  com.example.tripadvisor.aop.LogAOP - Log(url=/backstage/memberB/allRF, visitTime=Mon Jun 19 17:54:40 CST 2023, username=1, ip=0:0:0:0:0:0:0:1, executionTime=18, exceptionMessage=null)
17:54:40.726 [http-nio-9999-exec-8] INFO  com.example.tripadvisor.aop.LogAOP - Log(url=/backstage/memberB/allRF, visitTime=Mon Jun 19 17:54:40 CST 2023, username=1, ip=0:0:0:0:0:0:0:1, executionTime=16, exceptionMessage=null)
17:54:44.007 [http-nio-9999-exec-3] INFO  com.example.tripadvisor.aop.LogAOP - Log(url=/backstage/memberB/allRE, visitTime=Mon Jun 19 17:54:44 CST 2023, username=1, ip=0:0:0:0:0:0:0:1, executionTime=5, exceptionMessage=null)
17:54:45.441 [http-nio-9999-exec-5] INFO  com.example.tripadvisor.aop.LogAOP - Log(url=/backstage/memberB/allRD, visitTime=Mon Jun 19 17:54:45 CST 2023, username=1, ip=0:0:0:0:0:0:0:1, executionTime=5, exceptionMessage=null)
17:54:46.729 [http-nio-9999-exec-1] INFO  com.example.tripadvisor.aop.LogAOP - Log(url=/backstage/memberB/allRD, visitTime=Mon Jun 19 17:54:46 CST 2023, username=1, ip=0:0:0:0:0:0:0:1, executionTime=7, exceptionMessage=null)
17:54:47.740 [http-nio-9999-exec-1] INFO  com.example.tripadvisor.aop.LogAOP - Log(url=/backstage/memberB/allRC, visitTime=Mon Jun 19 17:54:47 CST 2023, username=1, ip=0:0:0:0:0:0:0:1, executionTime=5, exceptionMessage=null)
17:54:49.012 [http-nio-9999-exec-5] INFO  com.example.tripadvisor.aop.LogAOP - Log(url=/backstage/memberB/allRB, visitTime=Mon Jun 19 17:54:49 CST 2023, username=1, ip=0:0:0:0:0:0:0:1, executionTime=7, exceptionMessage=null)
17:54:50.413 [http-nio-9999-exec-3] INFO  com.example.tripadvisor.aop.LogAOP - Log(url=/backstage/memberB/RA, visitTime=Mon Jun 19 17:54:50 CST 2023, username=1, ip=0:0:0:0:0:0:0:1, executionTime=9, exceptionMessage=null)
17:54:51.864 [http-nio-9999-exec-6] INFO  com.example.tripadvisor.aop.LogAOP - Log(url=/backstage/memberB/allRE, visitTime=Mon Jun 19 17:54:51 CST 2023, username=1, ip=0:0:0:0:0:0:0:1, executionTime=8, exceptionMessage=null)
17:54:52.357 [http-nio-9999-exec-6] INFO  com.example.tripadvisor.aop.LogAOP - Log(url=/backstage/memberB/allRF, visitTime=Mon Jun 19 17:54:52 CST 2023, username=1, ip=0:0:0:0:0:0:0:1, executionTime=7, exceptionMessage=null)
17:54:56.577 [http-nio-9999-exec-6] INFO  com.example.tripadvisor.aop.LogAOP - Log(url=/backstage/memberB/allRE, visitTime=Mon Jun 19 17:54:56 CST 2023, username=1, ip=0:0:0:0:0:0:0:1, executionTime=9, exceptionMessage=null)
17:54:57.598 [http-nio-9999-exec-8] INFO  com.example.tripadvisor.aop.LogAOP - Log(url=/backstage/memberB/allRD, visitTime=Mon Jun 19 17:54:57 CST 2023, username=1, ip=0:0:0:0:0:0:0:1, executionTime=5, exceptionMessage=null)
17:54:58.450 [http-nio-9999-exec-9] INFO  com.example.tripadvisor.aop.LogAOP - Log(url=/backstage/memberB/allRC, visitTime=Mon Jun 19 17:54:58 CST 2023, username=1, ip=0:0:0:0:0:0:0:1, executionTime=7, exceptionMessage=null)
17:54:59.176 [http-nio-9999-exec-5] INFO  com.example.tripadvisor.aop.LogAOP - Log(url=/backstage/memberB/allRB, visitTime=Mon Jun 19 17:54:59 CST 2023, username=1, ip=0:0:0:0:0:0:0:1, executionTime=9, exceptionMessage=null)
17:55:00.431 [http-nio-9999-exec-5] INFO  com.example.tripadvisor.aop.LogAOP - Log(url=/backstage/memberB/allRE, visitTime=Mon Jun 19 17:55:00 CST 2023, username=1, ip=0:0:0:0:0:0:0:1, executionTime=5, exceptionMessage=null)
17:55:01.478 [http-nio-9999-exec-1] INFO  com.example.tripadvisor.aop.LogAOP - Log(url=/backstage/memberB/allRF, visitTime=Mon Jun 19 17:55:01 CST 2023, username=1, ip=0:0:0:0:0:0:0:1, executionTime=7, exceptionMessage=null)
17:55:07.864 [http-nio-9999-exec-1] INFO  com.example.tripadvisor.aop.LogAOP - Log(url=/backstage/memberB/allRF, visitTime=Mon Jun 19 17:55:07 CST 2023, username=1, ip=0:0:0:0:0:0:0:1, executionTime=7, exceptionMessage=null)
17:55:39.765 [http-nio-9999-exec-3] INFO  com.example.tripadvisor.aop.LogAOP - Log(url=/backstage/memberB/allRF, visitTime=Mon Jun 19 17:55:39 CST 2023, username=1, ip=0:0:0:0:0:0:0:1, executionTime=3, exceptionMessage=null)
17:55:42.530 [http-nio-9999-exec-7] INFO  com.example.tripadvisor.aop.LogAOP - Log(url=/backstage/memberB/RA, visitTime=Mon Jun 19 17:55:42 CST 2023, username=1, ip=0:0:0:0:0:0:0:1, executionTime=5, exceptionMessage=null)
17:55:44.246 [http-nio-9999-exec-3] INFO  com.example.tripadvisor.aop.LogAOP - Log(url=/backstage/memberB/allRB, visitTime=Mon Jun 19 17:55:44 CST 2023, username=1, ip=0:0:0:0:0:0:0:1, executionTime=7, exceptionMessage=null)
17:55:48.499 [http-nio-9999-exec-2] INFO  com.example.tripadvisor.aop.LogAOP - Log(url=/backstage/memberB/allRC, visitTime=Mon Jun 19 17:55:48 CST 2023, username=1, ip=0:0:0:0:0:0:0:1, executionTime=8, exceptionMessage=null)
17:55:49.986 [http-nio-9999-exec-8] INFO  com.example.tripadvisor.aop.LogAOP - Log(url=/backstage/memberB/allRD, visitTime=Mon Jun 19 17:55:49 CST 2023, username=1, ip=0:0:0:0:0:0:0:1, executionTime=11, exceptionMessage=null)
17:55:51.935 [http-nio-9999-exec-7] INFO  com.example.tripadvisor.aop.LogAOP - Log(url=/backstage/memberB/allRE, visitTime=Mon Jun 19 17:55:51 CST 2023, username=1, ip=0:0:0:0:0:0:0:1, executionTime=5, exceptionMessage=null)
17:55:54.352 [http-nio-9999-exec-10] INFO  com.example.tripadvisor.aop.LogAOP - Log(url=/backstage/memberB/allRF, visitTime=Mon Jun 19 17:55:54 CST 2023, username=1, ip=0:0:0:0:0:0:0:1, executionTime=6, exceptionMessage=null)
17:59:28.431 [main] INFO  com.example.tripadvisor.TripAdvisorApplication - Starting TripAdvisorApplication using Java 1.8.0_131 on Alphabeta with PID 20372 (D:\TempProjects\TripAdvisor\target\classes started by EMPEROR PALPATINE in D:\TempProjects\TripAdvisor)
17:59:28.434 [main] INFO  com.example.tripadvisor.TripAdvisorApplication - No active profile set, falling back to default profiles: default
17:59:30.730 [main] INFO  o.s.boot.web.embedded.tomcat.TomcatWebServer - Tomcat initialized with port(s): 9999 (http)
17:59:30.743 [main] INFO  org.apache.coyote.http11.Http11NioProtocol - Initializing ProtocolHandler ["http-nio-9999"]
17:59:30.745 [main] INFO  org.apache.catalina.core.StandardService - Starting service [Tomcat]
17:59:30.745 [main] INFO  org.apache.catalina.core.StandardEngine - Starting Servlet engine: [Apache Tomcat/9.0.52]
17:59:30.892 [main] INFO  o.a.c.core.ContainerBase.[Tomcat].[localhost].[/] - Initializing Spring embedded WebApplicationContext
17:59:30.892 [main] INFO  o.s.b.w.s.c.ServletWebServerApplicationContext - Root WebApplicationContext: initialization completed in 2375 ms
17:59:33.964 [main] INFO  o.s.security.web.DefaultSecurityFilterChain - Will secure any request with [org.springframework.security.web.context.request.async.WebAsyncManagerIntegrationFilter@5d152bcd, org.springframework.security.web.context.SecurityContextPersistenceFilter@58ae402b, org.springframework.security.web.header.HeaderWriterFilter@634ff56, org.springframework.web.filter.CorsFilter@43cb5f38, org.springframework.security.web.authentication.logout.LogoutFilter@7a8341c1, org.springframework.security.web.authentication.UsernamePasswordAuthenticationFilter@31f295b6, org.springframework.security.web.savedrequest.RequestCacheAwareFilter@d88f893, org.springframework.security.web.servletapi.SecurityContextHolderAwareRequestFilter@6411504a, org.springframework.security.web.authentication.AnonymousAuthenticationFilter@6435fa1c, org.springframework.security.web.session.SessionManagementFilter@5a484ce1, org.springframework.security.web.access.ExceptionTranslationFilter@b9d018b, org.springframework.security.web.access.intercept.FilterSecurityInterceptor@51f95f0d]
17:59:34.072 [main] INFO  org.apache.coyote.http11.Http11NioProtocol - Starting ProtocolHandler ["http-nio-9999"]
17:59:34.105 [main] INFO  o.s.boot.web.embedded.tomcat.TomcatWebServer - Tomcat started on port(s): 9999 (http) with context path ''
17:59:34.124 [main] INFO  com.example.tripadvisor.TripAdvisorApplication - Started TripAdvisorApplication in 6.247 seconds (JVM running for 9.409)
17:59:50.507 [http-nio-9999-exec-1] INFO  o.a.c.core.ContainerBase.[Tomcat].[localhost].[/] - Initializing Spring DispatcherServlet 'dispatcherServlet'
17:59:50.507 [http-nio-9999-exec-1] INFO  org.springframework.web.servlet.DispatcherServlet - Initializing Servlet 'dispatcherServlet'
17:59:50.508 [http-nio-9999-exec-1] INFO  org.springframework.web.servlet.DispatcherServlet - Completed initialization in 1 ms
17:59:53.764 [http-nio-9999-exec-5] INFO  com.zaxxer.hikari.HikariDataSource - HikariPool-1 - Starting...
17:59:53.988 [http-nio-9999-exec-5] INFO  com.zaxxer.hikari.HikariDataSource - HikariPool-1 - Start completed.
17:59:55.771 [http-nio-9999-exec-2] INFO  com.example.tripadvisor.aop.LogAOP - Log(url=/backstage/memberB/allRF, visitTime=Mon Jun 19 17:59:55 CST 2023, username=1, ip=0:0:0:0:0:0:0:1, executionTime=70, exceptionMessage=null)
18:04:58.873 [main] INFO  com.example.tripadvisor.TripAdvisorApplication - Starting TripAdvisorApplication using Java 1.8.0_131 on Alphabeta with PID 4356 (D:\TempProjects\TripAdvisor\target\classes started by EMPEROR PALPATINE in D:\TempProjects\TripAdvisor)
18:04:58.881 [main] INFO  com.example.tripadvisor.TripAdvisorApplication - No active profile set, falling back to default profiles: default
18:05:01.658 [main] INFO  o.s.boot.web.embedded.tomcat.TomcatWebServer - Tomcat initialized with port(s): 9999 (http)
18:05:01.672 [main] INFO  org.apache.coyote.http11.Http11NioProtocol - Initializing ProtocolHandler ["http-nio-9999"]
18:05:01.674 [main] INFO  org.apache.catalina.core.StandardService - Starting service [Tomcat]
18:05:01.674 [main] INFO  org.apache.catalina.core.StandardEngine - Starting Servlet engine: [Apache Tomcat/9.0.52]
18:05:01.817 [main] INFO  o.a.c.core.ContainerBase.[Tomcat].[localhost].[/] - Initializing Spring embedded WebApplicationContext
18:05:01.817 [main] INFO  o.s.b.w.s.c.ServletWebServerApplicationContext - Root WebApplicationContext: initialization completed in 2799 ms
18:05:06.467 [main] INFO  o.s.security.web.DefaultSecurityFilterChain - Will secure any request with [org.springframework.security.web.context.request.async.WebAsyncManagerIntegrationFilter@1450131a, org.springframework.security.web.context.SecurityContextPersistenceFilter@5a484ce1, org.springframework.security.web.header.HeaderWriterFilter@3b7c80c6, org.springframework.web.filter.CorsFilter@5f7eee96, org.springframework.security.web.authentication.logout.LogoutFilter@c7f4457, org.springframework.security.web.authentication.UsernamePasswordAuthenticationFilter@ca8ef3a, org.springframework.security.web.savedrequest.RequestCacheAwareFilter@1a464fa3, org.springframework.security.web.servletapi.SecurityContextHolderAwareRequestFilter@488f3dd1, org.springframework.security.web.authentication.AnonymousAuthenticationFilter@3a36cd5, org.springframework.security.web.session.SessionManagementFilter@7499eac7, org.springframework.security.web.access.ExceptionTranslationFilter@fe09383, org.springframework.security.web.access.intercept.FilterSecurityInterceptor@7ebe2e47]
18:05:06.576 [main] INFO  org.apache.coyote.http11.Http11NioProtocol - Starting ProtocolHandler ["http-nio-9999"]
18:05:06.613 [main] INFO  o.s.boot.web.embedded.tomcat.TomcatWebServer - Tomcat started on port(s): 9999 (http) with context path ''
18:05:06.630 [main] INFO  com.example.tripadvisor.TripAdvisorApplication - Started TripAdvisorApplication in 8.677 seconds (JVM running for 10.863)
18:26:54.654 [http-nio-9999-exec-1] INFO  o.a.c.core.ContainerBase.[Tomcat].[localhost].[/] - Initializing Spring DispatcherServlet 'dispatcherServlet'
18:26:54.655 [http-nio-9999-exec-1] INFO  org.springframework.web.servlet.DispatcherServlet - Initializing Servlet 'dispatcherServlet'
18:26:54.658 [http-nio-9999-exec-1] INFO  org.springframework.web.servlet.DispatcherServlet - Completed initialization in 3 ms
18:26:57.668 [http-nio-9999-exec-7] INFO  com.zaxxer.hikari.HikariDataSource - HikariPool-1 - Starting...
18:26:57.846 [http-nio-9999-exec-7] INFO  com.zaxxer.hikari.HikariDataSource - HikariPool-1 - Start completed.
18:26:59.961 [http-nio-9999-exec-3] INFO  com.example.tripadvisor.aop.LogAOP - Log(url=/backstage/memberB/allRC, visitTime=Mon Jun 19 18:26:59 CST 2023, username=1, ip=0:0:0:0:0:0:0:1, executionTime=66, exceptionMessage=null)
18:27:00.876 [http-nio-9999-exec-3] INFO  com.example.tripadvisor.aop.LogAOP - Log(url=/backstage/memberB/RA, visitTime=Mon Jun 19 18:27:00 CST 2023, username=1, ip=0:0:0:0:0:0:0:1, executionTime=14, exceptionMessage=null)
18:27:01.848 [http-nio-9999-exec-8] INFO  com.example.tripadvisor.aop.LogAOP - Log(url=/backstage/memberB/allRE, visitTime=Mon Jun 19 18:27:01 CST 2023, username=1, ip=0:0:0:0:0:0:0:1, executionTime=15, exceptionMessage=null)
18:27:02.535 [http-nio-9999-exec-10] INFO  com.example.tripadvisor.aop.LogAOP - Log(url=/backstage/memberB/allRF, visitTime=Mon Jun 19 18:27:02 CST 2023, username=1, ip=0:0:0:0:0:0:0:1, executionTime=11, exceptionMessage=null)
18:27:03.866 [http-nio-9999-exec-9] INFO  com.example.tripadvisor.aop.LogAOP - Log(url=/backstage/memberB/allRF, visitTime=Mon Jun 19 18:27:03 CST 2023, username=1, ip=0:0:0:0:0:0:0:1, executionTime=9, exceptionMessage=null)
18:27:05.214 [http-nio-9999-exec-10] INFO  com.example.tripadvisor.aop.LogAOP - Log(url=/backstage/memberB/allRB, visitTime=Mon Jun 19 18:27:05 CST 2023, username=1, ip=0:0:0:0:0:0:0:1, executionTime=9, exceptionMessage=null)
18:27:06.960 [http-nio-9999-exec-7] INFO  com.example.tripadvisor.aop.LogAOP - Log(url=/backstage/memberB/RA, visitTime=Mon Jun 19 18:27:06 CST 2023, username=1, ip=0:0:0:0:0:0:0:1, executionTime=15, exceptionMessage=null)
18:27:08.875 [http-nio-9999-exec-1] INFO  com.example.tripadvisor.aop.LogAOP - Log(url=/backstage/admin/all, visitTime=Mon Jun 19 18:27:08 CST 2023, username=1, ip=0:0:0:0:0:0:0:1, executionTime=11, exceptionMessage=null)
18:27:11.721 [http-nio-9999-exec-1] INFO  com.example.tripadvisor.aop.LogAOP - Log(url=/backstage/admin/edit, visitTime=Mon Jun 19 18:27:11 CST 2023, username=1, ip=0:0:0:0:0:0:0:1, executionTime=3, exceptionMessage=null)
18:27:13.400 [http-nio-9999-exec-10] INFO  com.example.tripadvisor.aop.LogAOP - Log(url=/backstage/admin/all, visitTime=Mon Jun 19 18:27:13 CST 2023, username=1, ip=0:0:0:0:0:0:0:1, executionTime=15, exceptionMessage=null)
18:27:28.018 [http-nio-9999-exec-8] INFO  com.example.tripadvisor.aop.LogAOP - Log(url=/backstage/role/all, visitTime=Mon Jun 19 18:27:28 CST 2023, username=1, ip=0:0:0:0:0:0:0:1, executionTime=15, exceptionMessage=null)
18:28:15.036 [http-nio-9999-exec-10] INFO  com.example.tripadvisor.aop.LogAOP - Log(url=/backstage/permission/all, visitTime=Mon Jun 19 18:28:15 CST 2023, username=1, ip=0:0:0:0:0:0:0:1, executionTime=13, exceptionMessage=null)
18:36:25.767 [http-nio-9999-exec-7] INFO  com.example.tripadvisor.aop.LogAOP - Log(url=/backstage/product/all, visitTime=Mon Jun 19 18:36:25 CST 2023, username=1, ip=0:0:0:0:0:0:0:1, executionTime=26, exceptionMessage=null)
18:37:08.005 [http-nio-9999-exec-2] INFO  com.example.tripadvisor.aop.LogAOP - Log(url=/backstage/product/delete, visitTime=Mon Jun 19 18:37:07 CST 2023, username=1, ip=0:0:0:0:0:0:0:1, executionTime=25, exceptionMessage=null)
18:37:08.051 [http-nio-9999-exec-1] INFO  com.example.tripadvisor.aop.LogAOP - Log(url=/backstage/product/all, visitTime=Mon Jun 19 18:37:08 CST 2023, username=1, ip=0:0:0:0:0:0:0:1, executionTime=18, exceptionMessage=null)
18:38:20.638 [http-nio-9999-exec-5] INFO  com.example.tripadvisor.aop.LogAOP - Log(url=/backstage/product/edit, visitTime=Mon Jun 19 18:38:20 CST 2023, username=1, ip=0:0:0:0:0:0:0:1, executionTime=15, exceptionMessage=null)
18:38:52.206 [http-nio-9999-exec-8] INFO  com.example.tripadvisor.aop.LogAOP - Log(url=/backstage/product/edit, visitTime=Mon Jun 19 18:38:52 CST 2023, username=1, ip=0:0:0:0:0:0:0:1, executionTime=10, exceptionMessage=null)
18:39:41.701 [http-nio-9999-exec-4] INFO  com.example.tripadvisor.aop.LogAOP - Log(url=/backstage/product/edit, visitTime=Mon Jun 19 18:39:41 CST 2023, username=1, ip=0:0:0:0:0:0:0:1, executionTime=5, exceptionMessage=null)
18:39:43.335 [http-nio-9999-exec-10] INFO  com.example.tripadvisor.aop.LogAOP - Log(url=/backstage/product/edit, visitTime=Mon Jun 19 18:39:43 CST 2023, username=1, ip=0:0:0:0:0:0:0:1, executionTime=8, exceptionMessage=null)
18:40:39.237 [http-nio-9999-exec-1] INFO  com.example.tripadvisor.aop.LogAOP - Log(url=/backstage/product/all, visitTime=Mon Jun 19 18:40:39 CST 2023, username=1, ip=0:0:0:0:0:0:0:1, executionTime=18, exceptionMessage=null)
18:40:42.439 [http-nio-9999-exec-5] INFO  com.example.tripadvisor.aop.LogAOP - Log(url=/backstage/product/edit, visitTime=Mon Jun 19 18:40:42 CST 2023, username=1, ip=0:0:0:0:0:0:0:1, executionTime=8, exceptionMessage=null)
18:40:45.996 [http-nio-9999-exec-4] INFO  com.example.tripadvisor.aop.LogAOP - Log(url=/backstage/product/edit, visitTime=Mon Jun 19 18:40:45 CST 2023, username=1, ip=0:0:0:0:0:0:0:1, executionTime=8, exceptionMessage=null)
18:46:34.338 [http-nio-9999-exec-5] INFO  com.example.tripadvisor.aop.LogAOP - Log(url=/backstage/product/all, visitTime=Mon Jun 19 18:46:34 CST 2023, username=1, ip=0:0:0:0:0:0:0:1, executionTime=10, exceptionMessage=null)
18:46:36.674 [http-nio-9999-exec-10] INFO  com.example.tripadvisor.aop.LogAOP - Log(url=/backstage/role/all, visitTime=Mon Jun 19 18:46:36 CST 2023, username=1, ip=0:0:0:0:0:0:0:1, executionTime=10, exceptionMessage=null)
18:47:23.207 [http-nio-9999-exec-8] INFO  com.example.tripadvisor.aop.LogAOP - Log(url=/backstage/role/all, visitTime=Mon Jun 19 18:47:23 CST 2023, username=1, ip=0:0:0:0:0:0:0:1, executionTime=8, exceptionMessage=null)
18:47:24.754 [http-nio-9999-exec-3] INFO  com.example.tripadvisor.aop.LogAOP - Log(url=/backstage/role/edit, visitTime=Mon Jun 19 18:47:24 CST 2023, username=1, ip=0:0:0:0:0:0:0:1, executionTime=5, exceptionMessage=null)
18:47:49.901 [http-nio-9999-exec-7] INFO  com.example.tripadvisor.aop.LogAOP - Log(url=/backstage/role/all, visitTime=Mon Jun 19 18:47:49 CST 2023, username=1, ip=0:0:0:0:0:0:0:1, executionTime=7, exceptionMessage=null)
18:47:56.429 [http-nio-9999-exec-9] INFO  com.example.tripadvisor.aop.LogAOP - Log(url=/backstage/role/findPermission, visitTime=Mon Jun 19 18:47:56 CST 2023, username=1, ip=0:0:0:0:0:0:0:1, executionTime=14, exceptionMessage=null)
18:48:35.137 [http-nio-9999-exec-9] INFO  com.example.tripadvisor.aop.LogAOP - Log(url=/backstage/permission/all, visitTime=Mon Jun 19 18:48:35 CST 2023, username=1, ip=0:0:0:0:0:0:0:1, executionTime=8, exceptionMessage=null)
18:48:56.842 [http-nio-9999-exec-10] INFO  com.example.tripadvisor.aop.LogAOP - Log(url=/backstage/permission/all, visitTime=Mon Jun 19 18:48:56 CST 2023, username=1, ip=0:0:0:0:0:0:0:1, executionTime=11, exceptionMessage=null)
18:48:58.090 [http-nio-9999-exec-5] INFO  com.example.tripadvisor.aop.LogAOP - Log(url=/backstage/permission/edit, visitTime=Mon Jun 19 18:48:58 CST 2023, username=1, ip=0:0:0:0:0:0:0:1, executionTime=3, exceptionMessage=null)
18:49:31.949 [http-nio-9999-exec-3] INFO  com.example.tripadvisor.aop.LogAOP - Log(url=/backstage/memberB/allRB, visitTime=Mon Jun 19 18:49:31 CST 2023, username=1, ip=0:0:0:0:0:0:0:1, executionTime=9, exceptionMessage=null)
18:49:32.925 [http-nio-9999-exec-7] INFO  com.example.tripadvisor.aop.LogAOP - Log(url=/backstage/memberB/allRB, visitTime=Mon Jun 19 18:49:32 CST 2023, username=1, ip=0:0:0:0:0:0:0:1, executionTime=8, exceptionMessage=null)
18:49:33.754 [http-nio-9999-exec-6] INFO  com.example.tripadvisor.aop.LogAOP - Log(url=/backstage/memberB/RA, visitTime=Mon Jun 19 18:49:33 CST 2023, username=1, ip=0:0:0:0:0:0:0:1, executionTime=8, exceptionMessage=null)
18:49:59.308 [http-nio-9999-exec-8] INFO  com.example.tripadvisor.aop.LogAOP - Log(url=/backstage/memberB/edit, visitTime=Mon Jun 19 18:49:59 CST 2023, username=1, ip=0:0:0:0:0:0:0:1, executionTime=2, exceptionMessage=null)
19:04:42.642 [http-nio-9999-exec-4] INFO  com.example.tripadvisor.aop.LogAOP - Log(url=/backstage/product/all, visitTime=Mon Jun 19 19:04:42 CST 2023, username=1, ip=0:0:0:0:0:0:0:1, executionTime=15, exceptionMessage=null)
19:04:44.433 [http-nio-9999-exec-10] INFO  com.example.tripadvisor.aop.LogAOP - Log(url=/backstage/admin/all, visitTime=Mon Jun 19 19:04:44 CST 2023, username=1, ip=0:0:0:0:0:0:0:1, executionTime=9, exceptionMessage=null)
19:09:02.751 [http-nio-9999-exec-10] INFO  com.example.tripadvisor.aop.LogAOP - Log(url=/backstage/role/all, visitTime=Mon Jun 19 19:09:02 CST 2023, username=1, ip=0:0:0:0:0:0:0:1, executionTime=12, exceptionMessage=null)
19:09:06.397 [http-nio-9999-exec-2] INFO  com.example.tripadvisor.aop.LogAOP - Log(url=/backstage/admin/all, visitTime=Mon Jun 19 19:09:06 CST 2023, username=1, ip=0:0:0:0:0:0:0:1, executionTime=8, exceptionMessage=null)
19:09:07.846 [http-nio-9999-exec-1] INFO  com.example.tripadvisor.aop.LogAOP - Log(url=/backstage/admin/findRole, visitTime=Mon Jun 19 19:09:07 CST 2023, username=1, ip=0:0:0:0:0:0:0:1, executionTime=16, exceptionMessage=null)
19:09:13.843 [http-nio-9999-exec-7] INFO  com.example.tripadvisor.aop.LogAOP - Log(url=/backstage/admin/all, visitTime=Mon Jun 19 19:09:13 CST 2023, username=1, ip=0:0:0:0:0:0:0:1, executionTime=8, exceptionMessage=null)
19:09:15.934 [http-nio-9999-exec-1] INFO  com.example.tripadvisor.aop.LogAOP - Log(url=/backstage/admin/edit, visitTime=Mon Jun 19 19:09:15 CST 2023, username=1, ip=0:0:0:0:0:0:0:1, executionTime=2, exceptionMessage=null)
19:09:18.338 [http-nio-9999-exec-1] INFO  com.example.tripadvisor.aop.LogAOP - Log(url=/backstage/admin/all, visitTime=Mon Jun 19 19:09:18 CST 2023, username=1, ip=0:0:0:0:0:0:0:1, executionTime=8, exceptionMessage=null)
19:09:20.366 [http-nio-9999-exec-4] INFO  com.example.tripadvisor.aop.LogAOP - Log(url=/backstage/admin/edit, visitTime=Mon Jun 19 19:09:20 CST 2023, username=1, ip=0:0:0:0:0:0:0:1, executionTime=3, exceptionMessage=null)
19:09:21.721 [http-nio-9999-exec-9] INFO  com.example.tripadvisor.aop.LogAOP - Log(url=/backstage/admin/all, visitTime=Mon Jun 19 19:09:21 CST 2023, username=1, ip=0:0:0:0:0:0:0:1, executionTime=8, exceptionMessage=null)
19:09:22.678 [http-nio-9999-exec-7] INFO  com.example.tripadvisor.aop.LogAOP - Log(url=/backstage/admin/desc, visitTime=Mon Jun 19 19:09:22 CST 2023, username=1, ip=0:0:0:0:0:0:0:1, executionTime=10, exceptionMessage=null)
19:09:48.848 [http-nio-9999-exec-9] INFO  com.example.tripadvisor.aop.LogAOP - Log(url=/backstage/admin/all, visitTime=Mon Jun 19 19:09:48 CST 2023, username=1, ip=0:0:0:0:0:0:0:1, executionTime=9, exceptionMessage=null)
19:11:52.456 [http-nio-9999-exec-9] INFO  com.example.tripadvisor.aop.LogAOP - Log(url=/backstage/admin/findRole, visitTime=Mon Jun 19 19:11:52 CST 2023, username=1, ip=0:0:0:0:0:0:0:1, executionTime=9, exceptionMessage=null)
19:11:57.892 [http-nio-9999-exec-9] INFO  com.example.tripadvisor.aop.LogAOP - Log(url=/backstage/admin/all, visitTime=Mon Jun 19 19:11:57 CST 2023, username=1, ip=0:0:0:0:0:0:0:1, executionTime=8, exceptionMessage=null)
19:12:21.130 [http-nio-9999-exec-1] INFO  com.example.tripadvisor.aop.LogAOP - Log(url=/backstage/admin/edit, visitTime=Mon Jun 19 19:12:21 CST 2023, username=1, ip=0:0:0:0:0:0:0:1, executionTime=4, exceptionMessage=null)
