00:44:29.459 [main] INFO  com.example.tripadvisor.TripAdvisorApplication - Starting TripAdvisorApplication using Java 1.8.0_131 on Alphabeta with PID 9800 (D:\TempProjects\TripAdvisor\target\classes started by EMPEROR PALPATINE in D:\TempProjects\TripAdvisor)
00:44:29.463 [main] INFO  com.example.tripadvisor.TripAdvisorApplication - No active profile set, falling back to default profiles: default
00:44:31.099 [main] INFO  o.s.boot.web.embedded.tomcat.TomcatWebServer - Tomcat initialized with port(s): 9999 (http)
00:44:31.109 [main] INFO  org.apache.coyote.http11.Http11NioProtocol - Initializing ProtocolHandler ["http-nio-9999"]
00:44:31.110 [main] INFO  org.apache.catalina.core.StandardService - Starting service [Tomcat]
00:44:31.110 [main] INFO  org.apache.catalina.core.StandardEngine - Starting Servlet engine: [Apache Tomcat/9.0.52]
00:44:31.310 [main] INFO  o.a.c.core.ContainerBase.[Tomcat].[localhost].[/] - Initializing Spring embedded WebApplicationContext
00:44:31.311 [main] INFO  o.s.b.w.s.c.ServletWebServerApplicationContext - Root WebApplicationContext: initialization completed in 1793 ms
00:44:34.321 [main] INFO  o.s.security.web.DefaultSecurityFilterChain - Will secure any request with [org.springframework.security.web.context.request.async.WebAsyncManagerIntegrationFilter@7f7c420c, org.springframework.security.web.context.SecurityContextPersistenceFilter@2ffe243f, org.springframework.security.web.header.HeaderWriterFilter@1378eea2, org.springframework.web.filter.CorsFilter@5d152bcd, org.springframework.security.web.authentication.logout.LogoutFilter@5e230fc6, org.springframework.security.web.authentication.UsernamePasswordAuthenticationFilter@511f5b1d, org.springframework.security.web.savedrequest.RequestCacheAwareFilter@5ccb85d6, org.springframework.security.web.servletapi.SecurityContextHolderAwareRequestFilter@7bc58891, org.springframework.security.web.authentication.AnonymousAuthenticationFilter@43cb5f38, org.springframework.security.web.session.SessionManagementFilter@66522ead, org.springframework.security.web.access.ExceptionTranslationFilter@5438c17a, org.springframework.security.web.access.intercept.FilterSecurityInterceptor@2cca611f]
00:44:34.400 [main] INFO  org.apache.coyote.http11.Http11NioProtocol - Starting ProtocolHandler ["http-nio-9999"]
00:44:34.428 [main] INFO  o.s.boot.web.embedded.tomcat.TomcatWebServer - Tomcat started on port(s): 9999 (http) with context path ''
00:44:34.442 [main] INFO  com.example.tripadvisor.TripAdvisorApplication - Started TripAdvisorApplication in 5.447 seconds (JVM running for 7.643)
00:44:45.789 [http-nio-9999-exec-1] INFO  o.a.c.core.ContainerBase.[Tomcat].[localhost].[/] - Initializing Spring DispatcherServlet 'dispatcherServlet'
00:44:45.789 [http-nio-9999-exec-1] INFO  org.springframework.web.servlet.DispatcherServlet - Initializing Servlet 'dispatcherServlet'
00:44:45.790 [http-nio-9999-exec-1] INFO  org.springframework.web.servlet.DispatcherServlet - Completed initialization in 1 ms
00:44:45.845 [http-nio-9999-exec-1] INFO  com.zaxxer.hikari.HikariDataSource - HikariPool-1 - Starting...
00:44:46.008 [http-nio-9999-exec-1] INFO  com.zaxxer.hikari.HikariDataSource - HikariPool-1 - Start completed.
00:51:02.091 [main] INFO  com.example.tripadvisor.TripAdvisorApplication - Starting TripAdvisorApplication using Java 1.8.0_131 on Alphabeta with PID 18512 (D:\TempProjects\TripAdvisor\target\classes started by EMPEROR PALPATINE in D:\TempProjects\TripAdvisor)
00:51:02.095 [main] INFO  com.example.tripadvisor.TripAdvisorApplication - No active profile set, falling back to default profiles: default
00:51:04.280 [main] INFO  o.s.boot.web.embedded.tomcat.TomcatWebServer - Tomcat initialized with port(s): 9999 (http)
00:51:04.291 [main] INFO  org.apache.coyote.http11.Http11NioProtocol - Initializing ProtocolHandler ["http-nio-9999"]
00:51:04.292 [main] INFO  org.apache.catalina.core.StandardService - Starting service [Tomcat]
00:51:04.292 [main] INFO  org.apache.catalina.core.StandardEngine - Starting Servlet engine: [Apache Tomcat/9.0.52]
00:51:04.383 [main] INFO  o.a.c.core.ContainerBase.[Tomcat].[localhost].[/] - Initializing Spring embedded WebApplicationContext
00:51:04.384 [main] INFO  o.s.b.w.s.c.ServletWebServerApplicationContext - Root WebApplicationContext: initialization completed in 2196 ms
00:51:06.817 [main] INFO  o.s.security.web.DefaultSecurityFilterChain - Will secure any request with [org.springframework.security.web.context.request.async.WebAsyncManagerIntegrationFilter@5d1b1c2a, org.springframework.security.web.context.SecurityContextPersistenceFilter@3b7c80c6, org.springframework.security.web.header.HeaderWriterFilter@1d98daa0, org.springframework.web.filter.CorsFilter@6397248c, org.springframework.security.web.authentication.logout.LogoutFilter@6411504a, org.springframework.security.web.authentication.UsernamePasswordAuthenticationFilter@2668c286, org.springframework.security.web.savedrequest.RequestCacheAwareFilter@634ff56, org.springframework.security.web.servletapi.SecurityContextHolderAwareRequestFilter@4099209b, org.springframework.security.web.authentication.AnonymousAuthenticationFilter@25f61c2c, org.springframework.security.web.session.SessionManagementFilter@7bdf61ad, org.springframework.security.web.access.ExceptionTranslationFilter@61874b9d, org.springframework.security.web.access.intercept.FilterSecurityInterceptor@7bc6935c]
00:51:06.879 [main] INFO  org.apache.coyote.http11.Http11NioProtocol - Starting ProtocolHandler ["http-nio-9999"]
00:51:06.896 [main] INFO  o.s.boot.web.embedded.tomcat.TomcatWebServer - Tomcat started on port(s): 9999 (http) with context path ''
00:51:06.908 [main] INFO  com.example.tripadvisor.TripAdvisorApplication - Started TripAdvisorApplication in 5.515 seconds (JVM running for 7.281)
00:51:11.966 [http-nio-9999-exec-1] INFO  o.a.c.core.ContainerBase.[Tomcat].[localhost].[/] - Initializing Spring DispatcherServlet 'dispatcherServlet'
00:51:11.967 [http-nio-9999-exec-1] INFO  org.springframework.web.servlet.DispatcherServlet - Initializing Servlet 'dispatcherServlet'
00:51:11.968 [http-nio-9999-exec-1] INFO  org.springframework.web.servlet.DispatcherServlet - Completed initialization in 1 ms
00:51:12.835 [http-nio-9999-exec-10] INFO  com.zaxxer.hikari.HikariDataSource - HikariPool-1 - Starting...
00:51:13.095 [http-nio-9999-exec-10] INFO  com.zaxxer.hikari.HikariDataSource - HikariPool-1 - Start completed.
00:59:03.661 [main] INFO  com.example.tripadvisor.TripAdvisorApplication - Starting TripAdvisorApplication using Java 1.8.0_131 on Alphabeta with PID 8976 (D:\TempProjects\TripAdvisor\target\classes started by EMPEROR PALPATINE in D:\TempProjects\TripAdvisor)
00:59:03.666 [main] INFO  com.example.tripadvisor.TripAdvisorApplication - No active profile set, falling back to default profiles: default
00:59:06.170 [main] INFO  o.s.boot.web.embedded.tomcat.TomcatWebServer - Tomcat initialized with port(s): 9999 (http)
00:59:06.183 [main] INFO  org.apache.coyote.http11.Http11NioProtocol - Initializing ProtocolHandler ["http-nio-9999"]
00:59:06.184 [main] INFO  org.apache.catalina.core.StandardService - Starting service [Tomcat]
00:59:06.185 [main] INFO  org.apache.catalina.core.StandardEngine - Starting Servlet engine: [Apache Tomcat/9.0.52]
00:59:06.298 [main] INFO  o.a.c.core.ContainerBase.[Tomcat].[localhost].[/] - Initializing Spring embedded WebApplicationContext
00:59:06.299 [main] INFO  o.s.b.w.s.c.ServletWebServerApplicationContext - Root WebApplicationContext: initialization completed in 2555 ms
00:59:09.780 [main] INFO  o.s.security.web.DefaultSecurityFilterChain - Will secure any request with [org.springframework.security.web.context.request.async.WebAsyncManagerIntegrationFilter@115ca7de, org.springframework.security.web.context.SecurityContextPersistenceFilter@214beff9, org.springframework.security.web.header.HeaderWriterFilter@57efc6fd, org.springframework.web.filter.CorsFilter@29fe4840, org.springframework.security.web.authentication.logout.LogoutFilter@a7cf42f, org.springframework.security.web.authentication.UsernamePasswordAuthenticationFilter@70a898b0, org.springframework.security.web.savedrequest.RequestCacheAwareFilter@5af64ce0, org.springframework.security.web.servletapi.SecurityContextHolderAwareRequestFilter@6f5e16cf, org.springframework.security.web.authentication.AnonymousAuthenticationFilter@7f287b98, org.springframework.security.web.session.SessionManagementFilter@76e90da5, org.springframework.security.web.access.ExceptionTranslationFilter@4640195a, org.springframework.security.web.access.intercept.FilterSecurityInterceptor@c7f4457]
00:59:09.879 [main] INFO  org.apache.coyote.http11.Http11NioProtocol - Starting ProtocolHandler ["http-nio-9999"]
00:59:09.909 [main] INFO  o.s.boot.web.embedded.tomcat.TomcatWebServer - Tomcat started on port(s): 9999 (http) with context path ''
00:59:09.928 [main] INFO  com.example.tripadvisor.TripAdvisorApplication - Started TripAdvisorApplication in 7.022 seconds (JVM running for 9.037)
00:59:46.102 [main] INFO  com.example.tripadvisor.TripAdvisorApplication - Starting TripAdvisorApplication using Java 1.8.0_131 on Alphabeta with PID 31148 (D:\TempProjects\TripAdvisor\target\classes started by EMPEROR PALPATINE in D:\TempProjects\TripAdvisor)
00:59:46.107 [main] INFO  com.example.tripadvisor.TripAdvisorApplication - No active profile set, falling back to default profiles: default
00:59:47.992 [main] INFO  o.s.boot.web.embedded.tomcat.TomcatWebServer - Tomcat initialized with port(s): 9999 (http)
00:59:48.002 [main] INFO  org.apache.coyote.http11.Http11NioProtocol - Initializing ProtocolHandler ["http-nio-9999"]
00:59:48.003 [main] INFO  org.apache.catalina.core.StandardService - Starting service [Tomcat]
00:59:48.003 [main] INFO  org.apache.catalina.core.StandardEngine - Starting Servlet engine: [Apache Tomcat/9.0.52]
00:59:48.095 [main] INFO  o.a.c.core.ContainerBase.[Tomcat].[localhost].[/] - Initializing Spring embedded WebApplicationContext
00:59:48.095 [main] INFO  o.s.b.w.s.c.ServletWebServerApplicationContext - Root WebApplicationContext: initialization completed in 1918 ms
00:59:50.538 [main] INFO  o.s.security.web.DefaultSecurityFilterChain - Will secure any request with [org.springframework.security.web.context.request.async.WebAsyncManagerIntegrationFilter@1b90fee4, org.springframework.security.web.context.SecurityContextPersistenceFilter@7e7e962d, org.springframework.security.web.header.HeaderWriterFilter@5fcd1c5f, org.springframework.web.filter.CorsFilter@3513c84c, org.springframework.security.web.authentication.logout.LogoutFilter@b9d018b, org.springframework.security.web.authentication.UsernamePasswordAuthenticationFilter@8bd076a, org.springframework.security.web.savedrequest.RequestCacheAwareFilter@30db5536, org.springframework.security.web.servletapi.SecurityContextHolderAwareRequestFilter@61874b9d, org.springframework.security.web.authentication.AnonymousAuthenticationFilter@4978777f, org.springframework.security.web.session.SessionManagementFilter@7d528cf7, org.springframework.security.web.access.ExceptionTranslationFilter@214beff9, org.springframework.security.web.access.intercept.FilterSecurityInterceptor@7ba93755]
00:59:50.616 [main] INFO  org.apache.coyote.http11.Http11NioProtocol - Starting ProtocolHandler ["http-nio-9999"]
00:59:50.642 [main] INFO  o.s.boot.web.embedded.tomcat.TomcatWebServer - Tomcat started on port(s): 9999 (http) with context path ''
00:59:50.658 [main] INFO  com.example.tripadvisor.TripAdvisorApplication - Started TripAdvisorApplication in 5.118 seconds (JVM running for 6.672)
01:00:07.512 [http-nio-9999-exec-1] INFO  o.a.c.core.ContainerBase.[Tomcat].[localhost].[/] - Initializing Spring DispatcherServlet 'dispatcherServlet'
01:00:07.512 [http-nio-9999-exec-1] INFO  org.springframework.web.servlet.DispatcherServlet - Initializing Servlet 'dispatcherServlet'
01:00:07.514 [http-nio-9999-exec-1] INFO  org.springframework.web.servlet.DispatcherServlet - Completed initialization in 1 ms
01:00:07.581 [http-nio-9999-exec-1] INFO  com.zaxxer.hikari.HikariDataSource - HikariPool-1 - Starting...
01:00:07.771 [http-nio-9999-exec-1] INFO  com.zaxxer.hikari.HikariDataSource - HikariPool-1 - Start completed.
01:06:30.497 [main] INFO  com.example.tripadvisor.TripAdvisorApplication - Starting TripAdvisorApplication using Java 1.8.0_131 on Alphabeta with PID 16972 (D:\TempProjects\TripAdvisor\target\classes started by EMPEROR PALPATINE in D:\TempProjects\TripAdvisor)
01:06:30.501 [main] INFO  com.example.tripadvisor.TripAdvisorApplication - No active profile set, falling back to default profiles: default
01:06:32.460 [main] INFO  o.s.boot.web.embedded.tomcat.TomcatWebServer - Tomcat initialized with port(s): 9999 (http)
01:06:32.469 [main] INFO  org.apache.coyote.http11.Http11NioProtocol - Initializing ProtocolHandler ["http-nio-9999"]
01:06:32.470 [main] INFO  org.apache.catalina.core.StandardService - Starting service [Tomcat]
01:06:32.471 [main] INFO  org.apache.catalina.core.StandardEngine - Starting Servlet engine: [Apache Tomcat/9.0.52]
01:06:32.572 [main] INFO  o.a.c.core.ContainerBase.[Tomcat].[localhost].[/] - Initializing Spring embedded WebApplicationContext
01:06:32.573 [main] INFO  o.s.b.w.s.c.ServletWebServerApplicationContext - Root WebApplicationContext: initialization completed in 1984 ms
01:06:35.010 [main] INFO  o.s.security.web.DefaultSecurityFilterChain - Will secure any request with [org.springframework.security.web.context.request.async.WebAsyncManagerIntegrationFilter@19bedeb8, org.springframework.security.web.context.SecurityContextPersistenceFilter@839df62, org.springframework.security.web.header.HeaderWriterFilter@4f169009, org.springframework.web.filter.CorsFilter@1ba467c2, org.springframework.security.web.authentication.logout.LogoutFilter@61874b9d, org.springframework.security.web.authentication.UsernamePasswordAuthenticationFilter@a7cf42f, org.springframework.security.web.savedrequest.RequestCacheAwareFilter@5fcd1c5f, org.springframework.security.web.servletapi.SecurityContextHolderAwareRequestFilter@17229821, org.springframework.security.web.authentication.AnonymousAuthenticationFilter@63f6bed1, org.springframework.security.web.session.SessionManagementFilter@4207852d, org.springframework.security.web.access.ExceptionTranslationFilter@7793ad58, org.springframework.security.web.access.intercept.FilterSecurityInterceptor@2abc8034]
01:06:35.075 [main] INFO  org.apache.coyote.http11.Http11NioProtocol - Starting ProtocolHandler ["http-nio-9999"]
01:06:35.100 [main] INFO  o.s.boot.web.embedded.tomcat.TomcatWebServer - Tomcat started on port(s): 9999 (http) with context path ''
01:06:35.112 [main] INFO  com.example.tripadvisor.TripAdvisorApplication - Started TripAdvisorApplication in 5.262 seconds (JVM running for 7.062)
01:06:38.554 [http-nio-9999-exec-1] INFO  o.a.c.core.ContainerBase.[Tomcat].[localhost].[/] - Initializing Spring DispatcherServlet 'dispatcherServlet'
01:06:38.554 [http-nio-9999-exec-1] INFO  org.springframework.web.servlet.DispatcherServlet - Initializing Servlet 'dispatcherServlet'
01:06:38.555 [http-nio-9999-exec-1] INFO  org.springframework.web.servlet.DispatcherServlet - Completed initialization in 1 ms
01:06:38.599 [http-nio-9999-exec-1] INFO  com.zaxxer.hikari.HikariDataSource - HikariPool-1 - Starting...
01:06:38.726 [http-nio-9999-exec-1] INFO  com.zaxxer.hikari.HikariDataSource - HikariPool-1 - Start completed.
01:08:31.014 [main] INFO  com.example.tripadvisor.TripAdvisorApplication - Starting TripAdvisorApplication using Java 1.8.0_131 on Alphabeta with PID 28224 (D:\TempProjects\TripAdvisor\target\classes started by EMPEROR PALPATINE in D:\TempProjects\TripAdvisor)
01:08:31.019 [main] INFO  com.example.tripadvisor.TripAdvisorApplication - No active profile set, falling back to default profiles: default
01:08:33.252 [main] INFO  o.s.boot.web.embedded.tomcat.TomcatWebServer - Tomcat initialized with port(s): 9999 (http)
01:08:33.264 [main] INFO  org.apache.coyote.http11.Http11NioProtocol - Initializing ProtocolHandler ["http-nio-9999"]
01:08:33.265 [main] INFO  org.apache.catalina.core.StandardService - Starting service [Tomcat]
01:08:33.265 [main] INFO  org.apache.catalina.core.StandardEngine - Starting Servlet engine: [Apache Tomcat/9.0.52]
01:08:33.392 [main] INFO  o.a.c.core.ContainerBase.[Tomcat].[localhost].[/] - Initializing Spring embedded WebApplicationContext
01:08:33.392 [main] INFO  o.s.b.w.s.c.ServletWebServerApplicationContext - Root WebApplicationContext: initialization completed in 2290 ms
01:08:35.975 [main] INFO  o.s.security.web.DefaultSecurityFilterChain - Will secure any request with [org.springframework.security.web.context.request.async.WebAsyncManagerIntegrationFilter@3f63a513, org.springframework.security.web.context.SecurityContextPersistenceFilter@b9d018b, org.springframework.security.web.header.HeaderWriterFilter@f25f48a, org.springframework.web.filter.CorsFilter@413bef78, org.springframework.security.web.authentication.logout.LogoutFilter@2668c286, org.springframework.security.web.authentication.UsernamePasswordAuthenticationFilter@7c0f28f8, org.springframework.security.web.savedrequest.RequestCacheAwareFilter@2ffe243f, org.springframework.security.web.servletapi.SecurityContextHolderAwareRequestFilter@3e3cd6fe, org.springframework.security.web.authentication.AnonymousAuthenticationFilter@66383c29, org.springframework.security.web.session.SessionManagementFilter@3b2e5c0d, org.springframework.security.web.access.ExceptionTranslationFilter@a7cf42f, org.springframework.security.web.access.intercept.FilterSecurityInterceptor@716185fe]
01:08:36.042 [main] INFO  org.apache.coyote.http11.Http11NioProtocol - Starting ProtocolHandler ["http-nio-9999"]
01:08:36.066 [main] INFO  o.s.boot.web.embedded.tomcat.TomcatWebServer - Tomcat started on port(s): 9999 (http) with context path ''
01:08:36.077 [main] INFO  com.example.tripadvisor.TripAdvisorApplication - Started TripAdvisorApplication in 5.684 seconds (JVM running for 7.131)
01:09:25.302 [http-nio-9999-exec-1] INFO  o.a.c.core.ContainerBase.[Tomcat].[localhost].[/] - Initializing Spring DispatcherServlet 'dispatcherServlet'
01:09:25.302 [http-nio-9999-exec-1] INFO  org.springframework.web.servlet.DispatcherServlet - Initializing Servlet 'dispatcherServlet'
01:09:25.303 [http-nio-9999-exec-1] INFO  org.springframework.web.servlet.DispatcherServlet - Completed initialization in 1 ms
01:09:25.364 [http-nio-9999-exec-1] INFO  com.zaxxer.hikari.HikariDataSource - HikariPool-1 - Starting...
01:09:25.538 [http-nio-9999-exec-1] INFO  com.zaxxer.hikari.HikariDataSource - HikariPool-1 - Start completed.
01:14:06.173 [main] INFO  com.example.tripadvisor.TripAdvisorApplication - Starting TripAdvisorApplication using Java 1.8.0_131 on Alphabeta with PID 992 (D:\TempProjects\TripAdvisor\target\classes started by EMPEROR PALPATINE in D:\TempProjects\TripAdvisor)
01:14:06.179 [main] INFO  com.example.tripadvisor.TripAdvisorApplication - No active profile set, falling back to default profiles: default
01:14:08.100 [main] INFO  o.s.boot.web.embedded.tomcat.TomcatWebServer - Tomcat initialized with port(s): 9999 (http)
01:14:08.109 [main] INFO  org.apache.coyote.http11.Http11NioProtocol - Initializing ProtocolHandler ["http-nio-9999"]
01:14:08.110 [main] INFO  org.apache.catalina.core.StandardService - Starting service [Tomcat]
01:14:08.110 [main] INFO  org.apache.catalina.core.StandardEngine - Starting Servlet engine: [Apache Tomcat/9.0.52]
01:14:08.201 [main] INFO  o.a.c.core.ContainerBase.[Tomcat].[localhost].[/] - Initializing Spring embedded WebApplicationContext
01:14:08.201 [main] INFO  o.s.b.w.s.c.ServletWebServerApplicationContext - Root WebApplicationContext: initialization completed in 1933 ms
01:14:10.723 [main] INFO  o.s.security.web.DefaultSecurityFilterChain - Will secure any request with [org.springframework.security.web.context.request.async.WebAsyncManagerIntegrationFilter@5d1b1c2a, org.springframework.security.web.context.SecurityContextPersistenceFilter@3b7c80c6, org.springframework.security.web.header.HeaderWriterFilter@1d98daa0, org.springframework.web.filter.CorsFilter@6397248c, org.springframework.security.web.authentication.logout.LogoutFilter@6411504a, org.springframework.security.web.authentication.UsernamePasswordAuthenticationFilter@2668c286, org.springframework.security.web.savedrequest.RequestCacheAwareFilter@634ff56, org.springframework.security.web.servletapi.SecurityContextHolderAwareRequestFilter@4099209b, org.springframework.security.web.authentication.AnonymousAuthenticationFilter@25f61c2c, org.springframework.security.web.session.SessionManagementFilter@7bdf61ad, org.springframework.security.web.access.ExceptionTranslationFilter@61874b9d, org.springframework.security.web.access.intercept.FilterSecurityInterceptor@7bc6935c]
01:14:10.790 [main] INFO  org.apache.coyote.http11.Http11NioProtocol - Starting ProtocolHandler ["http-nio-9999"]
01:14:10.818 [main] INFO  o.s.boot.web.embedded.tomcat.TomcatWebServer - Tomcat started on port(s): 9999 (http) with context path ''
01:14:10.831 [main] INFO  com.example.tripadvisor.TripAdvisorApplication - Started TripAdvisorApplication in 5.31 seconds (JVM running for 6.938)
01:15:09.805 [http-nio-9999-exec-1] INFO  o.a.c.core.ContainerBase.[Tomcat].[localhost].[/] - Initializing Spring DispatcherServlet 'dispatcherServlet'
01:15:09.805 [http-nio-9999-exec-1] INFO  org.springframework.web.servlet.DispatcherServlet - Initializing Servlet 'dispatcherServlet'
01:15:09.806 [http-nio-9999-exec-1] INFO  org.springframework.web.servlet.DispatcherServlet - Completed initialization in 1 ms
01:15:09.870 [http-nio-9999-exec-1] INFO  com.zaxxer.hikari.HikariDataSource - HikariPool-1 - Starting...
01:15:10.029 [http-nio-9999-exec-1] INFO  com.zaxxer.hikari.HikariDataSource - HikariPool-1 - Start completed.
01:18:55.992 [main] INFO  com.example.tripadvisor.TripAdvisorApplication - Starting TripAdvisorApplication using Java 1.8.0_131 on Alphabeta with PID 16240 (D:\TempProjects\TripAdvisor\target\classes started by EMPEROR PALPATINE in D:\TempProjects\TripAdvisor)
01:18:55.998 [main] INFO  com.example.tripadvisor.TripAdvisorApplication - No active profile set, falling back to default profiles: default
01:18:59.056 [main] INFO  o.s.boot.web.embedded.tomcat.TomcatWebServer - Tomcat initialized with port(s): 9999 (http)
01:18:59.098 [main] INFO  org.apache.coyote.http11.Http11NioProtocol - Initializing ProtocolHandler ["http-nio-9999"]
01:18:59.100 [main] INFO  org.apache.catalina.core.StandardService - Starting service [Tomcat]
01:18:59.100 [main] INFO  org.apache.catalina.core.StandardEngine - Starting Servlet engine: [Apache Tomcat/9.0.52]
01:18:59.381 [main] INFO  o.a.c.core.ContainerBase.[Tomcat].[localhost].[/] - Initializing Spring embedded WebApplicationContext
01:18:59.381 [main] INFO  o.s.b.w.s.c.ServletWebServerApplicationContext - Root WebApplicationContext: initialization completed in 3261 ms
01:19:04.607 [main] INFO  o.s.security.web.DefaultSecurityFilterChain - Will secure any request with [org.springframework.security.web.context.request.async.WebAsyncManagerIntegrationFilter@7f287b98, org.springframework.security.web.context.SecurityContextPersistenceFilter@217c23ce, org.springframework.security.web.header.HeaderWriterFilter@76e90da5, org.springframework.web.filter.CorsFilter@4684240f, org.springframework.security.web.authentication.logout.LogoutFilter@28e0e464, org.springframework.security.web.authentication.UsernamePasswordAuthenticationFilter@54336976, org.springframework.security.web.savedrequest.RequestCacheAwareFilter@17229821, org.springframework.security.web.servletapi.SecurityContextHolderAwareRequestFilter@49e2b3c5, org.springframework.security.web.authentication.AnonymousAuthenticationFilter@32120956, org.springframework.security.web.session.SessionManagementFilter@67cffead, org.springframework.security.web.access.ExceptionTranslationFilter@7f323b3a, org.springframework.security.web.access.intercept.FilterSecurityInterceptor@5e230fc6]
01:19:04.773 [main] INFO  org.apache.coyote.http11.Http11NioProtocol - Starting ProtocolHandler ["http-nio-9999"]
01:19:04.811 [main] INFO  o.s.boot.web.embedded.tomcat.TomcatWebServer - Tomcat started on port(s): 9999 (http) with context path ''
01:19:04.838 [main] INFO  com.example.tripadvisor.TripAdvisorApplication - Started TripAdvisorApplication in 9.968 seconds (JVM running for 12.307)
01:19:49.506 [main] INFO  com.example.tripadvisor.TripAdvisorApplication - Starting TripAdvisorApplication using Java 1.8.0_131 on Alphabeta with PID 15452 (D:\TempProjects\TripAdvisor\target\classes started by EMPEROR PALPATINE in D:\TempProjects\TripAdvisor)
01:19:49.510 [main] INFO  com.example.tripadvisor.TripAdvisorApplication - No active profile set, falling back to default profiles: default
01:19:51.314 [main] INFO  o.s.boot.web.embedded.tomcat.TomcatWebServer - Tomcat initialized with port(s): 9999 (http)
01:19:51.324 [main] INFO  org.apache.coyote.http11.Http11NioProtocol - Initializing ProtocolHandler ["http-nio-9999"]
01:19:51.325 [main] INFO  org.apache.catalina.core.StandardService - Starting service [Tomcat]
01:19:51.325 [main] INFO  org.apache.catalina.core.StandardEngine - Starting Servlet engine: [Apache Tomcat/9.0.52]
01:19:51.415 [main] INFO  o.a.c.core.ContainerBase.[Tomcat].[localhost].[/] - Initializing Spring embedded WebApplicationContext
01:19:51.416 [main] INFO  o.s.b.w.s.c.ServletWebServerApplicationContext - Root WebApplicationContext: initialization completed in 1837 ms
01:19:53.968 [main] INFO  o.s.security.web.DefaultSecurityFilterChain - Will secure any request with [org.springframework.security.web.context.request.async.WebAsyncManagerIntegrationFilter@36790bec, org.springframework.security.web.context.SecurityContextPersistenceFilter@1de4285e, org.springframework.security.web.header.HeaderWriterFilter@b9d018b, org.springframework.web.filter.CorsFilter@461c3709, org.springframework.security.web.authentication.logout.LogoutFilter@2abc8034, org.springframework.security.web.authentication.UsernamePasswordAuthenticationFilter@c7f4457, org.springframework.security.web.savedrequest.RequestCacheAwareFilter@3728a578, org.springframework.security.web.servletapi.SecurityContextHolderAwareRequestFilter@5ccb85d6, org.springframework.security.web.authentication.AnonymousAuthenticationFilter@7e3d7dd, org.springframework.security.web.session.SessionManagementFilter@79eeff87, org.springframework.security.web.access.ExceptionTranslationFilter@7bdf61ad, org.springframework.security.web.access.intercept.FilterSecurityInterceptor@17e0933c]
01:19:54.047 [main] INFO  org.apache.coyote.http11.Http11NioProtocol - Starting ProtocolHandler ["http-nio-9999"]
01:19:54.072 [main] INFO  o.s.boot.web.embedded.tomcat.TomcatWebServer - Tomcat started on port(s): 9999 (http) with context path ''
01:19:54.085 [main] INFO  com.example.tripadvisor.TripAdvisorApplication - Started TripAdvisorApplication in 5.111 seconds (JVM running for 6.438)
01:21:55.530 [http-nio-9999-exec-1] INFO  o.a.c.core.ContainerBase.[Tomcat].[localhost].[/] - Initializing Spring DispatcherServlet 'dispatcherServlet'
01:21:55.530 [http-nio-9999-exec-1] INFO  org.springframework.web.servlet.DispatcherServlet - Initializing Servlet 'dispatcherServlet'
01:21:55.531 [http-nio-9999-exec-1] INFO  org.springframework.web.servlet.DispatcherServlet - Completed initialization in 1 ms
01:21:55.590 [http-nio-9999-exec-1] INFO  com.zaxxer.hikari.HikariDataSource - HikariPool-1 - Starting...
01:21:55.748 [http-nio-9999-exec-1] INFO  com.zaxxer.hikari.HikariDataSource - HikariPool-1 - Start completed.
08:26:27.045 [HikariPool-1 housekeeper] WARN  com.zaxxer.hikari.pool.HikariPool - HikariPool-1 - Thread starvation or clock leap detected (housekeeper delta=54s398ms787?s).
10:10:25.367 [main] INFO  com.example.tripadvisor.TripAdvisorApplication - Starting TripAdvisorApplication using Java 1.8.0_131 on Alphabeta with PID 20604 (D:\TempProjects\TripAdvisor\target\classes started by EMPEROR PALPATINE in D:\TempProjects\TripAdvisor)
10:10:25.373 [main] INFO  com.example.tripadvisor.TripAdvisorApplication - No active profile set, falling back to default profiles: default
10:10:28.093 [main] INFO  o.s.boot.web.embedded.tomcat.TomcatWebServer - Tomcat initialized with port(s): 9999 (http)
10:10:28.107 [main] INFO  org.apache.coyote.http11.Http11NioProtocol - Initializing ProtocolHandler ["http-nio-9999"]
10:10:28.108 [main] INFO  org.apache.catalina.core.StandardService - Starting service [Tomcat]
10:10:28.108 [main] INFO  org.apache.catalina.core.StandardEngine - Starting Servlet engine: [Apache Tomcat/9.0.52]
10:10:28.254 [main] INFO  o.a.c.core.ContainerBase.[Tomcat].[localhost].[/] - Initializing Spring embedded WebApplicationContext
10:10:28.254 [main] INFO  o.s.b.w.s.c.ServletWebServerApplicationContext - Root WebApplicationContext: initialization completed in 2788 ms
10:10:31.300 [main] INFO  o.s.security.web.DefaultSecurityFilterChain - Will secure any request with [org.springframework.security.web.context.request.async.WebAsyncManagerIntegrationFilter@461c3709, org.springframework.security.web.context.SecurityContextPersistenceFilter@6b4fc2d1, org.springframework.security.web.header.HeaderWriterFilter@7499eac7, org.springframework.web.filter.CorsFilter@7e3d7dd, org.springframework.security.web.authentication.logout.LogoutFilter@467b0f6e, org.springframework.security.web.authentication.UsernamePasswordAuthenticationFilter@12e12ac9, org.springframework.security.web.savedrequest.RequestCacheAwareFilter@43ac0a68, org.springframework.security.web.servletapi.SecurityContextHolderAwareRequestFilter@1a464fa3, org.springframework.security.web.authentication.AnonymousAuthenticationFilter@3f63a513, org.springframework.security.web.session.SessionManagementFilter@b9d018b, org.springframework.security.web.access.ExceptionTranslationFilter@1d98daa0, org.springframework.security.web.access.intercept.FilterSecurityInterceptor@7edb6fca]
10:10:31.374 [main] INFO  org.apache.coyote.http11.Http11NioProtocol - Starting ProtocolHandler ["http-nio-9999"]
10:10:31.405 [main] INFO  o.s.boot.web.embedded.tomcat.TomcatWebServer - Tomcat started on port(s): 9999 (http) with context path ''
10:10:31.419 [main] INFO  com.example.tripadvisor.TripAdvisorApplication - Started TripAdvisorApplication in 6.662 seconds (JVM running for 10.006)
10:11:42.476 [http-nio-9999-exec-1] INFO  o.a.c.core.ContainerBase.[Tomcat].[localhost].[/] - Initializing Spring DispatcherServlet 'dispatcherServlet'
10:11:42.477 [http-nio-9999-exec-1] INFO  org.springframework.web.servlet.DispatcherServlet - Initializing Servlet 'dispatcherServlet'
10:11:42.480 [http-nio-9999-exec-1] INFO  org.springframework.web.servlet.DispatcherServlet - Completed initialization in 3 ms
10:11:47.778 [http-nio-9999-exec-4] INFO  com.zaxxer.hikari.HikariDataSource - HikariPool-1 - Starting...
10:11:47.942 [http-nio-9999-exec-4] INFO  com.zaxxer.hikari.HikariDataSource - HikariPool-1 - Start completed.
10:11:50.991 [http-nio-9999-exec-10] INFO  com.example.tripadvisor.aop.LogAOP - Log(url=/backstage/memberB/RA, visitTime=Mon Jun 05 10:11:50 CST 2023, username=1, ip=0:0:0:0:0:0:0:1, executionTime=69, exceptionMessage=null)
10:15:14.009 [http-nio-9999-exec-2] INFO  com.example.tripadvisor.aop.LogAOP - Log(url=/backstage/memberB/RA, visitTime=Mon Jun 05 10:15:13 CST 2023, username=1, ip=0:0:0:0:0:0:0:1, executionTime=15, exceptionMessage=null)
10:16:25.162 [http-nio-9999-exec-2] INFO  com.example.tripadvisor.aop.LogAOP - Log(url=/backstage/memberB/RA, visitTime=Mon Jun 05 10:16:25 CST 2023, username=1, ip=0:0:0:0:0:0:0:1, executionTime=14, exceptionMessage=null)
10:20:36.326 [http-nio-9999-exec-1] INFO  com.example.tripadvisor.aop.LogAOP - Log(url=/backstage/memberB/RA, visitTime=Mon Jun 05 10:20:36 CST 2023, username=1, ip=0:0:0:0:0:0:0:1, executionTime=21, exceptionMessage=null)
10:21:10.411 [http-nio-9999-exec-10] INFO  com.example.tripadvisor.aop.LogAOP - Log(url=/backstage/memberB/RA, visitTime=Mon Jun 05 10:21:10 CST 2023, username=sheevpalpatine0, ip=0:0:0:0:0:0:0:1, executionTime=12, exceptionMessage=null)
10:21:55.539 [http-nio-9999-exec-4] INFO  com.example.tripadvisor.aop.LogAOP - Log(url=/backstage/memberB/RA, visitTime=Mon Jun 05 10:21:55 CST 2023, username=1, ip=0:0:0:0:0:0:0:1, executionTime=11, exceptionMessage=null)
10:27:54.117 [http-nio-9999-exec-8] INFO  com.example.tripadvisor.aop.LogAOP - Log(url=/backstage/admin/all, visitTime=Mon Jun 05 10:27:54 CST 2023, username=1, ip=0:0:0:0:0:0:0:1, executionTime=18, exceptionMessage=null)
10:27:57.634 [http-nio-9999-exec-4] INFO  com.example.tripadvisor.aop.LogAOP - Log(url=/backstage/admin/findRole, visitTime=Mon Jun 05 10:27:57 CST 2023, username=1, ip=0:0:0:0:0:0:0:1, executionTime=15, exceptionMessage=null)
10:27:59.140 [http-nio-9999-exec-7] INFO  com.example.tripadvisor.aop.LogAOP - Log(url=/backstage/permission/all, visitTime=Mon Jun 05 10:27:59 CST 2023, username=1, ip=0:0:0:0:0:0:0:1, executionTime=18, exceptionMessage=null)
10:28:19.433 [http-nio-9999-exec-4] INFO  com.example.tripadvisor.aop.LogAOP - Log(url=/backstage/role/all, visitTime=Mon Jun 05 10:28:19 CST 2023, username=1, ip=0:0:0:0:0:0:0:1, executionTime=16, exceptionMessage=null)
10:28:24.257 [http-nio-9999-exec-6] INFO  com.example.tripadvisor.aop.LogAOP - Log(url=/backstage/role/findPermission, visitTime=Mon Jun 05 10:28:24 CST 2023, username=1, ip=0:0:0:0:0:0:0:1, executionTime=15, exceptionMessage=null)
10:28:34.206 [http-nio-9999-exec-1] INFO  com.example.tripadvisor.aop.LogAOP - Log(url=/backstage/role/all, visitTime=Mon Jun 05 10:28:34 CST 2023, username=1, ip=0:0:0:0:0:0:0:1, executionTime=11, exceptionMessage=null)
10:28:38.126 [http-nio-9999-exec-10] INFO  com.example.tripadvisor.aop.LogAOP - Log(url=/backstage/role/findPermission, visitTime=Mon Jun 05 10:28:38 CST 2023, username=1, ip=0:0:0:0:0:0:0:1, executionTime=8, exceptionMessage=null)
10:28:59.550 [http-nio-9999-exec-1] INFO  com.example.tripadvisor.aop.LogAOP - Log(url=/backstage/permission/all, visitTime=Mon Jun 05 10:28:59 CST 2023, username=1, ip=0:0:0:0:0:0:0:1, executionTime=10, exceptionMessage=null)
10:29:59.193 [http-nio-9999-exec-4] INFO  com.example.tripadvisor.aop.LogAOP - Log(url=/backstage/admin/all, visitTime=Mon Jun 05 10:29:59 CST 2023, username=1, ip=0:0:0:0:0:0:0:1, executionTime=15, exceptionMessage=null)
10:30:00.196 [http-nio-9999-exec-1] INFO  com.example.tripadvisor.aop.LogAOP - Log(url=/backstage/permission/all, visitTime=Mon Jun 05 10:30:00 CST 2023, username=1, ip=0:0:0:0:0:0:0:1, executionTime=12, exceptionMessage=null)
10:30:05.540 [http-nio-9999-exec-1] INFO  com.example.tripadvisor.aop.LogAOP - Log(url=/backstage/admin/all, visitTime=Mon Jun 05 10:30:05 CST 2023, username=1, ip=0:0:0:0:0:0:0:1, executionTime=11, exceptionMessage=null)
10:30:09.506 [http-nio-9999-exec-4] INFO  com.example.tripadvisor.aop.LogAOP - Log(url=/backstage/role/all, visitTime=Mon Jun 05 10:30:09 CST 2023, username=1, ip=0:0:0:0:0:0:0:1, executionTime=6, exceptionMessage=null)
10:30:12.404 [http-nio-9999-exec-8] INFO  com.example.tripadvisor.aop.LogAOP - Log(url=/backstage/permission/all, visitTime=Mon Jun 05 10:30:12 CST 2023, username=1, ip=0:0:0:0:0:0:0:1, executionTime=12, exceptionMessage=null)
10:30:14.534 [http-nio-9999-exec-2] INFO  com.example.tripadvisor.aop.LogAOP - Log(url=/backstage/admin/all, visitTime=Mon Jun 05 10:30:14 CST 2023, username=1, ip=0:0:0:0:0:0:0:1, executionTime=8, exceptionMessage=null)
10:30:15.894 [http-nio-9999-exec-6] INFO  com.example.tripadvisor.aop.LogAOP - Log(url=/backstage/permission/all, visitTime=Mon Jun 05 10:30:15 CST 2023, username=1, ip=0:0:0:0:0:0:0:1, executionTime=11, exceptionMessage=null)
10:31:31.941 [http-nio-9999-exec-7] INFO  com.example.tripadvisor.aop.LogAOP - Log(url=/backstage/admin/all, visitTime=Mon Jun 05 10:31:31 CST 2023, username=1, ip=0:0:0:0:0:0:0:1, executionTime=10, exceptionMessage=null)
10:31:47.609 [http-nio-9999-exec-2] INFO  com.example.tripadvisor.aop.LogAOP - Log(url=/backstage/admin/all, visitTime=Mon Jun 05 10:31:47 CST 2023, username=1, ip=0:0:0:0:0:0:0:1, executionTime=13, exceptionMessage=null)
10:31:54.761 [http-nio-9999-exec-1] INFO  com.example.tripadvisor.aop.LogAOP - Log(url=/backstage/admin/edit, visitTime=Mon Jun 05 10:31:54 CST 2023, username=1, ip=0:0:0:0:0:0:0:1, executionTime=9, exceptionMessage=null)
10:31:56.249 [http-nio-9999-exec-6] INFO  com.example.tripadvisor.aop.LogAOP - Log(url=/backstage/admin/all, visitTime=Mon Jun 05 10:31:56 CST 2023, username=1, ip=0:0:0:0:0:0:0:1, executionTime=8, exceptionMessage=null)
10:32:42.866 [http-nio-9999-exec-9] INFO  com.example.tripadvisor.aop.LogAOP - Log(url=/backstage/admin/all, visitTime=Mon Jun 05 10:32:42 CST 2023, username=1, ip=0:0:0:0:0:0:0:1, executionTime=12, exceptionMessage=null)
10:32:45.541 [http-nio-9999-exec-10] INFO  com.example.tripadvisor.aop.LogAOP - Log(url=/backstage/admin/desc, visitTime=Mon Jun 05 10:32:45 CST 2023, username=1, ip=0:0:0:0:0:0:0:1, executionTime=16, exceptionMessage=null)
10:33:18.875 [http-nio-9999-exec-8] INFO  com.example.tripadvisor.aop.LogAOP - Log(url=/backstage/admin/all, visitTime=Mon Jun 05 10:33:18 CST 2023, username=1, ip=0:0:0:0:0:0:0:1, executionTime=14, exceptionMessage=null)
10:33:21.142 [http-nio-9999-exec-9] INFO  com.example.tripadvisor.aop.LogAOP - Log(url=/backstage/admin/findRole, visitTime=Mon Jun 05 10:33:21 CST 2023, username=1, ip=0:0:0:0:0:0:0:1, executionTime=9, exceptionMessage=null)
10:33:29.841 [http-nio-9999-exec-1] INFO  com.example.tripadvisor.aop.LogAOP - Log(url=/backstage/admin/all, visitTime=Mon Jun 05 10:33:29 CST 2023, username=1, ip=0:0:0:0:0:0:0:1, executionTime=14, exceptionMessage=null)
10:33:32.531 [http-nio-9999-exec-5] INFO  com.example.tripadvisor.aop.LogAOP - Log(url=/backstage/admin/updateStatus, visitTime=Mon Jun 05 10:33:32 CST 2023, username=1, ip=0:0:0:0:0:0:0:1, executionTime=37, exceptionMessage=null)
10:33:32.572 [http-nio-9999-exec-7] INFO  com.example.tripadvisor.aop.LogAOP - Log(url=/backstage/admin/all, visitTime=Mon Jun 05 10:33:32 CST 2023, username=1, ip=0:0:0:0:0:0:0:1, executionTime=6, exceptionMessage=null)
10:33:33.578 [http-nio-9999-exec-7] INFO  com.example.tripadvisor.aop.LogAOP - Log(url=/backstage/admin/updateStatus, visitTime=Mon Jun 05 10:33:33 CST 2023, username=1, ip=0:0:0:0:0:0:0:1, executionTime=11, exceptionMessage=null)
10:33:33.592 [http-nio-9999-exec-9] INFO  com.example.tripadvisor.aop.LogAOP - Log(url=/backstage/admin/all, visitTime=Mon Jun 05 10:33:33 CST 2023, username=1, ip=0:0:0:0:0:0:0:1, executionTime=7, exceptionMessage=null)
10:35:05.774 [http-nio-9999-exec-7] INFO  com.example.tripadvisor.aop.LogAOP - Log(url=/backstage/admin/all, visitTime=Mon Jun 05 10:35:05 CST 2023, username=1, ip=0:0:0:0:0:0:0:1, executionTime=13, exceptionMessage=null)
10:35:08.590 [http-nio-9999-exec-9] INFO  com.example.tripadvisor.aop.LogAOP - Log(url=/backstage/role/all, visitTime=Mon Jun 05 10:35:08 CST 2023, username=1, ip=0:0:0:0:0:0:0:1, executionTime=8, exceptionMessage=null)
10:35:09.392 [http-nio-9999-exec-9] INFO  com.example.tripadvisor.aop.LogAOP - Log(url=/backstage/permission/all, visitTime=Mon Jun 05 10:35:09 CST 2023, username=1, ip=0:0:0:0:0:0:0:1, executionTime=7, exceptionMessage=null)
10:35:17.232 [http-nio-9999-exec-2] INFO  com.example.tripadvisor.aop.LogAOP - Log(url=/backstage/category/all, visitTime=Mon Jun 05 10:35:17 CST 2023, username=1, ip=0:0:0:0:0:0:0:1, executionTime=21, exceptionMessage=null)
10:35:22.928 [http-nio-9999-exec-7] INFO  com.example.tripadvisor.aop.LogAOP - Log(url=/backstage/product/all, visitTime=Mon Jun 05 10:35:22 CST 2023, username=1, ip=0:0:0:0:0:0:0:1, executionTime=46, exceptionMessage=null)
10:35:24.909 [http-nio-9999-exec-7] INFO  com.example.tripadvisor.aop.LogAOP - Log(url=/backstage/product/edit, visitTime=Mon Jun 05 10:35:24 CST 2023, username=1, ip=0:0:0:0:0:0:0:1, executionTime=14, exceptionMessage=null)
10:35:41.621 [http-nio-9999-exec-7] INFO  com.example.tripadvisor.aop.LogAOP - Log(url=/backstage/product/upload, visitTime=Mon Jun 05 10:35:41 CST 2023, username=1, ip=0:0:0:0:0:0:0:1, executionTime=8, exceptionMessage=null)
10:35:42.500 [http-nio-9999-exec-4] INFO  com.example.tripadvisor.aop.LogAOP - Log(url=/backstage/product/update, visitTime=Mon Jun 05 10:35:42 CST 2023, username=1, ip=0:0:0:0:0:0:0:1, executionTime=10, exceptionMessage=null)
10:35:42.518 [http-nio-9999-exec-10] INFO  com.example.tripadvisor.aop.LogAOP - Log(url=/backstage/product/all, visitTime=Mon Jun 05 10:35:42 CST 2023, username=1, ip=0:0:0:0:0:0:0:1, executionTime=10, exceptionMessage=null)
10:35:46.323 [http-nio-9999-exec-5] INFO  com.example.tripadvisor.aop.LogAOP - Log(url=/backstage/product/edit, visitTime=Mon Jun 05 10:35:46 CST 2023, username=1, ip=0:0:0:0:0:0:0:1, executionTime=8, exceptionMessage=null)
10:35:50.516 [http-nio-9999-exec-10] INFO  com.example.tripadvisor.aop.LogAOP - Log(url=/backstage/product/upload, visitTime=Mon Jun 05 10:35:50 CST 2023, username=1, ip=0:0:0:0:0:0:0:1, executionTime=5, exceptionMessage=null)
10:35:52.322 [http-nio-9999-exec-7] INFO  com.example.tripadvisor.aop.LogAOP - Log(url=/backstage/product/update, visitTime=Mon Jun 05 10:35:52 CST 2023, username=1, ip=0:0:0:0:0:0:0:1, executionTime=6, exceptionMessage=null)
10:35:52.334 [http-nio-9999-exec-9] INFO  com.example.tripadvisor.aop.LogAOP - Log(url=/backstage/product/all, visitTime=Mon Jun 05 10:35:52 CST 2023, username=1, ip=0:0:0:0:0:0:0:1, executionTime=7, exceptionMessage=null)
10:35:55.010 [http-nio-9999-exec-4] INFO  com.example.tripadvisor.aop.LogAOP - Log(url=/backstage/product/edit, visitTime=Mon Jun 05 10:35:55 CST 2023, username=1, ip=0:0:0:0:0:0:0:1, executionTime=9, exceptionMessage=null)
10:35:59.640 [http-nio-9999-exec-6] INFO  com.example.tripadvisor.aop.LogAOP - Log(url=/backstage/product/upload, visitTime=Mon Jun 05 10:35:59 CST 2023, username=1, ip=0:0:0:0:0:0:0:1, executionTime=3, exceptionMessage=null)
10:37:41.649 [http-nio-9999-exec-7] INFO  com.example.tripadvisor.aop.LogAOP - Log(url=/backstage/product/upload, visitTime=Mon Jun 05 10:37:41 CST 2023, username=1, ip=0:0:0:0:0:0:0:1, executionTime=2, exceptionMessage=null)
10:37:46.254 [http-nio-9999-exec-4] INFO  com.example.tripadvisor.aop.LogAOP - Log(url=/backstage/product/upload, visitTime=Mon Jun 05 10:37:46 CST 2023, username=1, ip=0:0:0:0:0:0:0:1, executionTime=7, exceptionMessage=null)
10:38:03.565 [http-nio-9999-exec-8] INFO  com.example.tripadvisor.aop.LogAOP - Log(url=/backstage/product/upload, visitTime=Mon Jun 05 10:38:03 CST 2023, username=1, ip=0:0:0:0:0:0:0:1, executionTime=3, exceptionMessage=null)
10:38:07.944 [http-nio-9999-exec-6] INFO  com.example.tripadvisor.aop.LogAOP - Log(url=/backstage/product/update, visitTime=Mon Jun 05 10:38:07 CST 2023, username=1, ip=0:0:0:0:0:0:0:1, executionTime=5, exceptionMessage=null)
10:38:07.957 [http-nio-9999-exec-5] INFO  com.example.tripadvisor.aop.LogAOP - Log(url=/backstage/product/all, visitTime=Mon Jun 05 10:38:07 CST 2023, username=1, ip=0:0:0:0:0:0:0:1, executionTime=5, exceptionMessage=null)
10:38:25.396 [http-nio-9999-exec-7] INFO  com.example.tripadvisor.aop.LogAOP - Log(url=/backstage/admin/all, visitTime=Mon Jun 05 10:38:25 CST 2023, username=1, ip=0:0:0:0:0:0:0:1, executionTime=7, exceptionMessage=null)
10:46:06.037 [http-nio-9999-exec-1] INFO  com.example.tripadvisor.aop.LogAOP - Log(url=/backstage/admin/all, visitTime=Mon Jun 05 10:46:06 CST 2023, username=1, ip=0:0:0:0:0:0:0:1, executionTime=12, exceptionMessage=null)
10:52:30.417 [http-nio-9999-exec-1] INFO  com.example.tripadvisor.aop.LogAOP - Log(url=/backstage/admin/all, visitTime=Mon Jun 05 10:52:30 CST 2023, username=1, ip=0:0:0:0:0:0:0:1, executionTime=12, exceptionMessage=null)
10:59:26.552 [main] INFO  com.example.tripadvisor.TripAdvisorApplication - Starting TripAdvisorApplication using Java 1.8.0_131 on Alphabeta with PID 12584 (D:\TempProjects\TripAdvisor\target\classes started by EMPEROR PALPATINE in D:\TempProjects\TripAdvisor)
10:59:26.555 [main] INFO  com.example.tripadvisor.TripAdvisorApplication - No active profile set, falling back to default profiles: default
10:59:28.500 [main] INFO  o.s.boot.web.embedded.tomcat.TomcatWebServer - Tomcat initialized with port(s): 9999 (http)
10:59:28.513 [main] INFO  org.apache.coyote.http11.Http11NioProtocol - Initializing ProtocolHandler ["http-nio-9999"]
10:59:28.515 [main] INFO  org.apache.catalina.core.StandardService - Starting service [Tomcat]
10:59:28.515 [main] INFO  org.apache.catalina.core.StandardEngine - Starting Servlet engine: [Apache Tomcat/9.0.52]
10:59:28.648 [main] INFO  o.a.c.core.ContainerBase.[Tomcat].[localhost].[/] - Initializing Spring embedded WebApplicationContext
10:59:28.648 [main] INFO  o.s.b.w.s.c.ServletWebServerApplicationContext - Root WebApplicationContext: initialization completed in 2032 ms
10:59:31.465 [main] INFO  o.s.security.web.DefaultSecurityFilterChain - Will secure any request with [org.springframework.security.web.context.request.async.WebAsyncManagerIntegrationFilter@733c464f, org.springframework.security.web.context.SecurityContextPersistenceFilter@2091833, org.springframework.security.web.header.HeaderWriterFilter@5ccb85d6, org.springframework.web.filter.CorsFilter@47272cd3, org.springframework.security.web.authentication.logout.LogoutFilter@3443e476, org.springframework.security.web.authentication.UsernamePasswordAuthenticationFilter@19bedeb8, org.springframework.security.web.savedrequest.RequestCacheAwareFilter@2abc8034, org.springframework.security.web.servletapi.SecurityContextHolderAwareRequestFilter@5e230fc6, org.springframework.security.web.authentication.AnonymousAuthenticationFilter@73fbdf68, org.springframework.security.web.session.SessionManagementFilter@259b85d6, org.springframework.security.web.access.ExceptionTranslationFilter@1dad01fe, org.springframework.security.web.access.intercept.FilterSecurityInterceptor@2d2b6960]
10:59:31.539 [main] INFO  org.apache.coyote.http11.Http11NioProtocol - Starting ProtocolHandler ["http-nio-9999"]
10:59:31.565 [main] INFO  o.s.boot.web.embedded.tomcat.TomcatWebServer - Tomcat started on port(s): 9999 (http) with context path ''
10:59:31.580 [main] INFO  com.example.tripadvisor.TripAdvisorApplication - Started TripAdvisorApplication in 5.504 seconds (JVM running for 8.202)
10:59:55.387 [http-nio-9999-exec-1] INFO  o.a.c.core.ContainerBase.[Tomcat].[localhost].[/] - Initializing Spring DispatcherServlet 'dispatcherServlet'
10:59:55.388 [http-nio-9999-exec-1] INFO  org.springframework.web.servlet.DispatcherServlet - Initializing Servlet 'dispatcherServlet'
10:59:55.389 [http-nio-9999-exec-1] INFO  org.springframework.web.servlet.DispatcherServlet - Completed initialization in 1 ms
10:59:58.788 [http-nio-9999-exec-1] INFO  com.zaxxer.hikari.HikariDataSource - HikariPool-1 - Starting...
10:59:59.008 [http-nio-9999-exec-1] INFO  com.zaxxer.hikari.HikariDataSource - HikariPool-1 - Start completed.
11:00:02.023 [http-nio-9999-exec-5] INFO  com.example.tripadvisor.aop.LogAOP - Log(url=/backstage/category/all, visitTime=Mon Jun 05 11:00:01 CST 2023, username=1, ip=0:0:0:0:0:0:0:1, executionTime=68, exceptionMessage=null)
11:00:02.778 [http-nio-9999-exec-6] INFO  com.example.tripadvisor.aop.LogAOP - Log(url=/backstage/product/all, visitTime=Mon Jun 05 11:00:02 CST 2023, username=1, ip=0:0:0:0:0:0:0:1, executionTime=40, exceptionMessage=null)
11:00:03.994 [http-nio-9999-exec-9] INFO  com.example.tripadvisor.aop.LogAOP - Log(url=/backstage/product/addPage, visitTime=Mon Jun 05 11:00:03 CST 2023, username=1, ip=0:0:0:0:0:0:0:1, executionTime=7, exceptionMessage=null)
11:00:08.640 [http-nio-9999-exec-5] INFO  com.example.tripadvisor.aop.LogAOP - Log(url=/backstage/product/upload, visitTime=Mon Jun 05 11:00:08 CST 2023, username=1, ip=0:0:0:0:0:0:0:1, executionTime=8, exceptionMessage=null)
11:00:13.930 [http-nio-9999-exec-2] INFO  com.example.tripadvisor.aop.LogAOP - Log(url=/backstage/product/add, visitTime=Mon Jun 05 11:00:13 CST 2023, username=1, ip=0:0:0:0:0:0:0:1, executionTime=19, exceptionMessage=null)
11:00:13.963 [http-nio-9999-exec-9] INFO  com.example.tripadvisor.aop.LogAOP - Log(url=/backstage/product/all, visitTime=Mon Jun 05 11:00:13 CST 2023, username=1, ip=0:0:0:0:0:0:0:1, executionTime=13, exceptionMessage=null)
11:03:15.810 [http-nio-9999-exec-6] INFO  com.example.tripadvisor.aop.LogAOP - Log(url=/backstage/product/all, visitTime=Mon Jun 05 11:03:15 CST 2023, username=1, ip=0:0:0:0:0:0:0:1, executionTime=12, exceptionMessage=null)
11:03:19.329 [http-nio-9999-exec-5] INFO  com.example.tripadvisor.aop.LogAOP - Log(url=/backstage/admin/all, visitTime=Mon Jun 05 11:03:19 CST 2023, username=1, ip=0:0:0:0:0:0:0:1, executionTime=10, exceptionMessage=null)
11:03:20.655 [http-nio-9999-exec-2] INFO  com.example.tripadvisor.aop.LogAOP - Log(url=/backstage/role/all, visitTime=Mon Jun 05 11:03:20 CST 2023, username=1, ip=0:0:0:0:0:0:0:1, executionTime=15, exceptionMessage=null)
11:03:22.174 [http-nio-9999-exec-6] INFO  com.example.tripadvisor.aop.LogAOP - Log(url=/backstage/admin/all, visitTime=Mon Jun 05 11:03:22 CST 2023, username=1, ip=0:0:0:0:0:0:0:1, executionTime=10, exceptionMessage=null)
11:03:59.822 [http-nio-9999-exec-2] INFO  com.example.tripadvisor.aop.LogAOP - Log(url=/backstage/admin/all, visitTime=Mon Jun 05 11:03:59 CST 2023, username=1, ip=0:0:0:0:0:0:0:1, executionTime=13, exceptionMessage=null)
11:04:01.438 [http-nio-9999-exec-3] INFO  com.example.tripadvisor.aop.LogAOP - Log(url=/backstage/admin/desc, visitTime=Mon Jun 05 11:04:01 CST 2023, username=1, ip=0:0:0:0:0:0:0:1, executionTime=10, exceptionMessage=null)
11:04:22.916 [http-nio-9999-exec-6] INFO  com.example.tripadvisor.aop.LogAOP - Log(url=/backstage/admin/all, visitTime=Mon Jun 05 11:04:22 CST 2023, username=1, ip=0:0:0:0:0:0:0:1, executionTime=9, exceptionMessage=null)
11:04:29.519 [http-nio-9999-exec-3] INFO  com.example.tripadvisor.aop.LogAOP - Log(url=/backstage/admin/all, visitTime=Mon Jun 05 11:04:29 CST 2023, username=1, ip=0:0:0:0:0:0:0:1, executionTime=8, exceptionMessage=null)
11:14:36.591 [http-nio-9999-exec-3] INFO  com.example.tripadvisor.aop.LogAOP - Log(url=/backstage/admin/desc, visitTime=Mon Jun 05 11:14:36 CST 2023, username=1, ip=0:0:0:0:0:0:0:1, executionTime=7, exceptionMessage=null)
11:28:59.313 [main] INFO  com.example.tripadvisor.TripAdvisorApplication - Starting TripAdvisorApplication using Java 1.8.0_131 on Alphabeta with PID 29064 (D:\TempProjects\TripAdvisor\target\classes started by EMPEROR PALPATINE in D:\TempProjects\TripAdvisor)
11:28:59.317 [main] INFO  com.example.tripadvisor.TripAdvisorApplication - No active profile set, falling back to default profiles: default
11:29:01.165 [main] INFO  o.s.boot.web.embedded.tomcat.TomcatWebServer - Tomcat initialized with port(s): 9999 (http)
11:29:01.180 [main] INFO  org.apache.coyote.http11.Http11NioProtocol - Initializing ProtocolHandler ["http-nio-9999"]
11:29:01.181 [main] INFO  org.apache.catalina.core.StandardService - Starting service [Tomcat]
11:29:01.181 [main] INFO  org.apache.catalina.core.StandardEngine - Starting Servlet engine: [Apache Tomcat/9.0.52]
11:29:01.395 [main] INFO  o.a.c.core.ContainerBase.[Tomcat].[localhost].[/] - Initializing Spring embedded WebApplicationContext
11:29:01.395 [main] INFO  o.s.b.w.s.c.ServletWebServerApplicationContext - Root WebApplicationContext: initialization completed in 2017 ms
11:29:04.539 [main] INFO  o.s.security.web.DefaultSecurityFilterChain - Will secure any request with [org.springframework.security.web.context.request.async.WebAsyncManagerIntegrationFilter@733c464f, org.springframework.security.web.context.SecurityContextPersistenceFilter@2091833, org.springframework.security.web.header.HeaderWriterFilter@5ccb85d6, org.springframework.web.filter.CorsFilter@47272cd3, org.springframework.security.web.authentication.logout.LogoutFilter@3443e476, org.springframework.security.web.authentication.UsernamePasswordAuthenticationFilter@19bedeb8, org.springframework.security.web.savedrequest.RequestCacheAwareFilter@2abc8034, org.springframework.security.web.servletapi.SecurityContextHolderAwareRequestFilter@5e230fc6, org.springframework.security.web.authentication.AnonymousAuthenticationFilter@73fbdf68, org.springframework.security.web.session.SessionManagementFilter@259b85d6, org.springframework.security.web.access.ExceptionTranslationFilter@1dad01fe, org.springframework.security.web.access.intercept.FilterSecurityInterceptor@2d2b6960]
11:29:04.611 [main] INFO  org.apache.coyote.http11.Http11NioProtocol - Starting ProtocolHandler ["http-nio-9999"]
11:29:04.636 [main] INFO  o.s.boot.web.embedded.tomcat.TomcatWebServer - Tomcat started on port(s): 9999 (http) with context path ''
11:29:04.649 [main] INFO  com.example.tripadvisor.TripAdvisorApplication - Started TripAdvisorApplication in 5.822 seconds (JVM running for 7.127)
11:29:25.111 [http-nio-9999-exec-1] INFO  o.a.c.core.ContainerBase.[Tomcat].[localhost].[/] - Initializing Spring DispatcherServlet 'dispatcherServlet'
11:29:25.112 [http-nio-9999-exec-1] INFO  org.springframework.web.servlet.DispatcherServlet - Initializing Servlet 'dispatcherServlet'
11:29:25.113 [http-nio-9999-exec-1] INFO  org.springframework.web.servlet.DispatcherServlet - Completed initialization in 1 ms
11:29:37.582 [http-nio-9999-exec-8] INFO  com.zaxxer.hikari.HikariDataSource - HikariPool-1 - Starting...
11:29:37.779 [http-nio-9999-exec-8] INFO  com.zaxxer.hikari.HikariDataSource - HikariPool-1 - Start completed.
11:29:46.723 [http-nio-9999-exec-6] INFO  com.example.tripadvisor.aop.LogAOP - Log(url=/backstage/permission/all, visitTime=Mon Jun 05 11:29:46 CST 2023, username=1, ip=0:0:0:0:0:0:0:1, executionTime=56, exceptionMessage=null)
11:29:48.615 [http-nio-9999-exec-1] INFO  com.example.tripadvisor.aop.LogAOP - Log(url=/backstage/admin/all, visitTime=Mon Jun 05 11:29:48 CST 2023, username=1, ip=0:0:0:0:0:0:0:1, executionTime=16, exceptionMessage=null)
11:29:57.521 [http-nio-9999-exec-4] INFO  com.example.tripadvisor.aop.LogAOP - Log(url=/backstage/admin/desc, visitTime=Mon Jun 05 11:29:57 CST 2023, username=1, ip=0:0:0:0:0:0:0:1, executionTime=12, exceptionMessage=null)
11:31:39.916 [http-nio-9999-exec-6] INFO  com.example.tripadvisor.aop.LogAOP - Log(url=/backstage/admin/all, visitTime=Mon Jun 05 11:31:39 CST 2023, username=1, ip=0:0:0:0:0:0:0:1, executionTime=13, exceptionMessage=null)
12:07:03.476 [HikariPool-1 housekeeper] WARN  com.zaxxer.hikari.pool.HikariPool - HikariPool-1 - Thread starvation or clock leap detected (housekeeper delta=22m25s372ms156?s300ns).
15:44:55.759 [main] INFO  com.example.tripadvisor.TripAdvisorApplication - Starting TripAdvisorApplication using Java 1.8.0_131 on Alphabeta with PID 30776 (D:\TempProjects\TripAdvisor\target\classes started by EMPEROR PALPATINE in D:\TempProjects\TripAdvisor)
15:44:55.763 [main] INFO  com.example.tripadvisor.TripAdvisorApplication - No active profile set, falling back to default profiles: default
15:44:59.668 [main] INFO  o.s.boot.web.embedded.tomcat.TomcatWebServer - Tomcat initialized with port(s): 9999 (http)
15:44:59.709 [main] INFO  org.apache.coyote.http11.Http11NioProtocol - Initializing ProtocolHandler ["http-nio-9999"]
15:44:59.711 [main] INFO  org.apache.catalina.core.StandardService - Starting service [Tomcat]
15:44:59.711 [main] INFO  org.apache.catalina.core.StandardEngine - Starting Servlet engine: [Apache Tomcat/9.0.52]
15:45:00.025 [main] INFO  o.a.c.core.ContainerBase.[Tomcat].[localhost].[/] - Initializing Spring embedded WebApplicationContext
15:45:00.025 [main] INFO  o.s.b.w.s.c.ServletWebServerApplicationContext - Root WebApplicationContext: initialization completed in 4179 ms
15:45:05.052 [main] INFO  o.s.security.web.DefaultSecurityFilterChain - Will secure any request with [org.springframework.security.web.context.request.async.WebAsyncManagerIntegrationFilter@3f63a513, org.springframework.security.web.context.SecurityContextPersistenceFilter@66522ead, org.springframework.security.web.header.HeaderWriterFilter@6b4fc2d1, org.springframework.web.filter.CorsFilter@413bef78, org.springframework.security.web.authentication.logout.LogoutFilter@420cd102, org.springframework.security.web.authentication.UsernamePasswordAuthenticationFilter@7a8341c1, org.springframework.security.web.savedrequest.RequestCacheAwareFilter@68b734a8, org.springframework.security.web.servletapi.SecurityContextHolderAwareRequestFilter@48eaf42f, org.springframework.security.web.authentication.AnonymousAuthenticationFilter@66383c29, org.springframework.security.web.session.SessionManagementFilter@1de4285e, org.springframework.security.web.access.ExceptionTranslationFilter@3b7c80c6, org.springframework.security.web.access.intercept.FilterSecurityInterceptor@716185fe]
15:45:05.145 [main] INFO  org.apache.coyote.http11.Http11NioProtocol - Starting ProtocolHandler ["http-nio-9999"]
15:45:05.176 [main] INFO  o.s.boot.web.embedded.tomcat.TomcatWebServer - Tomcat started on port(s): 9999 (http) with context path ''
15:45:05.194 [main] INFO  com.example.tripadvisor.TripAdvisorApplication - Started TripAdvisorApplication in 10.029 seconds (JVM running for 13.261)
15:45:06.506 [http-nio-9999-exec-1] INFO  o.a.c.core.ContainerBase.[Tomcat].[localhost].[/] - Initializing Spring DispatcherServlet 'dispatcherServlet'
15:45:06.507 [http-nio-9999-exec-1] INFO  org.springframework.web.servlet.DispatcherServlet - Initializing Servlet 'dispatcherServlet'
15:45:06.510 [http-nio-9999-exec-1] INFO  org.springframework.web.servlet.DispatcherServlet - Completed initialization in 3 ms
15:45:14.836 [http-nio-9999-exec-1] INFO  com.zaxxer.hikari.HikariDataSource - HikariPool-1 - Starting...
15:45:15.065 [http-nio-9999-exec-1] INFO  com.zaxxer.hikari.HikariDataSource - HikariPool-1 - Start completed.
15:45:19.854 [http-nio-9999-exec-8] INFO  com.example.tripadvisor.aop.LogAOP - Log(url=/backstage/role/all, visitTime=Mon Jun 05 15:45:19 CST 2023, username=1, ip=0:0:0:0:0:0:0:1, executionTime=73, exceptionMessage=null)
15:45:20.816 [http-nio-9999-exec-9] INFO  com.example.tripadvisor.aop.LogAOP - Log(url=/backstage/admin/all, visitTime=Mon Jun 05 15:45:20 CST 2023, username=1, ip=0:0:0:0:0:0:0:1, executionTime=14, exceptionMessage=null)
15:45:24.468 [http-nio-9999-exec-4] INFO  com.example.tripadvisor.aop.LogAOP - Log(url=/backstage/admin/edit, visitTime=Mon Jun 05 15:45:24 CST 2023, username=1, ip=0:0:0:0:0:0:0:1, executionTime=6, exceptionMessage=null)
15:45:27.614 [http-nio-9999-exec-8] INFO  com.example.tripadvisor.aop.LogAOP - Log(url=/backstage/admin/update, visitTime=Mon Jun 05 15:45:27 CST 2023, username=1, ip=0:0:0:0:0:0:0:1, executionTime=144, exceptionMessage=null)
15:45:27.660 [http-nio-9999-exec-10] INFO  com.example.tripadvisor.aop.LogAOP - Log(url=/backstage/admin/all, visitTime=Mon Jun 05 15:45:27 CST 2023, username=1, ip=0:0:0:0:0:0:0:1, executionTime=14, exceptionMessage=null)
15:45:35.702 [http-nio-9999-exec-8] INFO  com.example.tripadvisor.aop.LogAOP - Log(url=/backstage/role/all, visitTime=Mon Jun 05 15:45:35 CST 2023, username=1, ip=0:0:0:0:0:0:0:1, executionTime=12, exceptionMessage=null)
15:45:38.797 [http-nio-9999-exec-3] INFO  com.example.tripadvisor.aop.LogAOP - Log(url=/backstage/permission/all, visitTime=Mon Jun 05 15:45:38 CST 2023, username=1, ip=0:0:0:0:0:0:0:1, executionTime=19, exceptionMessage=null)
15:47:04.190 [http-nio-9999-exec-6] INFO  com.example.tripadvisor.aop.LogAOP - Log(url=/backstage/memberB/allRD, visitTime=Mon Jun 05 15:47:04 CST 2023, username=sheevpalpatine0, ip=0:0:0:0:0:0:0:1, executionTime=22, exceptionMessage=null)
15:47:05.289 [http-nio-9999-exec-10] INFO  com.example.tripadvisor.aop.LogAOP - Log(url=/backstage/memberB/RA, visitTime=Mon Jun 05 15:47:05 CST 2023, username=sheevpalpatine0, ip=0:0:0:0:0:0:0:1, executionTime=14, exceptionMessage=null)
15:47:06.244 [http-nio-9999-exec-7] INFO  com.example.tripadvisor.aop.LogAOP - Log(url=/backstage/memberB/allRB, visitTime=Mon Jun 05 15:47:06 CST 2023, username=sheevpalpatine0, ip=0:0:0:0:0:0:0:1, executionTime=8, exceptionMessage=null)
15:47:14.660 [http-nio-9999-exec-10] INFO  com.example.tripadvisor.aop.LogAOP - Log(url=/backstage/product/all, visitTime=Mon Jun 05 15:47:14 CST 2023, username=1, ip=0:0:0:0:0:0:0:1, executionTime=37, exceptionMessage=null)
15:47:16.734 [http-nio-9999-exec-1] INFO  com.example.tripadvisor.aop.LogAOP - Log(url=/backstage/admin/all, visitTime=Mon Jun 05 15:47:16 CST 2023, username=1, ip=0:0:0:0:0:0:0:1, executionTime=7, exceptionMessage=null)
15:47:21.075 [http-nio-9999-exec-8] INFO  com.example.tripadvisor.aop.LogAOP - Log(url=/backstage/admin/findRole, visitTime=Mon Jun 05 15:47:21 CST 2023, username=1, ip=0:0:0:0:0:0:0:1, executionTime=24, exceptionMessage=null)
15:47:22.595 [http-nio-9999-exec-7] INFO  com.example.tripadvisor.aop.LogAOP - Log(url=/backstage/admin/all, visitTime=Mon Jun 05 15:47:22 CST 2023, username=1, ip=0:0:0:0:0:0:0:1, executionTime=10, exceptionMessage=null)
15:47:44.100 [http-nio-9999-exec-2] INFO  com.example.tripadvisor.aop.LogAOP - Log(url=/backstage/product/all, visitTime=Mon Jun 05 15:47:44 CST 2023, username=1, ip=0:0:0:0:0:0:0:1, executionTime=16, exceptionMessage=null)
15:47:48.060 [http-nio-9999-exec-3] INFO  com.example.tripadvisor.aop.LogAOP - Log(url=/backstage/product/edit, visitTime=Mon Jun 05 15:47:48 CST 2023, username=1, ip=0:0:0:0:0:0:0:1, executionTime=15, exceptionMessage=null)
15:47:54.598 [http-nio-9999-exec-8] INFO  com.example.tripadvisor.aop.LogAOP - Log(url=/backstage/product/all, visitTime=Mon Jun 05 15:47:54 CST 2023, username=1, ip=0:0:0:0:0:0:0:1, executionTime=15, exceptionMessage=null)
15:48:05.454 [http-nio-9999-exec-7] INFO  com.example.tripadvisor.aop.LogAOP - Log(url=/backstage/category/all, visitTime=Mon Jun 05 15:48:05 CST 2023, username=1, ip=0:0:0:0:0:0:0:1, executionTime=12, exceptionMessage=null)
15:48:14.481 [http-nio-9999-exec-6] INFO  com.example.tripadvisor.aop.LogAOP - Log(url=/backstage/category/all, visitTime=Mon Jun 05 15:48:14 CST 2023, username=1, ip=0:0:0:0:0:0:0:1, executionTime=12, exceptionMessage=null)
15:48:15.275 [http-nio-9999-exec-4] INFO  com.example.tripadvisor.aop.LogAOP - Log(url=/backstage/product/all, visitTime=Mon Jun 05 15:48:15 CST 2023, username=1, ip=0:0:0:0:0:0:0:1, executionTime=11, exceptionMessage=null)
15:49:22.470 [http-nio-9999-exec-4] INFO  com.example.tripadvisor.aop.LogAOP - Log(url=/backstage/admin/all, visitTime=Mon Jun 05 15:49:22 CST 2023, username=1, ip=0:0:0:0:0:0:0:1, executionTime=15, exceptionMessage=null)
15:50:06.773 [http-nio-9999-exec-2] INFO  com.example.tripadvisor.aop.LogAOP - Log(url=/backstage/admin/all, visitTime=Mon Jun 05 15:50:06 CST 2023, username=1, ip=0:0:0:0:0:0:0:1, executionTime=12, exceptionMessage=null)
15:50:08.011 [http-nio-9999-exec-9] INFO  com.example.tripadvisor.aop.LogAOP - Log(url=/backstage/role/all, visitTime=Mon Jun 05 15:50:08 CST 2023, username=1, ip=0:0:0:0:0:0:0:1, executionTime=8, exceptionMessage=null)
15:50:10.868 [http-nio-9999-exec-8] INFO  com.example.tripadvisor.aop.LogAOP - Log(url=/backstage/admin/all, visitTime=Mon Jun 05 15:50:10 CST 2023, username=1, ip=0:0:0:0:0:0:0:1, executionTime=12, exceptionMessage=null)
15:50:15.501 [http-nio-9999-exec-2] INFO  com.example.tripadvisor.aop.LogAOP - Log(url=/backstage/admin/findRole, visitTime=Mon Jun 05 15:50:15 CST 2023, username=1, ip=0:0:0:0:0:0:0:1, executionTime=5, exceptionMessage=null)
15:50:19.107 [http-nio-9999-exec-10] INFO  com.example.tripadvisor.aop.LogAOP - Log(url=/backstage/admin/all, visitTime=Mon Jun 05 15:50:19 CST 2023, username=1, ip=0:0:0:0:0:0:0:1, executionTime=8, exceptionMessage=null)
15:50:20.947 [http-nio-9999-exec-2] INFO  com.example.tripadvisor.aop.LogAOP - Log(url=/backstage/admin/edit, visitTime=Mon Jun 05 15:50:20 CST 2023, username=1, ip=0:0:0:0:0:0:0:1, executionTime=3, exceptionMessage=null)
15:50:22.065 [http-nio-9999-exec-6] INFO  com.example.tripadvisor.aop.LogAOP - Log(url=/backstage/admin/all, visitTime=Mon Jun 05 15:50:22 CST 2023, username=1, ip=0:0:0:0:0:0:0:1, executionTime=9, exceptionMessage=null)
15:50:23.516 [http-nio-9999-exec-4] INFO  com.example.tripadvisor.aop.LogAOP - Log(url=/backstage/admin/desc, visitTime=Mon Jun 05 15:50:23 CST 2023, username=1, ip=0:0:0:0:0:0:0:1, executionTime=8, exceptionMessage=null)
15:51:10.437 [http-nio-9999-exec-7] INFO  com.example.tripadvisor.aop.LogAOP - Log(url=/backstage/product/all, visitTime=Mon Jun 05 15:51:10 CST 2023, username=sheevpalpatine0, ip=0:0:0:0:0:0:0:1, executionTime=13, exceptionMessage=null)
15:51:18.373 [http-nio-9999-exec-6] INFO  com.example.tripadvisor.aop.LogAOP - Log(url=/backstage/admin/all, visitTime=Mon Jun 05 15:51:18 CST 2023, username=1, ip=0:0:0:0:0:0:0:1, executionTime=8, exceptionMessage=null)
15:51:22.816 [http-nio-9999-exec-4] INFO  com.example.tripadvisor.aop.LogAOP - Log(url=/backstage/admin/desc, visitTime=Mon Jun 05 15:51:22 CST 2023, username=1, ip=0:0:0:0:0:0:0:1, executionTime=3, exceptionMessage=null)
15:57:04.765 [http-nio-9999-exec-4] INFO  com.example.tripadvisor.aop.LogAOP - Log(url=/backstage/admin/all, visitTime=Mon Jun 05 15:57:04 CST 2023, username=1, ip=0:0:0:0:0:0:0:1, executionTime=11, exceptionMessage=null)
17:48:31.335 [http-nio-9999-exec-5] INFO  com.example.tripadvisor.aop.LogAOP - Log(url=/backstage/admin/all, visitTime=Mon Jun 05 17:48:31 CST 2023, username=1, ip=0:0:0:0:0:0:0:1, executionTime=55, exceptionMessage=null)
17:48:35.300 [http-nio-9999-exec-5] INFO  com.example.tripadvisor.aop.LogAOP - Log(url=/backstage/admin/edit, visitTime=Mon Jun 05 17:48:35 CST 2023, username=1, ip=0:0:0:0:0:0:0:1, executionTime=10, exceptionMessage=null)
17:48:39.497 [http-nio-9999-exec-8] INFO  com.example.tripadvisor.aop.LogAOP - Log(url=/backstage/admin/update, visitTime=Mon Jun 05 17:48:39 CST 2023, username=1, ip=0:0:0:0:0:0:0:1, executionTime=223, exceptionMessage=null)
17:48:39.517 [http-nio-9999-exec-1] INFO  com.example.tripadvisor.aop.LogAOP - Log(url=/backstage/admin/all, visitTime=Mon Jun 05 17:48:39 CST 2023, username=1, ip=0:0:0:0:0:0:0:1, executionTime=12, exceptionMessage=null)
17:48:46.528 [http-nio-9999-exec-2] INFO  com.example.tripadvisor.aop.LogAOP - Log(url=/backstage/role/all, visitTime=Mon Jun 05 17:48:46 CST 2023, username=1, ip=0:0:0:0:0:0:0:1, executionTime=15, exceptionMessage=null)
20:17:45.309 [http-nio-9999-exec-4] INFO  com.example.tripadvisor.aop.LogAOP - Log(url=/backstage/admin/all, visitTime=Mon Jun 05 20:17:45 CST 2023, username=1, ip=0:0:0:0:0:0:0:1, executionTime=88, exceptionMessage=null)
20:17:47.518 [http-nio-9999-exec-8] INFO  com.example.tripadvisor.aop.LogAOP - Log(url=/backstage/admin/updateStatus, visitTime=Mon Jun 05 20:17:47 CST 2023, username=1, ip=0:0:0:0:0:0:0:1, executionTime=46, exceptionMessage=null)
20:17:47.544 [http-nio-9999-exec-10] INFO  com.example.tripadvisor.aop.LogAOP - Log(url=/backstage/admin/all, visitTime=Mon Jun 05 20:17:47 CST 2023, username=1, ip=0:0:0:0:0:0:0:1, executionTime=13, exceptionMessage=null)
20:19:30.369 [http-nio-9999-exec-2] INFO  com.example.tripadvisor.aop.LogAOP - Log(url=/backstage/admin/desc, visitTime=Mon Jun 05 20:19:30 CST 2023, username=1, ip=0:0:0:0:0:0:0:1, executionTime=29, exceptionMessage=null)
20:20:31.211 [http-nio-9999-exec-9] INFO  com.example.tripadvisor.aop.LogAOP - Log(url=/backstage/memberB/RA, visitTime=Mon Jun 05 20:20:31 CST 2023, username=1, ip=0:0:0:0:0:0:0:1, executionTime=25, exceptionMessage=null)
20:21:15.244 [http-nio-9999-exec-3] INFO  com.example.tripadvisor.aop.LogAOP - Log(url=/backstage/admin/all, visitTime=Mon Jun 05 20:21:15 CST 2023, username=1, ip=0:0:0:0:0:0:0:1, executionTime=15, exceptionMessage=null)
20:21:22.099 [http-nio-9999-exec-3] INFO  com.example.tripadvisor.aop.LogAOP - Log(url=/backstage/admin/desc, visitTime=Mon Jun 05 20:21:22 CST 2023, username=1, ip=0:0:0:0:0:0:0:1, executionTime=8, exceptionMessage=null)
20:22:10.740 [http-nio-9999-exec-4] INFO  com.example.tripadvisor.aop.LogAOP - Log(url=/backstage/memberB/RA, visitTime=Mon Jun 05 20:22:10 CST 2023, username=sheevpalpatine0, ip=0:0:0:0:0:0:0:1, executionTime=12, exceptionMessage=null)
20:35:23.696 [HikariPool-1 housekeeper] WARN  com.zaxxer.hikari.pool.HikariPool - HikariPool-1 - Thread starvation or clock leap detected (housekeeper delta=8m52s38ms518?s800ns).
21:08:11.253 [HikariPool-1 housekeeper] WARN  com.zaxxer.hikari.pool.HikariPool - HikariPool-1 - Thread starvation or clock leap detected (housekeeper delta=47s67ms884?s300ns).
21:11:03.222 [HikariPool-1 housekeeper] WARN  com.zaxxer.hikari.pool.HikariPool - HikariPool-1 - Thread starvation or clock leap detected (housekeeper delta=1m51s956ms540?s800ns).
21:20:02.416 [HikariPool-1 housekeeper] WARN  com.zaxxer.hikari.pool.HikariPool - HikariPool-1 - Thread starvation or clock leap detected (housekeeper delta=1m29s76ms404?s800ns).
23:57:09.738 [main] INFO  com.example.tripadvisor.TripAdvisorApplication - Starting TripAdvisorApplication using Java 1.8.0_131 on Alphabeta with PID 33464 (D:\TempProjects\TripAdvisor\target\classes started by EMPEROR PALPATINE in D:\TempProjects\TripAdvisor)
23:57:09.742 [main] INFO  com.example.tripadvisor.TripAdvisorApplication - No active profile set, falling back to default profiles: default
23:57:12.274 [main] INFO  o.s.boot.web.embedded.tomcat.TomcatWebServer - Tomcat initialized with port(s): 9999 (http)
23:57:12.293 [main] INFO  org.apache.coyote.http11.Http11NioProtocol - Initializing ProtocolHandler ["http-nio-9999"]
23:57:12.295 [main] INFO  org.apache.catalina.core.StandardService - Starting service [Tomcat]
23:57:12.296 [main] INFO  org.apache.catalina.core.StandardEngine - Starting Servlet engine: [Apache Tomcat/9.0.52]
23:57:12.465 [main] INFO  o.a.c.core.ContainerBase.[Tomcat].[localhost].[/] - Initializing Spring embedded WebApplicationContext
23:57:12.465 [main] INFO  o.s.b.w.s.c.ServletWebServerApplicationContext - Root WebApplicationContext: initialization completed in 2626 ms
23:57:15.889 [main] INFO  o.s.security.web.DefaultSecurityFilterChain - Will secure any request with [org.springframework.security.web.context.request.async.WebAsyncManagerIntegrationFilter@234c5e41, org.springframework.security.web.context.SecurityContextPersistenceFilter@6b4fc2d1, org.springframework.security.web.header.HeaderWriterFilter@7499eac7, org.springframework.web.filter.CorsFilter@40ef0af8, org.springframework.security.web.authentication.logout.LogoutFilter@1c93b51e, org.springframework.security.web.authentication.UsernamePasswordAuthenticationFilter@474179fa, org.springframework.security.web.savedrequest.RequestCacheAwareFilter@43ac0a68, org.springframework.security.web.servletapi.SecurityContextHolderAwareRequestFilter@1a464fa3, org.springframework.security.web.authentication.AnonymousAuthenticationFilter@36790bec, org.springframework.security.web.session.SessionManagementFilter@b9d018b, org.springframework.security.web.access.ExceptionTranslationFilter@1d98daa0, org.springframework.security.web.access.intercept.FilterSecurityInterceptor@47248a48]
23:57:15.980 [main] INFO  org.apache.coyote.http11.Http11NioProtocol - Starting ProtocolHandler ["http-nio-9999"]
23:57:16.006 [main] INFO  o.s.boot.web.embedded.tomcat.TomcatWebServer - Tomcat started on port(s): 9999 (http) with context path ''
23:57:16.020 [main] INFO  com.example.tripadvisor.TripAdvisorApplication - Started TripAdvisorApplication in 6.92 seconds (JVM running for 10.355)
