14:34:58.433 [main] INFO  com.example.tripadvisor.TripAdvisorApplication - Starting TripAdvisorApplication using Java 1.8.0_131 on Alphabeta with PID 12048 (D:\TempProjects\TripAdvisor\target\classes started by EMPEROR PALPATINE in D:\TempProjects\TripAdvisor)
14:34:58.440 [main] INFO  com.example.tripadvisor.TripAdvisorApplication - No active profile set, falling back to default profiles: default
14:35:02.144 [main] INFO  o.s.boot.web.embedded.tomcat.TomcatWebServer - Tomcat initialized with port(s): 9999 (http)
14:35:02.163 [main] INFO  org.apache.coyote.http11.Http11NioProtocol - Initializing ProtocolHandler ["http-nio-9999"]
14:35:02.165 [main] INFO  org.apache.catalina.core.StandardService - Starting service [Tomcat]
14:35:02.165 [main] INFO  org.apache.catalina.core.StandardEngine - Starting Servlet engine: [Apache Tomcat/9.0.52]
14:35:02.410 [main] INFO  o.a.c.core.ContainerBase.[Tomcat].[localhost].[/] - Initializing Spring embedded WebApplicationContext
14:35:02.410 [main] INFO  o.s.b.w.s.c.ServletWebServerApplicationContext - Root WebApplicationContext: initialization completed in 3851 ms
14:35:05.447 [main] INFO  o.s.security.web.DefaultSecurityFilterChain - Will secure any request with [org.springframework.security.web.context.request.async.WebAsyncManagerIntegrationFilter@4cc7d00d, org.springframework.security.web.context.SecurityContextPersistenceFilter@6f5e16cf, org.springframework.security.web.header.HeaderWriterFilter@7e7e962d, org.springframework.web.filter.CorsFilter@468e8565, org.springframework.security.web.authentication.logout.LogoutFilter@1de4285e, org.springframework.security.web.authentication.UsernamePasswordAuthenticationFilter@5a484ce1, org.springframework.security.web.savedrequest.RequestCacheAwareFilter@14c141c0, org.springframework.security.web.servletapi.SecurityContextHolderAwareRequestFilter@fe09383, org.springframework.security.web.authentication.AnonymousAuthenticationFilter@91da29b, org.springframework.security.web.session.SessionManagementFilter@e829999, org.springframework.security.web.access.ExceptionTranslationFilter@52226e57, org.springframework.security.web.access.intercept.FilterSecurityInterceptor@2693c618]
14:35:05.517 [main] INFO  org.apache.coyote.http11.Http11NioProtocol - Starting ProtocolHandler ["http-nio-9999"]
14:35:05.543 [main] INFO  o.s.boot.web.embedded.tomcat.TomcatWebServer - Tomcat started on port(s): 9999 (http) with context path ''
14:35:05.555 [main] INFO  com.example.tripadvisor.TripAdvisorApplication - Started TripAdvisorApplication in 8.057 seconds (JVM running for 10.093)
14:35:08.167 [http-nio-9999-exec-6] INFO  o.a.c.core.ContainerBase.[Tomcat].[localhost].[/] - Initializing Spring DispatcherServlet 'dispatcherServlet'
14:35:08.167 [http-nio-9999-exec-6] INFO  org.springframework.web.servlet.DispatcherServlet - Initializing Servlet 'dispatcherServlet'
14:35:08.170 [http-nio-9999-exec-6] INFO  org.springframework.web.servlet.DispatcherServlet - Completed initialization in 3 ms
14:35:15.141 [http-nio-9999-exec-5] INFO  com.zaxxer.hikari.HikariDataSource - HikariPool-1 - Starting...
14:35:15.325 [http-nio-9999-exec-5] INFO  com.zaxxer.hikari.HikariDataSource - HikariPool-1 - Start completed.
15:28:19.546 [http-nio-9999-exec-2] ERROR o.a.c.c.C.[.[localhost].[/].[dispatcherServlet] - Servlet.service() for servlet [dispatcherServlet] in context with path [] threw exception [Request processing failed; nested exception is org.springframework.dao.DataIntegrityViolationException: 
### Error updating database.  Cause: com.mysql.cj.jdbc.exceptions.MysqlDataTruncation: Data truncation: Data too long for column 'phoneNum' at row 1
### The error may exist in com/example/tripadvisor/mapper/MemberMapper.java (best guess)
### The error may involve com.example.tripadvisor.mapper.MemberMapper.updateById-Inline
### The error occurred while setting parameters
### SQL: UPDATE member  SET username=?,  email=?, phoneNum=?,   avatar=?  WHERE mid=?
### Cause: com.mysql.cj.jdbc.exceptions.MysqlDataTruncation: Data truncation: Data too long for column 'phoneNum' at row 1
; Data truncation: Data too long for column 'phoneNum' at row 1; nested exception is com.mysql.cj.jdbc.exceptions.MysqlDataTruncation: Data truncation: Data too long for column 'phoneNum' at row 1] with root cause
com.mysql.cj.jdbc.exceptions.MysqlDataTruncation: Data truncation: Data too long for column 'phoneNum' at row 1
	at com.mysql.cj.jdbc.exceptions.SQLExceptionsMapping.translateException(SQLExceptionsMapping.java:104)
	at com.mysql.cj.jdbc.ClientPreparedStatement.executeInternal(ClientPreparedStatement.java:916)
	at com.mysql.cj.jdbc.ClientPreparedStatement.execute(ClientPreparedStatement.java:354)
	at com.zaxxer.hikari.pool.ProxyPreparedStatement.execute(ProxyPreparedStatement.java:44)
	at com.zaxxer.hikari.pool.HikariProxyPreparedStatement.execute(HikariProxyPreparedStatement.java)
	at sun.reflect.GeneratedMethodAccessor80.invoke(Unknown Source)
	at sun.reflect.DelegatingMethodAccessorImpl.invoke(DelegatingMethodAccessorImpl.java:43)
	at java.lang.reflect.Method.invoke(Method.java:498)
	at org.apache.ibatis.logging.jdbc.PreparedStatementLogger.invoke(PreparedStatementLogger.java:59)
	at com.sun.proxy.$Proxy112.execute(Unknown Source)
	at org.apache.ibatis.executor.statement.PreparedStatementHandler.update(PreparedStatementHandler.java:47)
	at org.apache.ibatis.executor.statement.RoutingStatementHandler.update(RoutingStatementHandler.java:74)
	at sun.reflect.NativeMethodAccessorImpl.invoke0(Native Method)
	at sun.reflect.NativeMethodAccessorImpl.invoke(NativeMethodAccessorImpl.java:62)
	at sun.reflect.DelegatingMethodAccessorImpl.invoke(DelegatingMethodAccessorImpl.java:43)
	at java.lang.reflect.Method.invoke(Method.java:498)
	at org.apache.ibatis.plugin.Plugin.invoke(Plugin.java:64)
	at com.sun.proxy.$Proxy110.update(Unknown Source)
	at org.apache.ibatis.executor.SimpleExecutor.doUpdate(SimpleExecutor.java:50)
	at org.apache.ibatis.executor.BaseExecutor.update(BaseExecutor.java:117)
	at org.apache.ibatis.executor.CachingExecutor.update(CachingExecutor.java:76)
	at sun.reflect.NativeMethodAccessorImpl.invoke0(Native Method)
	at sun.reflect.NativeMethodAccessorImpl.invoke(NativeMethodAccessorImpl.java:62)
	at sun.reflect.DelegatingMethodAccessorImpl.invoke(DelegatingMethodAccessorImpl.java:43)
	at java.lang.reflect.Method.invoke(Method.java:498)
	at org.apache.ibatis.plugin.Invocation.proceed(Invocation.java:49)
	at com.baomidou.mybatisplus.extension.plugins.MybatisPlusInterceptor.intercept(MybatisPlusInterceptor.java:106)
	at org.apache.ibatis.plugin.Plugin.invoke(Plugin.java:62)
	at com.sun.proxy.$Proxy109.update(Unknown Source)
	at org.apache.ibatis.session.defaults.DefaultSqlSession.update(DefaultSqlSession.java:194)
	at sun.reflect.NativeMethodAccessorImpl.invoke0(Native Method)
	at sun.reflect.NativeMethodAccessorImpl.invoke(NativeMethodAccessorImpl.java:62)
	at sun.reflect.DelegatingMethodAccessorImpl.invoke(DelegatingMethodAccessorImpl.java:43)
	at java.lang.reflect.Method.invoke(Method.java:498)
	at org.mybatis.spring.SqlSessionTemplate$SqlSessionInterceptor.invoke(SqlSessionTemplate.java:427)
	at com.sun.proxy.$Proxy72.update(Unknown Source)
	at org.mybatis.spring.SqlSessionTemplate.update(SqlSessionTemplate.java:288)
	at com.baomidou.mybatisplus.core.override.MybatisMapperMethod.execute(MybatisMapperMethod.java:64)
	at com.baomidou.mybatisplus.core.override.MybatisMapperProxy$PlainMethodInvoker.invoke(MybatisMapperProxy.java:148)
	at com.baomidou.mybatisplus.core.override.MybatisMapperProxy.invoke(MybatisMapperProxy.java:89)
	at com.sun.proxy.$Proxy83.updateById(Unknown Source)
	at com.example.tripadvisor.service.MemberService.update(MemberService.java:106)
	at com.example.tripadvisor.controller.frontdesk.MemberController.update(MemberController.java:114)
	at sun.reflect.NativeMethodAccessorImpl.invoke0(Native Method)
	at sun.reflect.NativeMethodAccessorImpl.invoke(NativeMethodAccessorImpl.java:62)
	at sun.reflect.DelegatingMethodAccessorImpl.invoke(DelegatingMethodAccessorImpl.java:43)
	at java.lang.reflect.Method.invoke(Method.java:498)
	at org.springframework.web.method.support.InvocableHandlerMethod.doInvoke(InvocableHandlerMethod.java:197)
	at org.springframework.web.method.support.InvocableHandlerMethod.invokeForRequest(InvocableHandlerMethod.java:141)
	at org.springframework.web.servlet.mvc.method.annotation.ServletInvocableHandlerMethod.invokeAndHandle(ServletInvocableHandlerMethod.java:106)
	at org.springframework.web.servlet.mvc.method.annotation.RequestMappingHandlerAdapter.invokeHandlerMethod(RequestMappingHandlerAdapter.java:895)
	at org.springframework.web.servlet.mvc.method.annotation.RequestMappingHandlerAdapter.handleInternal(RequestMappingHandlerAdapter.java:808)
	at org.springframework.web.servlet.mvc.method.AbstractHandlerMethodAdapter.handle(AbstractHandlerMethodAdapter.java:87)
	at org.springframework.web.servlet.DispatcherServlet.doDispatch(DispatcherServlet.java:1064)
	at org.springframework.web.servlet.DispatcherServlet.doService(DispatcherServlet.java:963)
	at org.springframework.web.servlet.FrameworkServlet.processRequest(FrameworkServlet.java:1006)
	at org.springframework.web.servlet.FrameworkServlet.doPost(FrameworkServlet.java:909)
	at javax.servlet.http.HttpServlet.service(HttpServlet.java:681)
	at org.springframework.web.servlet.FrameworkServlet.service(FrameworkServlet.java:883)
	at javax.servlet.http.HttpServlet.service(HttpServlet.java:764)
	at org.apache.catalina.core.ApplicationFilterChain.internalDoFilter(ApplicationFilterChain.java:227)
	at org.apache.catalina.core.ApplicationFilterChain.doFilter(ApplicationFilterChain.java:162)
	at org.apache.tomcat.websocket.server.WsFilter.doFilter(WsFilter.java:53)
	at org.apache.catalina.core.ApplicationFilterChain.internalDoFilter(ApplicationFilterChain.java:189)
	at org.apache.catalina.core.ApplicationFilterChain.doFilter(ApplicationFilterChain.java:162)
	at org.springframework.security.web.FilterChainProxy$VirtualFilterChain.doFilter(FilterChainProxy.java:327)
	at org.springframework.security.web.access.intercept.FilterSecurityInterceptor.invoke(FilterSecurityInterceptor.java:115)
	at org.springframework.security.web.access.intercept.FilterSecurityInterceptor.doFilter(FilterSecurityInterceptor.java:81)
	at org.springframework.security.web.FilterChainProxy$VirtualFilterChain.doFilter(FilterChainProxy.java:336)
	at org.springframework.security.web.access.ExceptionTranslationFilter.doFilter(ExceptionTranslationFilter.java:121)
	at org.springframework.security.web.access.ExceptionTranslationFilter.doFilter(ExceptionTranslationFilter.java:115)
	at org.springframework.security.web.FilterChainProxy$VirtualFilterChain.doFilter(FilterChainProxy.java:336)
	at org.springframework.security.web.session.SessionManagementFilter.doFilter(SessionManagementFilter.java:126)
	at org.springframework.security.web.session.SessionManagementFilter.doFilter(SessionManagementFilter.java:81)
	at org.springframework.security.web.FilterChainProxy$VirtualFilterChain.doFilter(FilterChainProxy.java:336)
	at org.springframework.security.web.authentication.AnonymousAuthenticationFilter.doFilter(AnonymousAuthenticationFilter.java:105)
	at org.springframework.security.web.FilterChainProxy$VirtualFilterChain.doFilter(FilterChainProxy.java:336)
	at org.springframework.security.web.servletapi.SecurityContextHolderAwareRequestFilter.doFilter(SecurityContextHolderAwareRequestFilter.java:149)
	at org.springframework.security.web.FilterChainProxy$VirtualFilterChain.doFilter(FilterChainProxy.java:336)
	at org.springframework.security.web.savedrequest.RequestCacheAwareFilter.doFilter(RequestCacheAwareFilter.java:63)
	at org.springframework.security.web.FilterChainProxy$VirtualFilterChain.doFilter(FilterChainProxy.java:336)
	at org.springframework.security.web.authentication.AbstractAuthenticationProcessingFilter.doFilter(AbstractAuthenticationProcessingFilter.java:218)
	at org.springframework.security.web.authentication.AbstractAuthenticationProcessingFilter.doFilter(AbstractAuthenticationProcessingFilter.java:212)
	at org.springframework.security.web.FilterChainProxy$VirtualFilterChain.doFilter(FilterChainProxy.java:336)
	at org.springframework.security.web.authentication.logout.LogoutFilter.doFilter(LogoutFilter.java:103)
	at org.springframework.security.web.authentication.logout.LogoutFilter.doFilter(LogoutFilter.java:89)
	at org.springframework.security.web.FilterChainProxy$VirtualFilterChain.doFilter(FilterChainProxy.java:336)
	at org.springframework.web.filter.CorsFilter.doFilterInternal(CorsFilter.java:91)
	at org.springframework.web.filter.OncePerRequestFilter.doFilter(OncePerRequestFilter.java:119)
	at org.springframework.security.web.FilterChainProxy$VirtualFilterChain.doFilter(FilterChainProxy.java:336)
	at org.springframework.security.web.header.HeaderWriterFilter.doHeadersAfter(HeaderWriterFilter.java:90)
	at org.springframework.security.web.header.HeaderWriterFilter.doFilterInternal(HeaderWriterFilter.java:75)
	at org.springframework.web.filter.OncePerRequestFilter.doFilter(OncePerRequestFilter.java:119)
	at org.springframework.security.web.FilterChainProxy$VirtualFilterChain.doFilter(FilterChainProxy.java:336)
	at org.springframework.security.web.context.SecurityContextPersistenceFilter.doFilter(SecurityContextPersistenceFilter.java:110)
	at org.springframework.security.web.context.SecurityContextPersistenceFilter.doFilter(SecurityContextPersistenceFilter.java:80)
	at org.springframework.security.web.FilterChainProxy$VirtualFilterChain.doFilter(FilterChainProxy.java:336)
	at org.springframework.security.web.context.request.async.WebAsyncManagerIntegrationFilter.doFilterInternal(WebAsyncManagerIntegrationFilter.java:55)
	at org.springframework.web.filter.OncePerRequestFilter.doFilter(OncePerRequestFilter.java:119)
	at org.springframework.security.web.FilterChainProxy$VirtualFilterChain.doFilter(FilterChainProxy.java:336)
	at org.springframework.security.web.FilterChainProxy.doFilterInternal(FilterChainProxy.java:211)
	at org.springframework.security.web.FilterChainProxy.doFilter(FilterChainProxy.java:183)
	at org.springframework.web.filter.DelegatingFilterProxy.invokeDelegate(DelegatingFilterProxy.java:358)
	at org.springframework.web.filter.DelegatingFilterProxy.doFilter(DelegatingFilterProxy.java:271)
	at org.apache.catalina.core.ApplicationFilterChain.internalDoFilter(ApplicationFilterChain.java:189)
	at org.apache.catalina.core.ApplicationFilterChain.doFilter(ApplicationFilterChain.java:162)
	at org.springframework.web.filter.RequestContextFilter.doFilterInternal(RequestContextFilter.java:100)
	at org.springframework.web.filter.OncePerRequestFilter.doFilter(OncePerRequestFilter.java:119)
	at org.apache.catalina.core.ApplicationFilterChain.internalDoFilter(ApplicationFilterChain.java:189)
	at org.apache.catalina.core.ApplicationFilterChain.doFilter(ApplicationFilterChain.java:162)
	at org.springframework.web.filter.FormContentFilter.doFilterInternal(FormContentFilter.java:93)
	at org.springframework.web.filter.OncePerRequestFilter.doFilter(OncePerRequestFilter.java:119)
	at org.apache.catalina.core.ApplicationFilterChain.internalDoFilter(ApplicationFilterChain.java:189)
	at org.apache.catalina.core.ApplicationFilterChain.doFilter(ApplicationFilterChain.java:162)
	at org.springframework.web.filter.CharacterEncodingFilter.doFilterInternal(CharacterEncodingFilter.java:201)
	at org.springframework.web.filter.OncePerRequestFilter.doFilter(OncePerRequestFilter.java:119)
	at org.apache.catalina.core.ApplicationFilterChain.internalDoFilter(ApplicationFilterChain.java:189)
	at org.apache.catalina.core.ApplicationFilterChain.doFilter(ApplicationFilterChain.java:162)
	at org.apache.catalina.core.StandardWrapperValve.invoke(StandardWrapperValve.java:197)
	at org.apache.catalina.core.StandardContextValve.invoke(StandardContextValve.java:97)
	at org.apache.catalina.authenticator.AuthenticatorBase.invoke(AuthenticatorBase.java:542)
	at org.apache.catalina.core.StandardHostValve.invoke(StandardHostValve.java:135)
	at org.apache.catalina.valves.ErrorReportValve.invoke(ErrorReportValve.java:92)
	at org.apache.catalina.core.StandardEngineValve.invoke(StandardEngineValve.java:78)
	at org.apache.catalina.connector.CoyoteAdapter.service(CoyoteAdapter.java:357)
	at org.apache.coyote.http11.Http11Processor.service(Http11Processor.java:382)
	at org.apache.coyote.AbstractProcessorLight.process(AbstractProcessorLight.java:65)
	at org.apache.coyote.AbstractProtocol$ConnectionHandler.process(AbstractProtocol.java:893)
	at org.apache.tomcat.util.net.NioEndpoint$SocketProcessor.doRun(NioEndpoint.java:1726)
	at org.apache.tomcat.util.net.SocketProcessorBase.run(SocketProcessorBase.java:49)
	at org.apache.tomcat.util.threads.ThreadPoolExecutor.runWorker(ThreadPoolExecutor.java:1191)
	at org.apache.tomcat.util.threads.ThreadPoolExecutor$Worker.run(ThreadPoolExecutor.java:659)
	at org.apache.tomcat.util.threads.TaskThread$WrappingRunnable.run(TaskThread.java:61)
	at java.lang.Thread.run(Thread.java:748)
15:30:27.957 [http-nio-9999-exec-2] INFO  com.example.tripadvisor.aop.LogAOP - Log(url=/backstage/admin/all, visitTime=Mon Jun 26 15:30:27 CST 2023, username=1, ip=0:0:0:0:0:0:0:1, executionTime=11, exceptionMessage=null)
15:30:35.497 [http-nio-9999-exec-3] INFO  com.example.tripadvisor.aop.LogAOP - Log(url=/backstage/admin/add, visitTime=Mon Jun 26 15:30:35 CST 2023, username=1, ip=0:0:0:0:0:0:0:1, executionTime=96, exceptionMessage=null)
15:30:35.511 [http-nio-9999-exec-6] INFO  com.example.tripadvisor.aop.LogAOP - Log(url=/backstage/admin/all, visitTime=Mon Jun 26 15:30:35 CST 2023, username=1, ip=0:0:0:0:0:0:0:1, executionTime=6, exceptionMessage=null)
15:30:48.844 [http-nio-9999-exec-4] INFO  com.example.tripadvisor.aop.LogAOP - Log(url=/backstage/admin/add, visitTime=Mon Jun 26 15:30:48 CST 2023, username=1, ip=0:0:0:0:0:0:0:1, executionTime=96, exceptionMessage=null)
15:30:48.854 [http-nio-9999-exec-7] INFO  com.example.tripadvisor.aop.LogAOP - Log(url=/backstage/admin/all, visitTime=Mon Jun 26 15:30:48 CST 2023, username=1, ip=0:0:0:0:0:0:0:1, executionTime=4, exceptionMessage=null)
15:30:50.457 [http-nio-9999-exec-2] INFO  com.example.tripadvisor.aop.LogAOP - Log(url=/backstage/admin/all, visitTime=Mon Jun 26 15:30:50 CST 2023, username=1, ip=0:0:0:0:0:0:0:1, executionTime=8, exceptionMessage=null)
15:30:52.099 [http-nio-9999-exec-9] INFO  com.example.tripadvisor.aop.LogAOP - Log(url=/backstage/admin/all, visitTime=Mon Jun 26 15:30:52 CST 2023, username=1, ip=0:0:0:0:0:0:0:1, executionTime=10, exceptionMessage=null)
15:30:59.050 [http-nio-9999-exec-7] INFO  com.example.tripadvisor.aop.LogAOP - Log(url=/backstage/admin/all, visitTime=Mon Jun 26 15:30:59 CST 2023, username=1, ip=0:0:0:0:0:0:0:1, executionTime=8, exceptionMessage=null)
15:31:04.536 [http-nio-9999-exec-3] INFO  com.example.tripadvisor.aop.LogAOP - Log(url=/backstage/admin/all, visitTime=Mon Jun 26 15:31:04 CST 2023, username=1, ip=0:0:0:0:0:0:0:1, executionTime=12, exceptionMessage=null)
16:24:53.683 [http-nio-9999-exec-8] INFO  com.example.tripadvisor.aop.LogAOP - Log(url=/backstage/admin/all, visitTime=Mon Jun 26 16:24:53 CST 2023, username=1, ip=0:0:0:0:0:0:0:1, executionTime=18, exceptionMessage=null)
16:24:56.679 [http-nio-9999-exec-1] INFO  com.example.tripadvisor.aop.LogAOP - Log(url=/backstage/admin/all, visitTime=Mon Jun 26 16:24:56 CST 2023, username=1, ip=0:0:0:0:0:0:0:1, executionTime=8, exceptionMessage=null)
16:24:59.456 [http-nio-9999-exec-7] INFO  com.example.tripadvisor.aop.LogAOP - Log(url=/backstage/admin/all, visitTime=Mon Jun 26 16:24:59 CST 2023, username=1, ip=0:0:0:0:0:0:0:1, executionTime=14, exceptionMessage=null)
16:25:07.089 [http-nio-9999-exec-7] INFO  com.example.tripadvisor.aop.LogAOP - Log(url=/backstage/admin/add, visitTime=Mon Jun 26 16:25:06 CST 2023, username=1, ip=0:0:0:0:0:0:0:1, executionTime=140, exceptionMessage=null)
16:25:07.105 [http-nio-9999-exec-1] INFO  com.example.tripadvisor.aop.LogAOP - Log(url=/backstage/admin/all, visitTime=Mon Jun 26 16:25:07 CST 2023, username=1, ip=0:0:0:0:0:0:0:1, executionTime=6, exceptionMessage=null)
16:25:08.802 [http-nio-9999-exec-7] INFO  com.example.tripadvisor.aop.LogAOP - Log(url=/backstage/admin/all, visitTime=Mon Jun 26 16:25:08 CST 2023, username=1, ip=0:0:0:0:0:0:0:1, executionTime=9, exceptionMessage=null)
16:25:13.813 [http-nio-9999-exec-10] INFO  com.example.tripadvisor.aop.LogAOP - Log(url=/backstage/admin/desc, visitTime=Mon Jun 26 16:25:13 CST 2023, username=1, ip=0:0:0:0:0:0:0:1, executionTime=11, exceptionMessage=null)
16:25:17.807 [http-nio-9999-exec-8] INFO  com.example.tripadvisor.aop.LogAOP - Log(url=/backstage/admin/all, visitTime=Mon Jun 26 16:25:17 CST 2023, username=1, ip=0:0:0:0:0:0:0:1, executionTime=7, exceptionMessage=null)
16:25:20.594 [http-nio-9999-exec-10] INFO  com.example.tripadvisor.aop.LogAOP - Log(url=/backstage/admin/desc, visitTime=Mon Jun 26 16:25:20 CST 2023, username=1, ip=0:0:0:0:0:0:0:1, executionTime=11, exceptionMessage=null)
16:25:32.769 [http-nio-9999-exec-9] INFO  com.example.tripadvisor.aop.LogAOP - Log(url=/backstage/admin/all, visitTime=Mon Jun 26 16:25:32 CST 2023, username=1, ip=0:0:0:0:0:0:0:1, executionTime=10, exceptionMessage=null)
16:25:56.544 [http-nio-9999-exec-9] INFO  com.example.tripadvisor.aop.LogAOP - Log(url=/backstage/admin/desc, visitTime=Mon Jun 26 16:25:56 CST 2023, username=1, ip=0:0:0:0:0:0:0:1, executionTime=5, exceptionMessage=null)
16:26:05.257 [http-nio-9999-exec-6] INFO  com.example.tripadvisor.aop.LogAOP - Log(url=/backstage/admin/all, visitTime=Mon Jun 26 16:26:05 CST 2023, username=1, ip=0:0:0:0:0:0:0:1, executionTime=8, exceptionMessage=null)
16:26:07.300 [http-nio-9999-exec-7] INFO  com.example.tripadvisor.aop.LogAOP - Log(url=/backstage/admin/edit, visitTime=Mon Jun 26 16:26:07 CST 2023, username=1, ip=0:0:0:0:0:0:0:1, executionTime=12, exceptionMessage=null)
16:26:11.403 [http-nio-9999-exec-7] INFO  com.example.tripadvisor.aop.LogAOP - Log(url=/backstage/admin/all, visitTime=Mon Jun 26 16:26:11 CST 2023, username=1, ip=0:0:0:0:0:0:0:1, executionTime=7, exceptionMessage=null)
16:26:13.842 [http-nio-9999-exec-9] INFO  com.example.tripadvisor.aop.LogAOP - Log(url=/backstage/admin/findRole, visitTime=Mon Jun 26 16:26:13 CST 2023, username=1, ip=0:0:0:0:0:0:0:1, executionTime=33, exceptionMessage=null)
16:26:17.625 [http-nio-9999-exec-10] INFO  com.example.tripadvisor.aop.LogAOP - Log(url=/backstage/admin/updateRole, visitTime=Mon Jun 26 16:26:17 CST 2023, username=1, ip=0:0:0:0:0:0:0:1, executionTime=16, exceptionMessage=null)
16:26:17.649 [http-nio-9999-exec-8] INFO  com.example.tripadvisor.aop.LogAOP - Log(url=/backstage/admin/all, visitTime=Mon Jun 26 16:26:17 CST 2023, username=1, ip=0:0:0:0:0:0:0:1, executionTime=16, exceptionMessage=null)
16:26:19.327 [http-nio-9999-exec-2] INFO  com.example.tripadvisor.aop.LogAOP - Log(url=/backstage/admin/desc, visitTime=Mon Jun 26 16:26:19 CST 2023, username=1, ip=0:0:0:0:0:0:0:1, executionTime=8, exceptionMessage=null)
16:26:24.832 [http-nio-9999-exec-8] INFO  com.example.tripadvisor.aop.LogAOP - Log(url=/backstage/admin/all, visitTime=Mon Jun 26 16:26:24 CST 2023, username=1, ip=0:0:0:0:0:0:0:1, executionTime=9, exceptionMessage=null)
16:26:27.942 [http-nio-9999-exec-6] INFO  com.example.tripadvisor.aop.LogAOP - Log(url=/backstage/admin/updateStatus, visitTime=Mon Jun 26 16:26:27 CST 2023, username=1, ip=0:0:0:0:0:0:0:1, executionTime=22, exceptionMessage=null)
16:26:27.965 [http-nio-9999-exec-1] INFO  com.example.tripadvisor.aop.LogAOP - Log(url=/backstage/admin/all, visitTime=Mon Jun 26 16:26:27 CST 2023, username=1, ip=0:0:0:0:0:0:0:1, executionTime=6, exceptionMessage=null)
16:26:29.086 [http-nio-9999-exec-7] INFO  com.example.tripadvisor.aop.LogAOP - Log(url=/backstage/admin/updateStatus, visitTime=Mon Jun 26 16:26:29 CST 2023, username=1, ip=0:0:0:0:0:0:0:1, executionTime=9, exceptionMessage=null)
16:26:29.114 [http-nio-9999-exec-9] INFO  com.example.tripadvisor.aop.LogAOP - Log(url=/backstage/admin/all, visitTime=Mon Jun 26 16:26:29 CST 2023, username=1, ip=0:0:0:0:0:0:0:1, executionTime=20, exceptionMessage=null)
16:26:33.099 [http-nio-9999-exec-10] INFO  com.example.tripadvisor.aop.LogAOP - Log(url=/backstage/admin/updateStatus, visitTime=Mon Jun 26 16:26:33 CST 2023, username=1, ip=0:0:0:0:0:0:0:1, executionTime=11, exceptionMessage=null)
16:26:33.131 [http-nio-9999-exec-9] INFO  com.example.tripadvisor.aop.LogAOP - Log(url=/backstage/admin/all, visitTime=Mon Jun 26 16:26:33 CST 2023, username=1, ip=0:0:0:0:0:0:0:1, executionTime=23, exceptionMessage=null)
16:26:34.711 [http-nio-9999-exec-9] INFO  com.example.tripadvisor.aop.LogAOP - Log(url=/backstage/admin/updateStatus, visitTime=Mon Jun 26 16:26:34 CST 2023, username=1, ip=0:0:0:0:0:0:0:1, executionTime=21, exceptionMessage=null)
16:26:34.738 [http-nio-9999-exec-7] INFO  com.example.tripadvisor.aop.LogAOP - Log(url=/backstage/admin/all, visitTime=Mon Jun 26 16:26:34 CST 2023, username=1, ip=0:0:0:0:0:0:0:1, executionTime=17, exceptionMessage=null)
16:26:39.107 [http-nio-9999-exec-5] INFO  com.example.tripadvisor.aop.LogAOP - Log(url=/backstage/admin/updateStatus, visitTime=Mon Jun 26 16:26:39 CST 2023, username=1, ip=0:0:0:0:0:0:0:1, executionTime=10, exceptionMessage=null)
16:26:39.122 [http-nio-9999-exec-10] INFO  com.example.tripadvisor.aop.LogAOP - Log(url=/backstage/admin/all, visitTime=Mon Jun 26 16:26:39 CST 2023, username=1, ip=0:0:0:0:0:0:0:1, executionTime=9, exceptionMessage=null)
16:26:42.777 [http-nio-9999-exec-8] INFO  com.example.tripadvisor.aop.LogAOP - Log(url=/backstage/admin/updateStatus, visitTime=Mon Jun 26 16:26:42 CST 2023, username=1, ip=0:0:0:0:0:0:0:1, executionTime=8, exceptionMessage=null)
16:26:42.808 [http-nio-9999-exec-7] INFO  com.example.tripadvisor.aop.LogAOP - Log(url=/backstage/admin/all, visitTime=Mon Jun 26 16:26:42 CST 2023, username=1, ip=0:0:0:0:0:0:0:1, executionTime=15, exceptionMessage=null)
16:26:56.967 [http-nio-9999-exec-1] INFO  com.example.tripadvisor.aop.LogAOP - Log(url=/backstage/memberB/RA, visitTime=Mon Jun 26 16:26:56 CST 2023, username=sheevpalpatine0, ip=0:0:0:0:0:0:0:1, executionTime=38, exceptionMessage=null)
16:26:57.932 [http-nio-9999-exec-7] INFO  com.example.tripadvisor.aop.LogAOP - Log(url=/backstage/memberB/allRB, visitTime=Mon Jun 26 16:26:57 CST 2023, username=sheevpalpatine0, ip=0:0:0:0:0:0:0:1, executionTime=9, exceptionMessage=null)
16:26:58.929 [http-nio-9999-exec-3] INFO  com.example.tripadvisor.aop.LogAOP - Log(url=/backstage/memberB/allRD, visitTime=Mon Jun 26 16:26:58 CST 2023, username=sheevpalpatine0, ip=0:0:0:0:0:0:0:1, executionTime=28, exceptionMessage=null)
16:27:08.827 [http-nio-9999-exec-4] INFO  com.example.tripadvisor.aop.LogAOP - Log(url=/backstage/admin/all, visitTime=Mon Jun 26 16:27:08 CST 2023, username=1, ip=0:0:0:0:0:0:0:1, executionTime=21, exceptionMessage=null)
16:27:17.571 [http-nio-9999-exec-2] INFO  com.example.tripadvisor.aop.LogAOP - Log(url=/backstage/admin/updateStatus, visitTime=Mon Jun 26 16:27:17 CST 2023, username=1, ip=0:0:0:0:0:0:0:1, executionTime=13, exceptionMessage=null)
16:27:17.599 [http-nio-9999-exec-10] INFO  com.example.tripadvisor.aop.LogAOP - Log(url=/backstage/admin/all, visitTime=Mon Jun 26 16:27:17 CST 2023, username=1, ip=0:0:0:0:0:0:0:1, executionTime=9, exceptionMessage=null)
16:27:30.520 [http-nio-9999-exec-8] INFO  com.example.tripadvisor.aop.LogAOP - Log(url=/backstage/admin/all, visitTime=Mon Jun 26 16:27:30 CST 2023, username=1, ip=0:0:0:0:0:0:0:1, executionTime=8, exceptionMessage=null)
16:27:32.717 [http-nio-9999-exec-8] INFO  com.example.tripadvisor.aop.LogAOP - Log(url=/backstage/role/all, visitTime=Mon Jun 26 16:27:32 CST 2023, username=1, ip=0:0:0:0:0:0:0:1, executionTime=18, exceptionMessage=null)
16:27:35.223 [http-nio-9999-exec-8] INFO  com.example.tripadvisor.aop.LogAOP - Log(url=/backstage/role/edit, visitTime=Mon Jun 26 16:27:35 CST 2023, username=1, ip=0:0:0:0:0:0:0:1, executionTime=7, exceptionMessage=null)
16:27:37.460 [http-nio-9999-exec-10] INFO  com.example.tripadvisor.aop.LogAOP - Log(url=/backstage/role/all, visitTime=Mon Jun 26 16:27:37 CST 2023, username=1, ip=0:0:0:0:0:0:0:1, executionTime=8, exceptionMessage=null)
16:27:43.425 [http-nio-9999-exec-5] INFO  com.example.tripadvisor.aop.LogAOP - Log(url=/backstage/role/add, visitTime=Mon Jun 26 16:27:43 CST 2023, username=1, ip=0:0:0:0:0:0:0:1, executionTime=9, exceptionMessage=null)
16:27:43.456 [http-nio-9999-exec-9] INFO  com.example.tripadvisor.aop.LogAOP - Log(url=/backstage/role/all, visitTime=Mon Jun 26 16:27:43 CST 2023, username=1, ip=0:0:0:0:0:0:0:1, executionTime=21, exceptionMessage=null)
16:27:47.160 [http-nio-9999-exec-1] INFO  com.example.tripadvisor.aop.LogAOP - Log(url=/backstage/role/delete, visitTime=Mon Jun 26 16:27:47 CST 2023, username=1, ip=0:0:0:0:0:0:0:1, executionTime=9, exceptionMessage=null)
16:27:47.190 [http-nio-9999-exec-7] INFO  com.example.tripadvisor.aop.LogAOP - Log(url=/backstage/role/all, visitTime=Mon Jun 26 16:27:47 CST 2023, username=1, ip=0:0:0:0:0:0:0:1, executionTime=8, exceptionMessage=null)
16:27:53.963 [http-nio-9999-exec-6] INFO  com.example.tripadvisor.aop.LogAOP - Log(url=/backstage/permission/all, visitTime=Mon Jun 26 16:27:53 CST 2023, username=1, ip=0:0:0:0:0:0:0:1, executionTime=15, exceptionMessage=null)
16:27:58.123 [http-nio-9999-exec-10] INFO  com.example.tripadvisor.aop.LogAOP - Log(url=/backstage/product/all, visitTime=Mon Jun 26 16:27:58 CST 2023, username=1, ip=0:0:0:0:0:0:0:1, executionTime=19, exceptionMessage=null)
16:28:10.082 [http-nio-9999-exec-3] INFO  com.example.tripadvisor.aop.LogAOP - Log(url=/backstage/product/delete, visitTime=Mon Jun 26 16:28:10 CST 2023, username=1, ip=0:0:0:0:0:0:0:1, executionTime=16, exceptionMessage=null)
16:28:10.108 [http-nio-9999-exec-9] INFO  com.example.tripadvisor.aop.LogAOP - Log(url=/backstage/product/all, visitTime=Mon Jun 26 16:28:10 CST 2023, username=1, ip=0:0:0:0:0:0:0:1, executionTime=19, exceptionMessage=null)
16:28:15.103 [http-nio-9999-exec-4] INFO  com.example.tripadvisor.aop.LogAOP - Log(url=/backstage/product/edit, visitTime=Mon Jun 26 16:28:15 CST 2023, username=1, ip=0:0:0:0:0:0:0:1, executionTime=11, exceptionMessage=null)
16:28:18.324 [http-nio-9999-exec-2] INFO  com.example.tripadvisor.aop.LogAOP - Log(url=/backstage/product/all, visitTime=Mon Jun 26 16:28:18 CST 2023, username=1, ip=0:0:0:0:0:0:0:1, executionTime=9, exceptionMessage=null)
16:28:21.792 [http-nio-9999-exec-4] INFO  com.example.tripadvisor.aop.LogAOP - Log(url=/backstage/product/updateStatus, visitTime=Mon Jun 26 16:28:21 CST 2023, username=1, ip=0:0:0:0:0:0:0:1, executionTime=17, exceptionMessage=null)
16:28:21.824 [http-nio-9999-exec-7] INFO  com.example.tripadvisor.aop.LogAOP - Log(url=/backstage/product/all, visitTime=Mon Jun 26 16:28:21 CST 2023, username=1, ip=0:0:0:0:0:0:0:1, executionTime=16, exceptionMessage=null)
16:28:28.102 [http-nio-9999-exec-2] INFO  com.example.tripadvisor.aop.LogAOP - Log(url=/backstage/product/updateStatus, visitTime=Mon Jun 26 16:28:28 CST 2023, username=1, ip=0:0:0:0:0:0:0:1, executionTime=10, exceptionMessage=null)
16:28:28.143 [http-nio-9999-exec-5] INFO  com.example.tripadvisor.aop.LogAOP - Log(url=/backstage/product/all, visitTime=Mon Jun 26 16:28:28 CST 2023, username=1, ip=0:0:0:0:0:0:0:1, executionTime=29, exceptionMessage=null)
16:28:30.175 [http-nio-9999-exec-9] INFO  com.example.tripadvisor.aop.LogAOP - Log(url=/backstage/category/all, visitTime=Mon Jun 26 16:28:30 CST 2023, username=1, ip=0:0:0:0:0:0:0:1, executionTime=14, exceptionMessage=null)
16:28:44.425 [http-nio-9999-exec-3] INFO  com.example.tripadvisor.aop.LogAOP - Log(url=/backstage/category/add, visitTime=Mon Jun 26 16:28:44 CST 2023, username=1, ip=0:0:0:0:0:0:0:1, executionTime=16, exceptionMessage=null)
16:28:44.443 [http-nio-9999-exec-8] INFO  com.example.tripadvisor.aop.LogAOP - Log(url=/backstage/category/all, visitTime=Mon Jun 26 16:28:44 CST 2023, username=1, ip=0:0:0:0:0:0:0:1, executionTime=6, exceptionMessage=null)
16:28:51.990 [http-nio-9999-exec-6] INFO  com.example.tripadvisor.aop.LogAOP - Log(url=/backstage/memberB/RA, visitTime=Mon Jun 26 16:28:51 CST 2023, username=1, ip=0:0:0:0:0:0:0:1, executionTime=7, exceptionMessage=null)
16:28:54.789 [http-nio-9999-exec-5] INFO  com.example.tripadvisor.aop.LogAOP - Log(url=/backstage/memberB/allRB, visitTime=Mon Jun 26 16:28:54 CST 2023, username=1, ip=0:0:0:0:0:0:0:1, executionTime=12, exceptionMessage=null)
16:28:55.574 [http-nio-9999-exec-8] INFO  com.example.tripadvisor.aop.LogAOP - Log(url=/backstage/memberB/allRF, visitTime=Mon Jun 26 16:28:55 CST 2023, username=1, ip=0:0:0:0:0:0:0:1, executionTime=9, exceptionMessage=null)
16:28:59.963 [http-nio-9999-exec-6] INFO  com.example.tripadvisor.aop.LogAOP - Log(url=/backstage/memberB/edit, visitTime=Mon Jun 26 16:28:59 CST 2023, username=1, ip=0:0:0:0:0:0:0:1, executionTime=3, exceptionMessage=null)
16:29:03.657 [http-nio-9999-exec-9] INFO  com.example.tripadvisor.aop.LogAOP - Log(url=/backstage/memberB/update, visitTime=Mon Jun 26 16:29:03 CST 2023, username=1, ip=0:0:0:0:0:0:0:1, executionTime=9, exceptionMessage=null)
16:29:05.407 [http-nio-9999-exec-1] INFO  com.example.tripadvisor.aop.LogAOP - Log(url=/backstage/memberB/RA, visitTime=Mon Jun 26 16:29:05 CST 2023, username=1, ip=0:0:0:0:0:0:0:1, executionTime=8, exceptionMessage=null)
16:42:44.498 [http-nio-9999-exec-4] INFO  com.example.tripadvisor.aop.LogAOP - Log(url=/backstage/admin/all, visitTime=Mon Jun 26 16:42:44 CST 2023, username=1, ip=0:0:0:0:0:0:0:1, executionTime=12, exceptionMessage=null)
16:42:46.907 [http-nio-9999-exec-3] INFO  com.example.tripadvisor.aop.LogAOP - Log(url=/backstage/category/all, visitTime=Mon Jun 26 16:42:46 CST 2023, username=1, ip=0:0:0:0:0:0:0:1, executionTime=8, exceptionMessage=null)
16:42:49.941 [http-nio-9999-exec-2] INFO  com.example.tripadvisor.aop.LogAOP - Log(url=/backstage/category/delete, visitTime=Mon Jun 26 16:42:49 CST 2023, username=1, ip=0:0:0:0:0:0:0:1, executionTime=9, exceptionMessage=null)
16:42:49.951 [http-nio-9999-exec-3] INFO  com.example.tripadvisor.aop.LogAOP - Log(url=/backstage/category/all, visitTime=Mon Jun 26 16:42:49 CST 2023, username=1, ip=0:0:0:0:0:0:0:1, executionTime=5, exceptionMessage=null)
